08-06 09:41 root         DEBUG    - train_multimodel - MainProcess - start script
08-06 09:41 root         INFO     - train_multimodel - MainProcess - TRAIN: [(2, 1), (2, 2), (2, 3), (2, 4), (3, 1), (3, 2), (3, 3), (3, 4), (3, 5), (4, 1), (4, 2), (4, 3), (4, 4)] VAL: [(5, 1), (5, 2), (5, 3), (5, 4)] , TEST: 1
08-06 09:41 root         INFO     - train_multimodel - MainProcess - TRAIN: [(1, 1), (1, 2), (1, 3), (1, 4), (3, 1), (3, 2), (3, 3), (3, 4), (3, 5), (4, 1), (4, 2), (4, 3), (4, 4)] VAL: [(5, 1), (5, 2), (5, 3), (5, 4)] , TEST: 2
08-06 09:41 root         INFO     - train_multimodel - MainProcess - TRAIN: [(1, 1), (1, 2), (1, 3), (1, 4), (2, 1), (2, 2), (2, 3), (2, 4), (4, 1), (4, 2), (4, 3), (4, 4)] VAL: [(5, 1), (5, 2), (5, 3), (5, 4)] , TEST: 3
08-06 09:41 root         INFO     - train_multimodel - MainProcess - training model test_3
08-06 09:41 root         DEBUG    - train_multimodel - MainProcess - creating train & val generators
08-06 09:41 root         DEBUG    - train_proccesses - random_batch_indexes - start random_batch_indexes
08-06 09:41 root         DEBUG    - train_proccesses - collect_batch - start collect_batch
08-06 09:41 root         DEBUG    - train_proccesses - MainProcess - start batch generator
08-06 09:42 root         INFO     - train_proccesses - MainProcess - finished
08-06 09:42 root         INFO     - train_multimodel - MainProcess - training combined model
08-06 09:42 root         DEBUG    - train_proccesses - random_batch_indexes - start random_batch_indexes
08-06 09:42 root         DEBUG    - train_proccesses - collect_batch - start collect_batch
08-06 09:43 root         DEBUG    - train_proccesses - MainProcess - start batch generator
08-06 09:50 root         DEBUG    - train_tools - MainProcess - epoch 0 loss 1.06394 acc 0.60753 fmeasure 0.66740 val_loss 0.92271 val_acc 0.66288 val_fmeasure0.74679 
08-06 09:58 root         DEBUG    - train_tools - MainProcess - epoch 1 loss 0.69628 acc 0.80841 fmeasure 0.81102 val_loss 0.57618 val_acc 0.84594 val_fmeasure0.84901 
08-06 10:05 root         DEBUG    - train_tools - MainProcess - epoch 2 loss 0.49984 acc 0.87193 fmeasure 0.87420 val_loss 0.59936 val_acc 0.81247 val_fmeasure0.84079 
08-06 10:13 root         DEBUG    - train_tools - MainProcess - epoch 3 loss 0.41392 acc 0.88431 fmeasure 0.88622 val_loss 0.40488 val_acc 0.87029 val_fmeasure0.87528 
08-06 10:21 root         DEBUG    - train_tools - MainProcess - epoch 4 loss 0.35996 acc 0.89263 fmeasure 0.89424 val_loss 0.36580 val_acc 0.87800 val_fmeasure0.88400 
08-06 10:28 root         DEBUG    - train_tools - MainProcess - epoch 5 loss 0.32056 acc 0.89957 fmeasure 0.90096 val_loss 0.33206 val_acc 0.88389 val_fmeasure0.88868 
08-06 10:36 root         DEBUG    - train_tools - MainProcess - epoch 6 loss 0.28942 acc 0.90768 fmeasure 0.90889 val_loss 0.31205 val_acc 0.88608 val_fmeasure0.88872 
08-06 10:44 root         DEBUG    - train_tools - MainProcess - epoch 7 loss 0.26519 acc 0.91473 fmeasure 0.91575 val_loss 0.29940 val_acc 0.89443 val_fmeasure0.89977 
08-06 10:51 root         DEBUG    - train_tools - MainProcess - epoch 8 loss 0.24926 acc 0.91929 fmeasure 0.92030 val_loss 0.30909 val_acc 0.89399 val_fmeasure0.90166 
08-06 10:59 root         DEBUG    - train_tools - MainProcess - epoch 9 loss 0.23386 acc 0.92494 fmeasure 0.92586 val_loss 0.28923 val_acc 0.88699 val_fmeasure0.88597 
08-06 11:07 root         DEBUG    - train_tools - MainProcess - epoch 10 loss 0.22391 acc 0.92808 fmeasure 0.92898 val_loss 0.28743 val_acc 0.90170 val_fmeasure0.90848 
08-06 11:14 root         DEBUG    - train_tools - MainProcess - epoch 11 loss 0.21633 acc 0.93044 fmeasure 0.93134 val_loss 0.25916 val_acc 0.90376 val_fmeasure0.90643 
08-06 11:22 root         DEBUG    - train_tools - MainProcess - epoch 12 loss 0.20954 acc 0.93321 fmeasure 0.93408 val_loss 0.25425 val_acc 0.90706 val_fmeasure0.91020 
08-06 11:30 root         DEBUG    - train_tools - MainProcess - epoch 13 loss 0.20485 acc 0.93428 fmeasure 0.93516 val_loss 0.25067 val_acc 0.90490 val_fmeasure0.90681 
08-06 11:37 root         DEBUG    - train_tools - MainProcess - epoch 14 loss 0.19953 acc 0.93569 fmeasure 0.93653 val_loss 0.25437 val_acc 0.90015 val_fmeasure0.90023 
08-06 11:45 root         DEBUG    - train_tools - MainProcess - epoch 15 loss 0.19607 acc 0.93715 fmeasure 0.93798 val_loss 0.25463 val_acc 0.91029 val_fmeasure0.91527 
08-06 11:53 root         DEBUG    - train_tools - MainProcess - epoch 16 loss 0.19353 acc 0.93791 fmeasure 0.93879 val_loss 0.26279 val_acc 0.90968 val_fmeasure0.91550 
08-06 12:01 root         DEBUG    - train_tools - MainProcess - epoch 17 loss 0.19037 acc 0.93895 fmeasure 0.93982 val_loss 0.23906 val_acc 0.90992 val_fmeasure0.91203 
08-06 12:08 root         DEBUG    - train_tools - MainProcess - epoch 18 loss 0.18897 acc 0.93972 fmeasure 0.94062 val_loss 0.25559 val_acc 0.89679 val_fmeasure0.89561 
08-06 12:16 root         DEBUG    - train_tools - MainProcess - epoch 19 loss 0.18402 acc 0.94140 fmeasure 0.94224 val_loss 0.23375 val_acc 0.91393 val_fmeasure0.91684 
08-06 12:24 root         DEBUG    - train_tools - MainProcess - epoch 20 loss 0.18352 acc 0.94132 fmeasure 0.94216 val_loss 0.24194 val_acc 0.90595 val_fmeasure0.90740 
08-06 12:31 root         DEBUG    - train_tools - MainProcess - epoch 21 loss 0.18030 acc 0.94275 fmeasure 0.94361 val_loss 0.23288 val_acc 0.91309 val_fmeasure0.91552 
08-06 12:39 root         DEBUG    - train_tools - MainProcess - epoch 22 loss 0.17873 acc 0.94302 fmeasure 0.94390 val_loss 0.23053 val_acc 0.91487 val_fmeasure0.91776 
08-06 12:47 root         DEBUG    - train_tools - MainProcess - epoch 23 loss 0.17827 acc 0.94269 fmeasure 0.94357 val_loss 0.23353 val_acc 0.91154 val_fmeasure0.91307 
08-06 12:54 root         DEBUG    - train_tools - MainProcess - epoch 24 loss 0.17624 acc 0.94360 fmeasure 0.94448 val_loss 0.25983 val_acc 0.89440 val_fmeasure0.89200 
08-06 13:02 root         DEBUG    - train_tools - MainProcess - epoch 25 loss 0.17486 acc 0.94373 fmeasure 0.94458 val_loss 0.23180 val_acc 0.91618 val_fmeasure0.91990 
08-06 13:10 root         DEBUG    - train_tools - MainProcess - epoch 26 loss 0.17338 acc 0.94440 fmeasure 0.94528 val_loss 0.22997 val_acc 0.91659 val_fmeasure0.92052 
08-06 13:17 root         DEBUG    - train_tools - MainProcess - epoch 27 loss 0.17265 acc 0.94475 fmeasure 0.94562 val_loss 0.23806 val_acc 0.90672 val_fmeasure0.90616 
08-06 13:25 root         DEBUG    - train_tools - MainProcess - epoch 28 loss 0.17173 acc 0.94479 fmeasure 0.94570 val_loss 0.23890 val_acc 0.90463 val_fmeasure0.90409 
08-06 13:33 root         DEBUG    - train_tools - MainProcess - epoch 29 loss 0.16959 acc 0.94548 fmeasure 0.94635 val_loss 0.22375 val_acc 0.91709 val_fmeasure0.92004 
08-06 13:40 root         DEBUG    - train_tools - MainProcess - epoch 30 loss 0.17005 acc 0.94527 fmeasure 0.94618 val_loss 0.22558 val_acc 0.91383 val_fmeasure0.91555 
08-06 13:48 root         DEBUG    - train_tools - MainProcess - epoch 31 loss 0.16800 acc 0.94591 fmeasure 0.94679 val_loss 0.23929 val_acc 0.90632 val_fmeasure0.90599 
08-06 13:56 root         DEBUG    - train_tools - MainProcess - epoch 32 loss 0.16626 acc 0.94654 fmeasure 0.94741 val_loss 0.23729 val_acc 0.90760 val_fmeasure0.90793 
08-06 14:03 root         DEBUG    - train_tools - MainProcess - epoch 33 loss 0.16537 acc 0.94688 fmeasure 0.94776 val_loss 0.21894 val_acc 0.91874 val_fmeasure0.92167 
08-06 14:11 root         DEBUG    - train_tools - MainProcess - epoch 34 loss 0.16659 acc 0.94638 fmeasure 0.94731 val_loss 0.21987 val_acc 0.91773 val_fmeasure0.92080 
08-06 14:19 root         DEBUG    - train_tools - MainProcess - epoch 35 loss 0.16310 acc 0.94780 fmeasure 0.94867 val_loss 0.25019 val_acc 0.90039 val_fmeasure0.89838 
08-06 14:27 root         DEBUG    - train_tools - MainProcess - epoch 36 loss 0.16334 acc 0.94754 fmeasure 0.94846 val_loss 0.22060 val_acc 0.91588 val_fmeasure0.91809 
08-06 14:34 root         DEBUG    - train_tools - MainProcess - epoch 37 loss 0.16224 acc 0.94750 fmeasure 0.94840 val_loss 0.22823 val_acc 0.91137 val_fmeasure0.91252 
08-06 14:42 root         DEBUG    - train_tools - MainProcess - epoch 38 loss 0.16227 acc 0.94764 fmeasure 0.94856 val_loss 0.22590 val_acc 0.91379 val_fmeasure0.91504 
08-06 14:50 root         DEBUG    - train_tools - MainProcess - epoch 39 loss 0.16054 acc 0.94813 fmeasure 0.94902 val_loss 0.22429 val_acc 0.91386 val_fmeasure0.91452 
08-06 14:57 root         DEBUG    - train_tools - MainProcess - epoch 40 loss 0.16111 acc 0.94763 fmeasure 0.94854 val_loss 0.22442 val_acc 0.91292 val_fmeasure0.91439 
08-06 15:05 root         DEBUG    - train_tools - MainProcess - epoch 41 loss 0.15990 acc 0.94854 fmeasure 0.94944 val_loss 0.22270 val_acc 0.91898 val_fmeasure0.92345 
08-06 15:13 root         DEBUG    - train_tools - MainProcess - epoch 42 loss 0.15843 acc 0.94903 fmeasure 0.94991 val_loss 0.22170 val_acc 0.91982 val_fmeasure0.92359 
08-06 15:20 root         DEBUG    - train_tools - MainProcess - epoch 43 loss 0.15823 acc 0.94906 fmeasure 0.94995 val_loss 0.21951 val_acc 0.91891 val_fmeasure0.92169 
08-06 15:28 root         DEBUG    - train_tools - MainProcess - epoch 44 loss 0.15765 acc 0.94880 fmeasure 0.94971 val_loss 0.21551 val_acc 0.91874 val_fmeasure0.92140 
08-06 15:36 root         DEBUG    - train_tools - MainProcess - epoch 45 loss 0.15749 acc 0.94890 fmeasure 0.94983 val_loss 0.23710 val_acc 0.90867 val_fmeasure0.90775 
08-06 15:43 root         DEBUG    - train_tools - MainProcess - epoch 46 loss 0.15723 acc 0.94908 fmeasure 0.94999 val_loss 0.21684 val_acc 0.91777 val_fmeasure0.91973 
08-06 15:51 root         DEBUG    - train_tools - MainProcess - epoch 47 loss 0.15638 acc 0.94919 fmeasure 0.95011 val_loss 0.21721 val_acc 0.91881 val_fmeasure0.92052 
08-06 15:59 root         DEBUG    - train_tools - MainProcess - epoch 48 loss 0.15543 acc 0.94975 fmeasure 0.95066 val_loss 0.21921 val_acc 0.91975 val_fmeasure0.92372 
08-06 16:07 root         DEBUG    - train_tools - MainProcess - epoch 49 loss 0.15358 acc 0.95037 fmeasure 0.95127 val_loss 0.25768 val_acc 0.89601 val_fmeasure0.89250 
08-06 16:14 root         DEBUG    - train_tools - MainProcess - epoch 50 loss 0.15490 acc 0.94997 fmeasure 0.95092 val_loss 0.21504 val_acc 0.91938 val_fmeasure0.92145 
08-06 16:22 root         DEBUG    - train_tools - MainProcess - epoch 51 loss 0.15358 acc 0.95036 fmeasure 0.95128 val_loss 0.21346 val_acc 0.91925 val_fmeasure0.92147 
08-06 16:30 root         DEBUG    - train_tools - MainProcess - epoch 52 loss 0.15318 acc 0.95043 fmeasure 0.95137 val_loss 0.22760 val_acc 0.91171 val_fmeasure0.91160 
08-06 16:37 root         DEBUG    - train_tools - MainProcess - epoch 53 loss 0.15300 acc 0.95028 fmeasure 0.95121 val_loss 0.21653 val_acc 0.92134 val_fmeasure0.92481 
08-06 16:45 root         DEBUG    - train_tools - MainProcess - epoch 54 loss 0.15158 acc 0.95106 fmeasure 0.95198 val_loss 0.22055 val_acc 0.92026 val_fmeasure0.92468 
08-06 16:53 root         DEBUG    - train_tools - MainProcess - epoch 55 loss 0.15194 acc 0.95048 fmeasure 0.95142 val_loss 0.21517 val_acc 0.91969 val_fmeasure0.92259 
08-06 17:00 root         DEBUG    - train_tools - MainProcess - epoch 56 loss 0.15105 acc 0.95075 fmeasure 0.95167 val_loss 0.21278 val_acc 0.91996 val_fmeasure0.92247 
08-06 17:08 root         DEBUG    - train_tools - MainProcess - epoch 57 loss 0.15052 acc 0.95143 fmeasure 0.95237 val_loss 0.21666 val_acc 0.91878 val_fmeasure0.92160 
08-06 17:16 root         DEBUG    - train_tools - MainProcess - epoch 58 loss 0.14974 acc 0.95133 fmeasure 0.95228 val_loss 0.23008 val_acc 0.90874 val_fmeasure0.90855 
08-06 17:23 root         DEBUG    - train_tools - MainProcess - epoch 59 loss 0.14997 acc 0.95103 fmeasure 0.95200 val_loss 0.21905 val_acc 0.91551 val_fmeasure0.91672 
08-06 17:31 root         DEBUG    - train_tools - MainProcess - epoch 60 loss 0.14983 acc 0.95124 fmeasure 0.95218 val_loss 0.24466 val_acc 0.90221 val_fmeasure0.90038 
08-06 17:39 root         DEBUG    - train_tools - MainProcess - epoch 61 loss 0.14878 acc 0.95144 fmeasure 0.95239 val_loss 0.22206 val_acc 0.91339 val_fmeasure0.91348 
08-06 17:46 root         DEBUG    - train_tools - MainProcess - epoch 62 loss 0.14907 acc 0.95111 fmeasure 0.95209 val_loss 0.25189 val_acc 0.89847 val_fmeasure0.89560 
08-06 17:54 root         DEBUG    - train_tools - MainProcess - epoch 63 loss 0.14869 acc 0.95162 fmeasure 0.95257 val_loss 0.22574 val_acc 0.91309 val_fmeasure0.91385 
08-06 18:02 root         DEBUG    - train_tools - MainProcess - epoch 64 loss 0.14743 acc 0.95198 fmeasure 0.95293 val_loss 0.21565 val_acc 0.91565 val_fmeasure0.91643 
08-06 18:10 root         DEBUG    - train_tools - MainProcess - epoch 65 loss 0.14776 acc 0.95193 fmeasure 0.95289 val_loss 0.23877 val_acc 0.90443 val_fmeasure0.90310 
08-06 18:17 root         DEBUG    - train_tools - MainProcess - epoch 66 loss 0.14681 acc 0.95211 fmeasure 0.95308 val_loss 0.21132 val_acc 0.91921 val_fmeasure0.92163 
08-06 18:25 root         DEBUG    - train_tools - MainProcess - epoch 67 loss 0.14637 acc 0.95201 fmeasure 0.95295 val_loss 0.21051 val_acc 0.91972 val_fmeasure0.92219 
08-06 18:33 root         DEBUG    - train_tools - MainProcess - epoch 68 loss 0.14677 acc 0.95195 fmeasure 0.95292 val_loss 0.22416 val_acc 0.91272 val_fmeasure0.91240 
08-06 18:40 root         DEBUG    - train_tools - MainProcess - epoch 69 loss 0.14556 acc 0.95237 fmeasure 0.95330 val_loss 0.21469 val_acc 0.92130 val_fmeasure0.92385 
08-06 18:48 root         DEBUG    - train_tools - MainProcess - epoch 70 loss 0.14607 acc 0.95204 fmeasure 0.95300 val_loss 0.21300 val_acc 0.91851 val_fmeasure0.92066 
08-06 18:56 root         DEBUG    - train_tools - MainProcess - epoch 71 loss 0.14480 acc 0.95253 fmeasure 0.95346 val_loss 0.22864 val_acc 0.91083 val_fmeasure0.91088 
08-06 19:03 root         DEBUG    - train_tools - MainProcess - epoch 72 loss 0.14433 acc 0.95257 fmeasure 0.95353 val_loss 0.21447 val_acc 0.91662 val_fmeasure0.91683 
08-06 19:11 root         DEBUG    - train_tools - MainProcess - epoch 73 loss 0.14543 acc 0.95241 fmeasure 0.95340 val_loss 0.21181 val_acc 0.92056 val_fmeasure0.92327 
08-06 19:19 root         DEBUG    - train_tools - MainProcess - epoch 74 loss 0.14380 acc 0.95304 fmeasure 0.95398 val_loss 0.21333 val_acc 0.91689 val_fmeasure0.91873 
08-06 19:26 root         DEBUG    - train_tools - MainProcess - epoch 75 loss 0.14367 acc 0.95264 fmeasure 0.95361 val_loss 0.20842 val_acc 0.91948 val_fmeasure0.92131 
08-06 19:34 root         DEBUG    - train_tools - MainProcess - epoch 76 loss 0.14270 acc 0.95334 fmeasure 0.95428 val_loss 0.22008 val_acc 0.91376 val_fmeasure0.91341 
08-06 19:42 root         DEBUG    - train_tools - MainProcess - epoch 77 loss 0.14303 acc 0.95317 fmeasure 0.95411 val_loss 0.21825 val_acc 0.91521 val_fmeasure0.91551 
08-06 19:49 root         DEBUG    - train_tools - MainProcess - epoch 78 loss 0.14233 acc 0.95329 fmeasure 0.95426 val_loss 0.21203 val_acc 0.92177 val_fmeasure0.92468 
08-06 19:57 root         DEBUG    - train_tools - MainProcess - epoch 79 loss 0.14313 acc 0.95284 fmeasure 0.95382 val_loss 0.20752 val_acc 0.92164 val_fmeasure0.92412 
08-06 20:05 root         DEBUG    - train_tools - MainProcess - epoch 80 loss 0.14238 acc 0.95359 fmeasure 0.95455 val_loss 0.21332 val_acc 0.92120 val_fmeasure0.92405 
08-06 20:13 root         DEBUG    - train_tools - MainProcess - epoch 81 loss 0.14228 acc 0.95288 fmeasure 0.95386 val_loss 0.21638 val_acc 0.91888 val_fmeasure0.92168 
08-06 20:20 root         DEBUG    - train_tools - MainProcess - epoch 82 loss 0.14107 acc 0.95356 fmeasure 0.95450 val_loss 0.22103 val_acc 0.91336 val_fmeasure0.91381 
08-06 20:28 root         DEBUG    - train_tools - MainProcess - epoch 83 loss 0.14142 acc 0.95367 fmeasure 0.95462 val_loss 0.22656 val_acc 0.91022 val_fmeasure0.90984 
08-06 20:36 root         DEBUG    - train_tools - MainProcess - epoch 84 loss 0.14094 acc 0.95364 fmeasure 0.95459 val_loss 0.20542 val_acc 0.92184 val_fmeasure0.92410 
08-06 20:43 root         DEBUG    - train_tools - MainProcess - epoch 85 loss 0.14138 acc 0.95340 fmeasure 0.95439 val_loss 0.21294 val_acc 0.91615 val_fmeasure0.91670 
08-06 20:51 root         DEBUG    - train_tools - MainProcess - epoch 86 loss 0.14047 acc 0.95385 fmeasure 0.95479 val_loss 0.21629 val_acc 0.92083 val_fmeasure0.92503 
08-06 20:59 root         DEBUG    - train_tools - MainProcess - epoch 87 loss 0.14052 acc 0.95380 fmeasure 0.95478 val_loss 0.21163 val_acc 0.92177 val_fmeasure0.92507 
08-06 21:06 root         DEBUG    - train_tools - MainProcess - epoch 88 loss 0.14022 acc 0.95372 fmeasure 0.95466 val_loss 0.21894 val_acc 0.91332 val_fmeasure0.91305 
08-06 21:14 root         DEBUG    - train_tools - MainProcess - epoch 89 loss 0.13958 acc 0.95419 fmeasure 0.95513 val_loss 0.21283 val_acc 0.91709 val_fmeasure0.91804 
08-06 21:22 root         DEBUG    - train_tools - MainProcess - epoch 90 loss 0.14108 acc 0.95368 fmeasure 0.95466 val_loss 0.20572 val_acc 0.91972 val_fmeasure0.92132 
08-06 21:30 root         DEBUG    - train_tools - MainProcess - epoch 91 loss 0.13943 acc 0.95363 fmeasure 0.95458 val_loss 0.21243 val_acc 0.91787 val_fmeasure0.91889 
08-06 21:37 root         DEBUG    - train_tools - MainProcess - epoch 92 loss 0.13940 acc 0.95428 fmeasure 0.95523 val_loss 0.20656 val_acc 0.92100 val_fmeasure0.92361 
08-06 21:45 root         DEBUG    - train_tools - MainProcess - epoch 93 loss 0.13953 acc 0.95394 fmeasure 0.95490 val_loss 0.20981 val_acc 0.91807 val_fmeasure0.91910 
08-06 21:53 root         DEBUG    - train_tools - MainProcess - epoch 94 loss 0.13928 acc 0.95390 fmeasure 0.95487 val_loss 0.20995 val_acc 0.91837 val_fmeasure0.91926 
08-06 22:00 root         DEBUG    - train_tools - MainProcess - epoch 95 loss 0.13890 acc 0.95378 fmeasure 0.95474 val_loss 0.21582 val_acc 0.91625 val_fmeasure0.91664 
08-06 22:08 root         DEBUG    - train_tools - MainProcess - epoch 96 loss 0.13767 acc 0.95471 fmeasure 0.95565 val_loss 0.22197 val_acc 0.91309 val_fmeasure0.91307 
08-06 22:16 root         DEBUG    - train_tools - MainProcess - epoch 97 loss 0.13846 acc 0.95384 fmeasure 0.95481 val_loss 0.20916 val_acc 0.92093 val_fmeasure0.92293 
08-06 22:24 root         DEBUG    - train_tools - MainProcess - epoch 98 loss 0.13733 acc 0.95462 fmeasure 0.95555 val_loss 0.20489 val_acc 0.92066 val_fmeasure0.92288 
08-06 22:31 root         DEBUG    - train_tools - MainProcess - epoch 99 loss 0.13837 acc 0.95453 fmeasure 0.95549 val_loss 0.21514 val_acc 0.91474 val_fmeasure0.91482 
08-06 22:39 root         DEBUG    - train_tools - MainProcess - epoch 100 loss 0.13715 acc 0.95493 fmeasure 0.95586 val_loss 0.20876 val_acc 0.91975 val_fmeasure0.92201 
08-06 22:47 root         DEBUG    - train_tools - MainProcess - epoch 101 loss 0.13783 acc 0.95447 fmeasure 0.95543 val_loss 0.20297 val_acc 0.92309 val_fmeasure0.92610 
08-06 22:55 root         DEBUG    - train_tools - MainProcess - epoch 102 loss 0.13767 acc 0.95423 fmeasure 0.95520 val_loss 0.21055 val_acc 0.92198 val_fmeasure0.92488 
08-06 23:02 root         DEBUG    - train_tools - MainProcess - epoch 103 loss 0.13765 acc 0.95446 fmeasure 0.95543 val_loss 0.21150 val_acc 0.91743 val_fmeasure0.91840 
08-06 23:10 root         DEBUG    - train_tools - MainProcess - epoch 104 loss 0.13737 acc 0.95434 fmeasure 0.95528 val_loss 0.20465 val_acc 0.92056 val_fmeasure0.92272 
08-06 23:18 root         DEBUG    - train_tools - MainProcess - epoch 105 loss 0.13674 acc 0.95477 fmeasure 0.95573 val_loss 0.21144 val_acc 0.91857 val_fmeasure0.91976 
08-06 23:25 root         DEBUG    - train_tools - MainProcess - epoch 106 loss 0.13646 acc 0.95492 fmeasure 0.95587 val_loss 0.20818 val_acc 0.91935 val_fmeasure0.92054 
08-06 23:33 root         DEBUG    - train_tools - MainProcess - epoch 107 loss 0.13782 acc 0.95431 fmeasure 0.95529 val_loss 0.20750 val_acc 0.91918 val_fmeasure0.92050 
08-06 23:41 root         DEBUG    - train_tools - MainProcess - epoch 108 loss 0.13692 acc 0.95450 fmeasure 0.95545 val_loss 0.20418 val_acc 0.92053 val_fmeasure0.92251 
08-06 23:48 root         DEBUG    - train_tools - MainProcess - epoch 109 loss 0.13746 acc 0.95422 fmeasure 0.95521 val_loss 0.20699 val_acc 0.91820 val_fmeasure0.91943 
08-06 23:56 root         DEBUG    - train_tools - MainProcess - epoch 110 loss 0.13613 acc 0.95468 fmeasure 0.95564 val_loss 0.21012 val_acc 0.91854 val_fmeasure0.92045 
08-07 00:04 root         DEBUG    - train_tools - MainProcess - epoch 111 loss 0.13549 acc 0.95479 fmeasure 0.95575 val_loss 0.20312 val_acc 0.92120 val_fmeasure0.92441 
08-07 00:11 root         DEBUG    - train_tools - MainProcess - epoch 112 loss 0.13569 acc 0.95484 fmeasure 0.95580 val_loss 0.21303 val_acc 0.91591 val_fmeasure0.91623 
08-07 00:19 root         DEBUG    - train_tools - MainProcess - epoch 113 loss 0.13581 acc 0.95483 fmeasure 0.95580 val_loss 0.20834 val_acc 0.92093 val_fmeasure0.92310 
08-07 00:27 root         DEBUG    - train_tools - MainProcess - epoch 114 loss 0.13527 acc 0.95524 fmeasure 0.95619 val_loss 0.22308 val_acc 0.91026 val_fmeasure0.90941 
08-07 00:34 root         DEBUG    - train_tools - MainProcess - epoch 115 loss 0.13496 acc 0.95517 fmeasure 0.95612 val_loss 0.20913 val_acc 0.92012 val_fmeasure0.92133 
08-07 00:42 root         DEBUG    - train_tools - MainProcess - epoch 116 loss 0.13448 acc 0.95538 fmeasure 0.95633 val_loss 0.21212 val_acc 0.92245 val_fmeasure0.92663 
08-07 00:42 root         INFO     - train_tools - MainProcess - loading previous weights
08-07 00:42 root         INFO     - train_tools - MainProcess - 
Epoch 116: reducing learning rate from  0.00999999977648 to 0.00799999982119
08-07 00:50 root         DEBUG    - train_tools - MainProcess - epoch 117 loss 0.13616 acc 0.95487 fmeasure 0.95583 val_loss 0.22607 val_acc 0.91123 val_fmeasure0.91113 
08-07 00:57 root         DEBUG    - train_tools - MainProcess - epoch 118 loss 0.13684 acc 0.95433 fmeasure 0.95531 val_loss 0.21414 val_acc 0.91531 val_fmeasure0.91580 
08-07 01:05 root         DEBUG    - train_tools - MainProcess - epoch 119 loss 0.13582 acc 0.95524 fmeasure 0.95619 val_loss 0.20448 val_acc 0.92080 val_fmeasure0.92300 
08-07 01:13 root         DEBUG    - train_tools - MainProcess - epoch 120 loss 0.13523 acc 0.95538 fmeasure 0.95633 val_loss 0.20500 val_acc 0.92231 val_fmeasure0.92471 
08-07 01:20 root         DEBUG    - train_tools - MainProcess - epoch 121 loss 0.13548 acc 0.95557 fmeasure 0.95652 val_loss 0.20708 val_acc 0.92107 val_fmeasure0.92324 
08-07 01:28 root         DEBUG    - train_tools - MainProcess - epoch 122 loss 0.13550 acc 0.95531 fmeasure 0.95625 val_loss 0.21400 val_acc 0.91652 val_fmeasure0.91694 
08-07 01:36 root         DEBUG    - train_tools - MainProcess - epoch 123 loss 0.13526 acc 0.95518 fmeasure 0.95613 val_loss 0.20584 val_acc 0.92278 val_fmeasure0.92632 
08-07 01:43 root         DEBUG    - train_tools - MainProcess - epoch 124 loss 0.13501 acc 0.95520 fmeasure 0.95614 val_loss 0.20501 val_acc 0.92080 val_fmeasure0.92265 
08-07 01:51 root         DEBUG    - train_tools - MainProcess - epoch 125 loss 0.13523 acc 0.95502 fmeasure 0.95597 val_loss 0.21923 val_acc 0.91322 val_fmeasure0.91324 
08-07 01:59 root         DEBUG    - train_tools - MainProcess - epoch 126 loss 0.13428 acc 0.95553 fmeasure 0.95645 val_loss 0.20969 val_acc 0.92073 val_fmeasure0.92275 
08-07 02:06 root         DEBUG    - train_tools - MainProcess - epoch 127 loss 0.13412 acc 0.95592 fmeasure 0.95685 val_loss 0.20734 val_acc 0.92278 val_fmeasure0.92550 
08-07 02:14 root         DEBUG    - train_tools - MainProcess - epoch 128 loss 0.13402 acc 0.95550 fmeasure 0.95643 val_loss 0.20296 val_acc 0.92245 val_fmeasure0.92518 
08-07 02:22 root         DEBUG    - train_tools - MainProcess - epoch 129 loss 0.13484 acc 0.95549 fmeasure 0.95644 val_loss 0.21424 val_acc 0.91608 val_fmeasure0.91720 
08-07 02:29 root         DEBUG    - train_tools - MainProcess - epoch 130 loss 0.13517 acc 0.95520 fmeasure 0.95615 val_loss 0.20340 val_acc 0.92130 val_fmeasure0.92313 
08-07 02:37 root         DEBUG    - train_tools - MainProcess - epoch 131 loss 0.13379 acc 0.95599 fmeasure 0.95693 val_loss 0.21397 val_acc 0.91659 val_fmeasure0.91724 
08-07 02:44 root         DEBUG    - train_tools - MainProcess - epoch 132 loss 0.13423 acc 0.95530 fmeasure 0.95626 val_loss 0.21983 val_acc 0.91282 val_fmeasure0.91263 
08-07 02:52 root         DEBUG    - train_tools - MainProcess - epoch 133 loss 0.13391 acc 0.95590 fmeasure 0.95682 val_loss 0.20761 val_acc 0.92262 val_fmeasure0.92580 
08-07 03:00 root         DEBUG    - train_tools - MainProcess - epoch 134 loss 0.13367 acc 0.95565 fmeasure 0.95660 val_loss 0.20497 val_acc 0.91979 val_fmeasure0.92129 
08-07 03:08 root         DEBUG    - train_tools - MainProcess - epoch 135 loss 0.13381 acc 0.95537 fmeasure 0.95632 val_loss 0.20093 val_acc 0.92231 val_fmeasure0.92438 
08-07 03:15 root         DEBUG    - train_tools - MainProcess - epoch 136 loss 0.13273 acc 0.95613 fmeasure 0.95705 val_loss 0.20446 val_acc 0.92093 val_fmeasure0.92222 
08-07 03:23 root         DEBUG    - train_tools - MainProcess - epoch 137 loss 0.13323 acc 0.95579 fmeasure 0.95672 val_loss 0.20525 val_acc 0.92157 val_fmeasure0.92399 
08-07 03:31 root         DEBUG    - train_tools - MainProcess - epoch 138 loss 0.13319 acc 0.95575 fmeasure 0.95669 val_loss 0.21543 val_acc 0.91484 val_fmeasure0.91493 
08-07 03:38 root         DEBUG    - train_tools - MainProcess - epoch 139 loss 0.13260 acc 0.95614 fmeasure 0.95706 val_loss 0.20688 val_acc 0.92006 val_fmeasure0.92163 
08-07 03:46 root         DEBUG    - train_tools - MainProcess - epoch 140 loss 0.13302 acc 0.95570 fmeasure 0.95664 val_loss 0.20605 val_acc 0.92147 val_fmeasure0.92311 
08-07 03:54 root         DEBUG    - train_tools - MainProcess - epoch 141 loss 0.13319 acc 0.95562 fmeasure 0.95655 val_loss 0.20443 val_acc 0.92238 val_fmeasure0.92534 
08-07 04:01 root         DEBUG    - train_tools - MainProcess - epoch 142 loss 0.13247 acc 0.95595 fmeasure 0.95690 val_loss 0.20543 val_acc 0.92204 val_fmeasure0.92426 
08-07 04:09 root         DEBUG    - train_tools - MainProcess - epoch 143 loss 0.13325 acc 0.95565 fmeasure 0.95659 val_loss 0.21352 val_acc 0.91662 val_fmeasure0.91718 
08-07 04:17 root         DEBUG    - train_tools - MainProcess - epoch 144 loss 0.13223 acc 0.95594 fmeasure 0.95687 val_loss 0.20943 val_acc 0.91989 val_fmeasure0.92152 
08-07 04:25 root         DEBUG    - train_tools - MainProcess - epoch 145 loss 0.13351 acc 0.95542 fmeasure 0.95637 val_loss 0.22734 val_acc 0.90965 val_fmeasure0.90857 
08-07 04:32 root         DEBUG    - train_tools - MainProcess - epoch 146 loss 0.13236 acc 0.95588 fmeasure 0.95682 val_loss 0.21175 val_acc 0.91713 val_fmeasure0.91764 
08-07 04:40 root         DEBUG    - train_tools - MainProcess - epoch 147 loss 0.13215 acc 0.95619 fmeasure 0.95712 val_loss 0.21197 val_acc 0.91837 val_fmeasure0.91931 
08-07 04:48 root         DEBUG    - train_tools - MainProcess - epoch 148 loss 0.13270 acc 0.95580 fmeasure 0.95678 val_loss 0.22440 val_acc 0.91174 val_fmeasure0.91157 
08-07 04:55 root         DEBUG    - train_tools - MainProcess - epoch 149 loss 0.13137 acc 0.95620 fmeasure 0.95714 val_loss 0.21010 val_acc 0.91817 val_fmeasure0.91853 
08-07 05:03 root         DEBUG    - train_tools - MainProcess - epoch 150 loss 0.13208 acc 0.95595 fmeasure 0.95689 val_loss 0.20860 val_acc 0.91864 val_fmeasure0.91971 
08-07 05:03 root         INFO     - train_tools - MainProcess - loading previous weights
08-07 05:03 root         INFO     - train_tools - MainProcess - 
Epoch 150: reducing learning rate from  0.00799999944866 to 0.00639999955893
08-07 05:11 root         DEBUG    - train_tools - MainProcess - epoch 151 loss 0.13274 acc 0.95592 fmeasure 0.95688 val_loss 0.21409 val_acc 0.91790 val_fmeasure0.91915 
08-07 05:18 root         DEBUG    - train_tools - MainProcess - epoch 152 loss 0.13195 acc 0.95639 fmeasure 0.95733 val_loss 0.21459 val_acc 0.91534 val_fmeasure0.91497 
08-07 05:26 root         DEBUG    - train_tools - MainProcess - epoch 153 loss 0.13244 acc 0.95616 fmeasure 0.95708 val_loss 0.20414 val_acc 0.92124 val_fmeasure0.92264 
08-07 05:34 root         DEBUG    - train_tools - MainProcess - epoch 154 loss 0.13243 acc 0.95612 fmeasure 0.95708 val_loss 0.20676 val_acc 0.92124 val_fmeasure0.92345 
08-07 05:42 root         DEBUG    - train_tools - MainProcess - epoch 155 loss 0.13251 acc 0.95590 fmeasure 0.95685 val_loss 0.20455 val_acc 0.92049 val_fmeasure0.92177 
08-07 05:49 root         DEBUG    - train_tools - MainProcess - epoch 156 loss 0.13306 acc 0.95618 fmeasure 0.95711 val_loss 0.20334 val_acc 0.92204 val_fmeasure0.92422 
08-07 05:57 root         DEBUG    - train_tools - MainProcess - epoch 157 loss 0.13167 acc 0.95633 fmeasure 0.95726 val_loss 0.20213 val_acc 0.92292 val_fmeasure0.92503 
08-07 06:05 root         DEBUG    - train_tools - MainProcess - epoch 158 loss 0.13252 acc 0.95596 fmeasure 0.95690 val_loss 0.20333 val_acc 0.92036 val_fmeasure0.92214 
08-07 06:12 root         DEBUG    - train_tools - MainProcess - epoch 159 loss 0.13150 acc 0.95640 fmeasure 0.95733 val_loss 0.21311 val_acc 0.91662 val_fmeasure0.91747 
08-07 06:20 root         DEBUG    - train_tools - MainProcess - epoch 160 loss 0.13237 acc 0.95616 fmeasure 0.95708 val_loss 0.20904 val_acc 0.92029 val_fmeasure0.92199 
08-07 06:28 root         DEBUG    - train_tools - MainProcess - epoch 161 loss 0.13243 acc 0.95617 fmeasure 0.95712 val_loss 0.21123 val_acc 0.91763 val_fmeasure0.91850 
08-07 06:35 root         DEBUG    - train_tools - MainProcess - epoch 162 loss 0.13216 acc 0.95603 fmeasure 0.95698 val_loss 0.21709 val_acc 0.91490 val_fmeasure0.91481 
08-07 06:43 root         DEBUG    - train_tools - MainProcess - epoch 163 loss 0.13114 acc 0.95687 fmeasure 0.95778 val_loss 0.20706 val_acc 0.91868 val_fmeasure0.91993 
08-07 06:51 root         DEBUG    - train_tools - MainProcess - epoch 164 loss 0.13215 acc 0.95611 fmeasure 0.95706 val_loss 0.21019 val_acc 0.91692 val_fmeasure0.91795 
08-07 06:59 root         DEBUG    - train_tools - MainProcess - epoch 165 loss 0.13115 acc 0.95625 fmeasure 0.95718 val_loss 0.20575 val_acc 0.92073 val_fmeasure0.92197 
08-07 06:59 root         INFO     - train_tools - MainProcess - loading previous weights
08-07 06:59 root         INFO     - train_tools - MainProcess - 
Epoch 165: reducing learning rate from  0.00639999937266 to 0.00511999949813
08-07 07:06 root         DEBUG    - train_tools - MainProcess - epoch 166 loss 0.13244 acc 0.95615 fmeasure 0.95710 val_loss 0.20259 val_acc 0.92177 val_fmeasure0.92359 
08-07 07:14 root         DEBUG    - train_tools - MainProcess - epoch 167 loss 0.13245 acc 0.95579 fmeasure 0.95674 val_loss 0.21849 val_acc 0.91292 val_fmeasure0.91270 
08-07 07:14 root         ERROR    - train_multimodel - MainProcess - Uncaught exception: generator already executing
None
