09-19 20:29 root         DEBUG    - train_multimodel_with_pretrained_expertes_and_gate - MainProcess - start script
09-19 20:29 root         INFO     - train_multimodel_with_pretrained_expertes_and_gate - MainProcess - TRAIN: [(2, 1), (2, 2), (2, 3), (2, 4), (3, 1), (3, 2), (3, 3), (3, 4), (3, 5), (4, 1), (4, 2), (4, 3), (4, 4)] VAL: [(5, 1), (5, 2), (5, 3), (5, 4)] , TEST: 1
09-19 20:29 root         INFO     - train_multimodel_with_pretrained_expertes_and_gate - MainProcess - training model test_1 . multimodel with pretrained expertes and gate. use parameters gate
09-19 20:29 root         DEBUG    - train_multimodel_with_pretrained_expertes_and_gate - MainProcess - creating train & val generators
09-19 20:30 root         DEBUG    - train_proccesses - random_batch_indexes - start random_batch_indexes
09-19 20:30 root         DEBUG    - train_proccesses - collect_batch - start collect_batch
09-19 20:30 root         DEBUG    - train_proccesses - MainProcess - start batch generator
09-19 20:31 root         INFO     - train_proccesses - MainProcess - finished
09-19 20:31 root         INFO     - train_multimodel_with_pretrained_expertes_and_gate - MainProcess - training combined model
09-19 20:31 root         DEBUG    - train_proccesses - random_batch_indexes - start random_batch_indexes
09-19 20:31 root         DEBUG    - train_proccesses - collect_batch - start collect_batch
09-19 20:31 root         DEBUG    - train_proccesses - MainProcess - start batch generator
09-19 20:38 root         DEBUG    - train_tools - MainProcess - epoch 0 loss 0.36799 acc 0.95680 fmeasure 0.95750 val_loss 0.43245 val_acc 0.89655 val_fmeasure0.89482 
09-19 20:44 root         DEBUG    - train_tools - MainProcess - epoch 1 loss 0.31312 acc 0.95710 fmeasure 0.95778 val_loss 0.39060 val_acc 0.89551 val_fmeasure0.89376 
09-19 20:51 root         DEBUG    - train_tools - MainProcess - epoch 2 loss 0.27571 acc 0.95729 fmeasure 0.95799 val_loss 0.36203 val_acc 0.89379 val_fmeasure0.89190 
09-19 20:58 root         DEBUG    - train_tools - MainProcess - epoch 3 loss 0.25229 acc 0.95701 fmeasure 0.95772 val_loss 0.34001 val_acc 0.89531 val_fmeasure0.89393 
09-19 21:04 root         DEBUG    - train_tools - MainProcess - epoch 4 loss 0.23506 acc 0.95706 fmeasure 0.95778 val_loss 0.32767 val_acc 0.89399 val_fmeasure0.89237 
09-19 21:11 root         DEBUG    - train_tools - MainProcess - epoch 5 loss 0.22447 acc 0.95676 fmeasure 0.95747 val_loss 0.31907 val_acc 0.89268 val_fmeasure0.89088 
09-19 21:18 root         DEBUG    - train_tools - MainProcess - epoch 6 loss 0.21573 acc 0.95707 fmeasure 0.95778 val_loss 0.31509 val_acc 0.89022 val_fmeasure0.88783 
09-19 21:25 root         DEBUG    - train_tools - MainProcess - epoch 7 loss 0.21069 acc 0.95712 fmeasure 0.95782 val_loss 0.30608 val_acc 0.89379 val_fmeasure0.89224 
09-19 21:31 root         DEBUG    - train_tools - MainProcess - epoch 8 loss 0.20621 acc 0.95738 fmeasure 0.95808 val_loss 0.30243 val_acc 0.89419 val_fmeasure0.89274 
09-19 21:38 root         DEBUG    - train_tools - MainProcess - epoch 9 loss 0.20348 acc 0.95741 fmeasure 0.95809 val_loss 0.30441 val_acc 0.88978 val_fmeasure0.88740 
09-19 21:45 root         DEBUG    - train_tools - MainProcess - epoch 10 loss 0.20173 acc 0.95716 fmeasure 0.95787 val_loss 0.30264 val_acc 0.88982 val_fmeasure0.88739 
09-19 21:51 root         DEBUG    - train_tools - MainProcess - epoch 11 loss 0.19888 acc 0.95771 fmeasure 0.95840 val_loss 0.29617 val_acc 0.89460 val_fmeasure0.89314 
09-19 21:58 root         DEBUG    - train_tools - MainProcess - epoch 12 loss 0.19783 acc 0.95772 fmeasure 0.95841 val_loss 0.30195 val_acc 0.88850 val_fmeasure0.88554 
09-19 22:05 root         DEBUG    - train_tools - MainProcess - epoch 13 loss 0.19634 acc 0.95773 fmeasure 0.95842 val_loss 0.30078 val_acc 0.88874 val_fmeasure0.88577 
09-19 22:11 root         DEBUG    - train_tools - MainProcess - epoch 14 loss 0.19551 acc 0.95782 fmeasure 0.95849 val_loss 0.29798 val_acc 0.88999 val_fmeasure0.88741 
09-19 22:18 root         DEBUG    - train_tools - MainProcess - epoch 15 loss 0.19398 acc 0.95815 fmeasure 0.95882 val_loss 0.29720 val_acc 0.89015 val_fmeasure0.88754 
09-19 22:25 root         DEBUG    - train_tools - MainProcess - epoch 16 loss 0.19452 acc 0.95770 fmeasure 0.95841 val_loss 0.29727 val_acc 0.88982 val_fmeasure0.88704 
09-19 22:32 root         DEBUG    - train_tools - MainProcess - epoch 17 loss 0.19309 acc 0.95792 fmeasure 0.95860 val_loss 0.29545 val_acc 0.89066 val_fmeasure0.88811 
09-19 22:38 root         DEBUG    - train_tools - MainProcess - epoch 18 loss 0.19251 acc 0.95786 fmeasure 0.95855 val_loss 0.29266 val_acc 0.89177 val_fmeasure0.88957 
09-19 22:45 root         DEBUG    - train_tools - MainProcess - epoch 19 loss 0.19206 acc 0.95794 fmeasure 0.95862 val_loss 0.29055 val_acc 0.89355 val_fmeasure0.89171 
09-19 22:52 root         DEBUG    - train_tools - MainProcess - epoch 20 loss 0.19126 acc 0.95802 fmeasure 0.95871 val_loss 0.29241 val_acc 0.89180 val_fmeasure0.88945 
09-19 22:58 root         DEBUG    - train_tools - MainProcess - epoch 21 loss 0.19010 acc 0.95833 fmeasure 0.95900 val_loss 0.29563 val_acc 0.88881 val_fmeasure0.88564 
09-19 23:05 root         DEBUG    - train_tools - MainProcess - epoch 22 loss 0.18966 acc 0.95823 fmeasure 0.95891 val_loss 0.29303 val_acc 0.89052 val_fmeasure0.88778 
09-19 23:12 root         DEBUG    - train_tools - MainProcess - epoch 23 loss 0.18907 acc 0.95829 fmeasure 0.95896 val_loss 0.29149 val_acc 0.89153 val_fmeasure0.88906 
09-19 23:19 root         DEBUG    - train_tools - MainProcess - epoch 24 loss 0.18892 acc 0.95858 fmeasure 0.95927 val_loss 0.29250 val_acc 0.88995 val_fmeasure0.88706 
09-19 23:25 root         DEBUG    - train_tools - MainProcess - epoch 25 loss 0.18801 acc 0.95861 fmeasure 0.95927 val_loss 0.29384 val_acc 0.88884 val_fmeasure0.88564 
09-19 23:32 root         DEBUG    - train_tools - MainProcess - epoch 26 loss 0.18800 acc 0.95859 fmeasure 0.95926 val_loss 0.28867 val_acc 0.89308 val_fmeasure0.89097 
09-19 23:38 root         DEBUG    - train_tools - MainProcess - epoch 27 loss 0.18641 acc 0.95883 fmeasure 0.95950 val_loss 0.29462 val_acc 0.88732 val_fmeasure0.88376 
09-19 23:45 root         DEBUG    - train_tools - MainProcess - epoch 28 loss 0.18672 acc 0.95861 fmeasure 0.95927 val_loss 0.29598 val_acc 0.88611 val_fmeasure0.88225 
09-19 23:52 root         DEBUG    - train_tools - MainProcess - epoch 29 loss 0.18550 acc 0.95900 fmeasure 0.95965 val_loss 0.28554 val_acc 0.89473 val_fmeasure0.89301 
09-19 23:58 root         DEBUG    - train_tools - MainProcess - epoch 30 loss 0.18475 acc 0.95918 fmeasure 0.95983 val_loss 0.29117 val_acc 0.88948 val_fmeasure0.88648 
09-20 00:05 root         DEBUG    - train_tools - MainProcess - epoch 31 loss 0.18565 acc 0.95891 fmeasure 0.95958 val_loss 0.29641 val_acc 0.88571 val_fmeasure0.88162 
09-20 00:12 root         DEBUG    - train_tools - MainProcess - epoch 32 loss 0.18469 acc 0.95909 fmeasure 0.95974 val_loss 0.29271 val_acc 0.88820 val_fmeasure0.88476 
09-20 00:19 root         DEBUG    - train_tools - MainProcess - epoch 33 loss 0.18465 acc 0.95888 fmeasure 0.95954 val_loss 0.28827 val_acc 0.89143 val_fmeasure0.88888 
09-20 00:25 root         DEBUG    - train_tools - MainProcess - epoch 34 loss 0.18545 acc 0.95804 fmeasure 0.95873 val_loss 0.28296 val_acc 0.89591 val_fmeasure0.89448 
09-20 00:32 root         DEBUG    - train_tools - MainProcess - epoch 35 loss 0.18438 acc 0.95878 fmeasure 0.95944 val_loss 0.28618 val_acc 0.89271 val_fmeasure0.89052 
09-20 00:39 root         DEBUG    - train_tools - MainProcess - epoch 36 loss 0.18519 acc 0.95816 fmeasure 0.95885 val_loss 0.29039 val_acc 0.88887 val_fmeasure0.88571 
09-20 00:45 root         DEBUG    - train_tools - MainProcess - epoch 37 loss 0.18483 acc 0.95804 fmeasure 0.95871 val_loss 0.29082 val_acc 0.88887 val_fmeasure0.88558 
09-20 00:52 root         DEBUG    - train_tools - MainProcess - epoch 38 loss 0.18384 acc 0.95855 fmeasure 0.95923 val_loss 0.29097 val_acc 0.88864 val_fmeasure0.88526 
09-20 00:59 root         DEBUG    - train_tools - MainProcess - epoch 39 loss 0.18344 acc 0.95857 fmeasure 0.95924 val_loss 0.29007 val_acc 0.88891 val_fmeasure0.88564 
09-20 01:05 root         DEBUG    - train_tools - MainProcess - epoch 40 loss 0.18347 acc 0.95834 fmeasure 0.95901 val_loss 0.29776 val_acc 0.88325 val_fmeasure0.87839 
09-20 01:12 root         DEBUG    - train_tools - MainProcess - epoch 41 loss 0.18386 acc 0.95826 fmeasure 0.95894 val_loss 0.28494 val_acc 0.89291 val_fmeasure0.89072 
09-20 01:19 root         DEBUG    - train_tools - MainProcess - epoch 42 loss 0.18168 acc 0.95916 fmeasure 0.95981 val_loss 0.29738 val_acc 0.88325 val_fmeasure0.87840 
09-20 01:25 root         DEBUG    - train_tools - MainProcess - epoch 43 loss 0.18110 acc 0.95948 fmeasure 0.96013 val_loss 0.28895 val_acc 0.88914 val_fmeasure0.88596 
09-20 01:32 root         DEBUG    - train_tools - MainProcess - epoch 44 loss 0.18215 acc 0.95873 fmeasure 0.95939 val_loss 0.29607 val_acc 0.88362 val_fmeasure0.87888 
09-20 01:39 root         DEBUG    - train_tools - MainProcess - epoch 45 loss 0.18355 acc 0.95823 fmeasure 0.95892 val_loss 0.29397 val_acc 0.88537 val_fmeasure0.88107 
09-20 01:45 root         DEBUG    - train_tools - MainProcess - epoch 46 loss 0.18163 acc 0.95868 fmeasure 0.95935 val_loss 0.28469 val_acc 0.89204 val_fmeasure0.88962 
09-20 01:52 root         DEBUG    - train_tools - MainProcess - epoch 47 loss 0.18175 acc 0.95850 fmeasure 0.95917 val_loss 0.28573 val_acc 0.89130 val_fmeasure0.88869 
09-20 01:59 root         DEBUG    - train_tools - MainProcess - epoch 48 loss 0.18246 acc 0.95848 fmeasure 0.95916 val_loss 0.28282 val_acc 0.89369 val_fmeasure0.89163 
09-20 02:05 root         DEBUG    - train_tools - MainProcess - epoch 49 loss 0.18067 acc 0.95904 fmeasure 0.95971 val_loss 0.29271 val_acc 0.88601 val_fmeasure0.88186 
09-20 02:12 root         DEBUG    - train_tools - MainProcess - epoch 50 loss 0.17995 acc 0.95918 fmeasure 0.95984 val_loss 0.28638 val_acc 0.88995 val_fmeasure0.88703 
09-20 02:18 root         DEBUG    - train_tools - MainProcess - epoch 51 loss 0.18052 acc 0.95891 fmeasure 0.95957 val_loss 0.28644 val_acc 0.88988 val_fmeasure0.88690 
09-20 02:25 root         DEBUG    - train_tools - MainProcess - epoch 52 loss 0.18005 acc 0.95886 fmeasure 0.95951 val_loss 0.28584 val_acc 0.89039 val_fmeasure0.88754 
09-20 02:32 root         DEBUG    - train_tools - MainProcess - epoch 53 loss 0.18029 acc 0.95897 fmeasure 0.95963 val_loss 0.29155 val_acc 0.88638 val_fmeasure0.88234 
09-20 02:39 root         DEBUG    - train_tools - MainProcess - epoch 54 loss 0.18141 acc 0.95811 fmeasure 0.95880 val_loss 0.29193 val_acc 0.88588 val_fmeasure0.88169 
09-20 02:45 root         DEBUG    - train_tools - MainProcess - epoch 55 loss 0.18002 acc 0.95858 fmeasure 0.95925 val_loss 0.28958 val_acc 0.88746 val_fmeasure0.88378 
09-20 02:52 root         DEBUG    - train_tools - MainProcess - epoch 56 loss 0.17995 acc 0.95877 fmeasure 0.95943 val_loss 0.28818 val_acc 0.88834 val_fmeasure0.88485 
09-20 02:58 root         DEBUG    - train_tools - MainProcess - epoch 57 loss 0.17967 acc 0.95872 fmeasure 0.95939 val_loss 0.28739 val_acc 0.88904 val_fmeasure0.88570 
09-20 03:05 root         DEBUG    - train_tools - MainProcess - epoch 58 loss 0.17951 acc 0.95889 fmeasure 0.95956 val_loss 0.27923 val_acc 0.89554 val_fmeasure0.89395 
09-20 03:12 root         DEBUG    - train_tools - MainProcess - epoch 59 loss 0.17818 acc 0.95923 fmeasure 0.95988 val_loss 0.28548 val_acc 0.88982 val_fmeasure0.88676 
09-20 03:19 root         DEBUG    - train_tools - MainProcess - epoch 60 loss 0.17868 acc 0.95874 fmeasure 0.95940 val_loss 0.28859 val_acc 0.88753 val_fmeasure0.88385 
09-20 03:25 root         DEBUG    - train_tools - MainProcess - epoch 61 loss 0.17878 acc 0.95884 fmeasure 0.95949 val_loss 0.28109 val_acc 0.89362 val_fmeasure0.89148 
09-20 03:32 root         DEBUG    - train_tools - MainProcess - epoch 62 loss 0.17867 acc 0.95853 fmeasure 0.95920 val_loss 0.28174 val_acc 0.89275 val_fmeasure0.89042 
09-20 03:39 root         DEBUG    - train_tools - MainProcess - epoch 63 loss 0.17773 acc 0.95903 fmeasure 0.95971 val_loss 0.27983 val_acc 0.89423 val_fmeasure0.89228 
09-20 03:45 root         DEBUG    - train_tools - MainProcess - epoch 64 loss 0.17868 acc 0.95877 fmeasure 0.95944 val_loss 0.28316 val_acc 0.89089 val_fmeasure0.88817 
09-20 03:52 root         DEBUG    - train_tools - MainProcess - epoch 65 loss 0.17843 acc 0.95853 fmeasure 0.95919 val_loss 0.28124 val_acc 0.89278 val_fmeasure0.89046 
09-20 03:59 root         DEBUG    - train_tools - MainProcess - epoch 66 loss 0.17910 acc 0.95800 fmeasure 0.95870 val_loss 0.28750 val_acc 0.88780 val_fmeasure0.88416 
09-20 04:05 root         DEBUG    - train_tools - MainProcess - epoch 67 loss 0.17899 acc 0.95810 fmeasure 0.95878 val_loss 0.28354 val_acc 0.89039 val_fmeasure0.88751 
09-20 04:12 root         DEBUG    - train_tools - MainProcess - epoch 68 loss 0.17724 acc 0.95874 fmeasure 0.95939 val_loss 0.28953 val_acc 0.88621 val_fmeasure0.88205 
09-20 04:19 root         DEBUG    - train_tools - MainProcess - epoch 69 loss 0.17806 acc 0.95856 fmeasure 0.95924 val_loss 0.28603 val_acc 0.88854 val_fmeasure0.88506 
09-20 04:25 root         DEBUG    - train_tools - MainProcess - epoch 70 loss 0.17717 acc 0.95895 fmeasure 0.95959 val_loss 0.28903 val_acc 0.88631 val_fmeasure0.88217 
09-20 04:32 root         DEBUG    - train_tools - MainProcess - epoch 71 loss 0.17736 acc 0.95874 fmeasure 0.95940 val_loss 0.28692 val_acc 0.88786 val_fmeasure0.88421 
09-20 04:39 root         DEBUG    - train_tools - MainProcess - epoch 72 loss 0.17768 acc 0.95842 fmeasure 0.95910 val_loss 0.28769 val_acc 0.88709 val_fmeasure0.88320 
09-20 04:46 root         DEBUG    - train_tools - MainProcess - epoch 73 loss 0.17634 acc 0.95897 fmeasure 0.95963 val_loss 0.28849 val_acc 0.88665 val_fmeasure0.88260 
09-20 04:46 root         INFO     - train_tools - MainProcess - loading previous weights
09-20 04:46 root         INFO     - train_tools - MainProcess - 
Epoch 73: reducing learning rate from  0.00999999977648 to 0.00799999982119
09-20 04:52 root         DEBUG    - train_tools - MainProcess - epoch 74 loss 0.17966 acc 0.95857 fmeasure 0.95924 val_loss 0.28702 val_acc 0.88908 val_fmeasure0.88574 
09-20 04:59 root         DEBUG    - train_tools - MainProcess - epoch 75 loss 0.17903 acc 0.95864 fmeasure 0.95932 val_loss 0.28366 val_acc 0.89103 val_fmeasure0.88834 
09-20 05:06 root         DEBUG    - train_tools - MainProcess - epoch 76 loss 0.17909 acc 0.95877 fmeasure 0.95943 val_loss 0.29543 val_acc 0.88278 val_fmeasure0.87770 
09-20 05:12 root         DEBUG    - train_tools - MainProcess - epoch 77 loss 0.17948 acc 0.95841 fmeasure 0.95907 val_loss 0.29001 val_acc 0.88625 val_fmeasure0.88217 
09-20 05:19 root         DEBUG    - train_tools - MainProcess - epoch 78 loss 0.17876 acc 0.95900 fmeasure 0.95966 val_loss 0.28225 val_acc 0.89197 val_fmeasure0.88948 
09-20 05:26 root         DEBUG    - train_tools - MainProcess - epoch 79 loss 0.17782 acc 0.95917 fmeasure 0.95983 val_loss 0.28748 val_acc 0.88820 val_fmeasure0.88467 
09-20 05:33 root         DEBUG    - train_tools - MainProcess - epoch 80 loss 0.17961 acc 0.95838 fmeasure 0.95906 val_loss 0.28964 val_acc 0.88655 val_fmeasure0.88254 
09-20 05:39 root         DEBUG    - train_tools - MainProcess - epoch 81 loss 0.17880 acc 0.95870 fmeasure 0.95938 val_loss 0.28252 val_acc 0.89167 val_fmeasure0.88912 
09-20 05:46 root         DEBUG    - train_tools - MainProcess - epoch 82 loss 0.17783 acc 0.95895 fmeasure 0.95961 val_loss 0.29086 val_acc 0.88561 val_fmeasure0.88131 
09-20 05:53 root         DEBUG    - train_tools - MainProcess - epoch 83 loss 0.17727 acc 0.95921 fmeasure 0.95986 val_loss 0.28104 val_acc 0.89315 val_fmeasure0.89089 
09-20 05:59 root         DEBUG    - train_tools - MainProcess - epoch 84 loss 0.17918 acc 0.95822 fmeasure 0.95890 val_loss 0.28703 val_acc 0.88844 val_fmeasure0.88491 
09-20 06:06 root         DEBUG    - train_tools - MainProcess - epoch 85 loss 0.17785 acc 0.95892 fmeasure 0.95957 val_loss 0.27805 val_acc 0.89551 val_fmeasure0.89382 
09-20 06:13 root         DEBUG    - train_tools - MainProcess - epoch 86 loss 0.17813 acc 0.95889 fmeasure 0.95956 val_loss 0.27871 val_acc 0.89480 val_fmeasure0.89294 
09-20 06:19 root         DEBUG    - train_tools - MainProcess - epoch 87 loss 0.17879 acc 0.95833 fmeasure 0.95901 val_loss 0.28326 val_acc 0.89069 val_fmeasure0.88778 
09-20 06:26 root         DEBUG    - train_tools - MainProcess - epoch 88 loss 0.17801 acc 0.95870 fmeasure 0.95938 val_loss 0.28567 val_acc 0.88877 val_fmeasure0.88534 
09-20 06:33 root         DEBUG    - train_tools - MainProcess - epoch 89 loss 0.17737 acc 0.95889 fmeasure 0.95954 val_loss 0.28924 val_acc 0.88625 val_fmeasure0.88204 
09-20 06:39 root         DEBUG    - train_tools - MainProcess - epoch 90 loss 0.17731 acc 0.95888 fmeasure 0.95955 val_loss 0.28735 val_acc 0.88746 val_fmeasure0.88368 
09-20 06:46 root         DEBUG    - train_tools - MainProcess - epoch 91 loss 0.17795 acc 0.95832 fmeasure 0.95901 val_loss 0.28763 val_acc 0.88712 val_fmeasure0.88327 
09-20 06:53 root         DEBUG    - train_tools - MainProcess - epoch 92 loss 0.17676 acc 0.95898 fmeasure 0.95963 val_loss 0.28353 val_acc 0.89036 val_fmeasure0.88735 
09-20 07:00 root         DEBUG    - train_tools - MainProcess - epoch 93 loss 0.17635 acc 0.95892 fmeasure 0.95959 val_loss 0.28699 val_acc 0.88759 val_fmeasure0.88384 
09-20 07:06 root         DEBUG    - train_tools - MainProcess - epoch 94 loss 0.17708 acc 0.95851 fmeasure 0.95919 val_loss 0.28857 val_acc 0.88635 val_fmeasure0.88217 
09-20 07:13 root         DEBUG    - train_tools - MainProcess - epoch 95 loss 0.17655 acc 0.95905 fmeasure 0.95970 val_loss 0.28936 val_acc 0.88598 val_fmeasure0.88168 
09-20 07:20 root         DEBUG    - train_tools - MainProcess - epoch 96 loss 0.17664 acc 0.95862 fmeasure 0.95928 val_loss 0.28695 val_acc 0.88749 val_fmeasure0.88368 
09-20 07:27 root         DEBUG    - train_tools - MainProcess - epoch 97 loss 0.17593 acc 0.95908 fmeasure 0.95973 val_loss 0.28471 val_acc 0.88884 val_fmeasure0.88541 
09-20 07:33 root         DEBUG    - train_tools - MainProcess - epoch 98 loss 0.17501 acc 0.95939 fmeasure 0.96003 val_loss 0.28137 val_acc 0.89113 val_fmeasure0.88842 
09-20 07:40 root         DEBUG    - train_tools - MainProcess - epoch 99 loss 0.17706 acc 0.95853 fmeasure 0.95920 val_loss 0.28456 val_acc 0.88891 val_fmeasure0.88551 
09-20 07:47 root         DEBUG    - train_tools - MainProcess - epoch 100 loss 0.17572 acc 0.95861 fmeasure 0.95925 val_loss 0.27571 val_acc 0.89642 val_fmeasure0.89492 
09-20 07:53 root         DEBUG    - train_tools - MainProcess - epoch 101 loss 0.17559 acc 0.95885 fmeasure 0.95951 val_loss 0.28854 val_acc 0.88601 val_fmeasure0.88169 
09-20 08:00 root         DEBUG    - train_tools - MainProcess - epoch 102 loss 0.17603 acc 0.95935 fmeasure 0.96001 val_loss 0.29283 val_acc 0.88227 val_fmeasure0.87705 
09-20 08:07 root         DEBUG    - train_tools - MainProcess - epoch 103 loss 0.17676 acc 0.95865 fmeasure 0.95933 val_loss 0.29186 val_acc 0.88376 val_fmeasure0.87888 
09-20 08:13 root         DEBUG    - train_tools - MainProcess - epoch 104 loss 0.17566 acc 0.95906 fmeasure 0.95973 val_loss 0.28933 val_acc 0.88557 val_fmeasure0.88114 
09-20 08:20 root         DEBUG    - train_tools - MainProcess - epoch 105 loss 0.17616 acc 0.95870 fmeasure 0.95936 val_loss 0.28916 val_acc 0.88561 val_fmeasure0.88117 
09-20 08:27 root         DEBUG    - train_tools - MainProcess - epoch 106 loss 0.17584 acc 0.95880 fmeasure 0.95945 val_loss 0.29012 val_acc 0.88460 val_fmeasure0.87994 
09-20 08:33 root         DEBUG    - train_tools - MainProcess - epoch 107 loss 0.17516 acc 0.95884 fmeasure 0.95950 val_loss 0.28125 val_acc 0.89106 val_fmeasure0.88816 
09-20 08:40 root         DEBUG    - train_tools - MainProcess - epoch 108 loss 0.17562 acc 0.95872 fmeasure 0.95938 val_loss 0.28601 val_acc 0.88770 val_fmeasure0.88382 
