09-12 17:39 root         INFO     - test_multimodel - MainProcess - checking combined model with pretrained experts and gate (no combined train) on person 1 time 1
09-12 17:39 root         INFO     - test_multimodel - MainProcess - predict images
09-12 17:39 root         INFO     - test_tools - patcher - start create patch process 
09-12 17:39 root         INFO     - test_tools - patcher - patches for model
09-12 17:39 root         INFO     - test_tools - predictor - start predict process
09-12 17:39 root         INFO     - test_tools - predictor - loading model
09-12 17:39 root         INFO     - test_tools - segmentor - start segmentation process
09-12 17:39 root         INFO     - test_tools - predictor - start predict with model
09-12 17:40 root         INFO     - test_tools - patcher - finish create patch process 
09-12 17:40 root         INFO     - test_tools - predictor - finish predict process
09-12 17:40 root         INFO     - test_tools - segmentor - finish segmentation process
09-12 17:40 root         INFO     - test_multimodel - MainProcess - finished prediction
09-12 17:40 root         INFO     - test_multimodel - MainProcess - [[7089596    2085]
 [   7653    9803]]
09-12 17:40 root         INFO     - test_multimodel - MainProcess - 
             precision    recall  f1-score   support

          0       1.00      1.00      1.00   7091681
          1       0.82      0.56      0.67     17456

avg / total       1.00      1.00      1.00   7109137

09-12 17:40 root         INFO     - test_multimodel - MainProcess - f1 score is 0.668143402399
09-12 17:40 root         INFO     - test_multimodel - MainProcess - checking combined model with pretrained experts and gate (no combined train) on person 1 time 2
09-12 17:40 root         INFO     - test_multimodel - MainProcess - predict images
09-12 17:40 root         INFO     - test_tools - patcher - start create patch process 
09-12 17:40 root         INFO     - test_tools - patcher - patches for model
09-12 17:40 root         INFO     - test_tools - predictor - start predict process
09-12 17:40 root         INFO     - test_tools - predictor - loading model
09-12 17:40 root         INFO     - test_tools - segmentor - start segmentation process
09-12 17:40 root         INFO     - test_tools - predictor - start predict with model
09-12 17:41 root         INFO     - test_tools - patcher - finish create patch process 
09-12 17:41 root         INFO     - test_tools - predictor - finish predict process
09-12 17:41 root         INFO     - test_tools - segmentor - finish segmentation process
09-12 17:41 root         INFO     - test_multimodel - MainProcess - finished prediction
09-12 17:41 root         INFO     - test_multimodel - MainProcess - [[7091424    2732]
 [   4637   10344]]
09-12 17:41 root         INFO     - test_multimodel - MainProcess - 
             precision    recall  f1-score   support

          0       1.00      1.00      1.00   7094156
          1       0.79      0.69      0.74     14981

avg / total       1.00      1.00      1.00   7109137

09-12 17:42 root         INFO     - test_multimodel - MainProcess - f1 score is 0.737356096518
09-12 17:42 root         INFO     - test_multimodel - MainProcess - checking combined model with pretrained experts and gate (no combined train) on person 1 time 3
09-12 17:42 root         INFO     - test_multimodel - MainProcess - predict images
09-12 17:42 root         INFO     - test_tools - patcher - start create patch process 
09-12 17:42 root         INFO     - test_tools - patcher - patches for model
09-12 17:42 root         INFO     - test_tools - predictor - start predict process
09-12 17:42 root         INFO     - test_tools - predictor - loading model
09-12 17:42 root         INFO     - test_tools - segmentor - start segmentation process
09-12 17:42 root         INFO     - test_tools - predictor - start predict with model
09-12 17:42 root         INFO     - test_tools - patcher - finish create patch process 
09-12 17:42 root         INFO     - test_tools - predictor - finish predict process
09-12 17:42 root         INFO     - test_tools - segmentor - finish segmentation process
09-12 17:42 root         INFO     - test_multimodel - MainProcess - finished prediction
09-12 17:43 root         INFO     - test_multimodel - MainProcess - [[7089505    1806]
 [   8377    9449]]
09-12 17:43 root         INFO     - test_multimodel - MainProcess - 
             precision    recall  f1-score   support

          0       1.00      1.00      1.00   7091311
          1       0.84      0.53      0.65     17826

avg / total       1.00      1.00      1.00   7109137

09-12 17:43 root         INFO     - test_multimodel - MainProcess - f1 score is 0.649840101785
09-12 17:43 root         INFO     - test_multimodel - MainProcess - checking combined model with pretrained experts and gate (no combined train) on person 1 time 4
09-12 17:43 root         INFO     - test_multimodel - MainProcess - predict images
09-12 17:43 root         INFO     - test_tools - patcher - start create patch process 
09-12 17:43 root         INFO     - test_tools - patcher - patches for model
09-12 17:43 root         INFO     - test_tools - predictor - start predict process
09-12 17:43 root         INFO     - test_tools - predictor - loading model
09-12 17:43 root         INFO     - test_tools - segmentor - start segmentation process
09-12 17:43 root         INFO     - test_tools - predictor - start predict with model
09-12 17:43 root         INFO     - test_tools - patcher - finish create patch process 
09-12 17:44 root         INFO     - test_tools - predictor - finish predict process
09-12 17:44 root         INFO     - test_tools - segmentor - finish segmentation process
09-12 17:44 root         INFO     - test_multimodel - MainProcess - finished prediction
09-12 17:44 root         INFO     - test_multimodel - MainProcess - [[7090630    2081]
 [   8268    8158]]
09-12 17:44 root         INFO     - test_multimodel - MainProcess - 
             precision    recall  f1-score   support

          0       1.00      1.00      1.00   7092711
          1       0.80      0.50      0.61     16426

avg / total       1.00      1.00      1.00   7109137

09-12 17:44 root         INFO     - test_multimodel - MainProcess - f1 score is 0.611888243015
