09-25 15:41 root         DEBUG    - train_multimodel_with_pretrained_expertes_and_gate - MainProcess - start script
09-25 15:41 root         INFO     - train_multimodel_with_pretrained_expertes_and_gate - MainProcess - TRAIN: [(2, 1), (2, 2), (2, 3), (2, 4), (3, 1), (3, 2), (3, 3), (3, 4), (3, 5), (4, 1), (4, 2), (4, 3), (4, 4)] VAL: [(5, 1), (5, 2), (5, 3), (5, 4)] , TEST: 1
09-25 15:41 root         INFO     - train_multimodel_with_pretrained_expertes_and_gate - MainProcess - training model test_1
09-25 15:41 root         DEBUG    - train_multimodel_with_pretrained_expertes_and_gate - MainProcess - creating train & val generators
09-25 15:41 root         DEBUG    - train_proccesses - random_batch_indexes - start random_batch_indexes
09-25 15:41 root         DEBUG    - train_proccesses - collect_batch - start collect_batch
09-25 15:41 root         DEBUG    - train_proccesses - MainProcess - start batch generator
09-25 15:42 root         INFO     - train_proccesses - collect_batch - finish collect_batch
09-25 15:42 root         INFO     - train_proccesses - MainProcess - finished
09-25 15:42 root         INFO     - train_multimodel_with_pretrained_expertes_and_gate - MainProcess - training combined model
09-25 15:42 root         DEBUG    - train_proccesses - random_batch_indexes - start random_batch_indexes
09-25 15:42 root         DEBUG    - train_proccesses - collect_batch - start collect_batch
09-25 15:43 root         DEBUG    - train_proccesses - MainProcess - start batch generator
09-25 15:49 root         DEBUG    - train_tools - MainProcess - epoch 0 loss 0.40567 acc 0.95639 fmeasure 0.95748 val_loss 0.48840 val_acc 0.90305 val_fmeasure0.90306 
09-25 15:56 root         DEBUG    - train_tools - MainProcess - epoch 1 loss 0.39371 acc 0.95645 fmeasure 0.95722 val_loss 0.48624 val_acc 0.89760 val_fmeasure0.89607 
09-25 16:02 root         DEBUG    - train_tools - MainProcess - epoch 2 loss 0.38477 acc 0.95653 fmeasure 0.95721 val_loss 0.47879 val_acc 0.89682 val_fmeasure0.89510 
09-25 16:09 root         DEBUG    - train_tools - MainProcess - epoch 3 loss 0.37755 acc 0.95640 fmeasure 0.95708 val_loss 0.47141 val_acc 0.89685 val_fmeasure0.89504 
09-25 16:16 root         DEBUG    - train_tools - MainProcess - epoch 4 loss 0.36992 acc 0.95659 fmeasure 0.95724 val_loss 0.46364 val_acc 0.89719 val_fmeasure0.89546 
09-25 16:22 root         DEBUG    - train_tools - MainProcess - epoch 5 loss 0.36322 acc 0.95638 fmeasure 0.95706 val_loss 0.45672 val_acc 0.89743 val_fmeasure0.89572 
09-25 16:29 root         DEBUG    - train_tools - MainProcess - epoch 6 loss 0.35688 acc 0.95645 fmeasure 0.95713 val_loss 0.45081 val_acc 0.89716 val_fmeasure0.89534 
09-25 16:35 root         DEBUG    - train_tools - MainProcess - epoch 7 loss 0.34918 acc 0.95705 fmeasure 0.95770 val_loss 0.44480 val_acc 0.89682 val_fmeasure0.89497 
09-25 16:42 root         DEBUG    - train_tools - MainProcess - epoch 8 loss 0.34374 acc 0.95647 fmeasure 0.95711 val_loss 0.43895 val_acc 0.89679 val_fmeasure0.89492 
09-25 16:49 root         DEBUG    - train_tools - MainProcess - epoch 9 loss 0.33868 acc 0.95663 fmeasure 0.95730 val_loss 0.43369 val_acc 0.89628 val_fmeasure0.89435 
09-25 16:55 root         DEBUG    - train_tools - MainProcess - epoch 10 loss 0.33228 acc 0.95707 fmeasure 0.95772 val_loss 0.42793 val_acc 0.89689 val_fmeasure0.89501 
09-25 17:02 root         DEBUG    - train_tools - MainProcess - epoch 11 loss 0.32738 acc 0.95638 fmeasure 0.95707 val_loss 0.42285 val_acc 0.89662 val_fmeasure0.89468 
09-25 17:09 root         DEBUG    - train_tools - MainProcess - epoch 12 loss 0.32158 acc 0.95628 fmeasure 0.95695 val_loss 0.41644 val_acc 0.89746 val_fmeasure0.89581 
09-25 17:15 root         DEBUG    - train_tools - MainProcess - epoch 13 loss 0.31667 acc 0.95639 fmeasure 0.95706 val_loss 0.41134 val_acc 0.89787 val_fmeasure0.89627 
09-25 17:22 root         DEBUG    - train_tools - MainProcess - epoch 14 loss 0.31138 acc 0.95669 fmeasure 0.95736 val_loss 0.40658 val_acc 0.89800 val_fmeasure0.89642 
09-25 17:29 root         DEBUG    - train_tools - MainProcess - epoch 15 loss 0.30615 acc 0.95664 fmeasure 0.95732 val_loss 0.40206 val_acc 0.89736 val_fmeasure0.89572 
09-25 17:35 root         DEBUG    - train_tools - MainProcess - epoch 16 loss 0.30307 acc 0.95619 fmeasure 0.95686 val_loss 0.39625 val_acc 0.89867 val_fmeasure0.89731 
09-25 17:42 root         DEBUG    - train_tools - MainProcess - epoch 17 loss 0.29755 acc 0.95641 fmeasure 0.95709 val_loss 0.39210 val_acc 0.89837 val_fmeasure0.89699 
09-25 17:48 root         DEBUG    - train_tools - MainProcess - epoch 18 loss 0.29395 acc 0.95665 fmeasure 0.95734 val_loss 0.38815 val_acc 0.89834 val_fmeasure0.89696 
09-25 17:55 root         DEBUG    - train_tools - MainProcess - epoch 19 loss 0.29030 acc 0.95642 fmeasure 0.95712 val_loss 0.38350 val_acc 0.89847 val_fmeasure0.89724 
09-25 18:02 root         DEBUG    - train_tools - MainProcess - epoch 20 loss 0.28693 acc 0.95644 fmeasure 0.95711 val_loss 0.38044 val_acc 0.89803 val_fmeasure0.89672 
09-25 18:08 root         DEBUG    - train_tools - MainProcess - epoch 21 loss 0.28329 acc 0.95630 fmeasure 0.95700 val_loss 0.37742 val_acc 0.89756 val_fmeasure0.89616 
09-25 18:15 root         DEBUG    - train_tools - MainProcess - epoch 22 loss 0.27957 acc 0.95654 fmeasure 0.95723 val_loss 0.37418 val_acc 0.89756 val_fmeasure0.89616 
09-25 18:22 root         DEBUG    - train_tools - MainProcess - epoch 23 loss 0.27639 acc 0.95603 fmeasure 0.95672 val_loss 0.37066 val_acc 0.89787 val_fmeasure0.89649 
09-25 18:28 root         DEBUG    - train_tools - MainProcess - epoch 24 loss 0.27356 acc 0.95627 fmeasure 0.95695 val_loss 0.36807 val_acc 0.89733 val_fmeasure0.89588 
09-25 18:35 root         DEBUG    - train_tools - MainProcess - epoch 25 loss 0.27072 acc 0.95625 fmeasure 0.95692 val_loss 0.36565 val_acc 0.89699 val_fmeasure0.89547 
09-25 18:41 root         DEBUG    - train_tools - MainProcess - epoch 26 loss 0.26844 acc 0.95630 fmeasure 0.95697 val_loss 0.36229 val_acc 0.89716 val_fmeasure0.89573 
09-25 18:48 root         DEBUG    - train_tools - MainProcess - epoch 27 loss 0.26501 acc 0.95644 fmeasure 0.95709 val_loss 0.35884 val_acc 0.89790 val_fmeasure0.89669 
09-25 18:54 root         DEBUG    - train_tools - MainProcess - epoch 28 loss 0.26174 acc 0.95635 fmeasure 0.95702 val_loss 0.35704 val_acc 0.89723 val_fmeasure0.89584 
09-25 19:01 root         DEBUG    - train_tools - MainProcess - epoch 29 loss 0.26095 acc 0.95600 fmeasure 0.95668 val_loss 0.35628 val_acc 0.89601 val_fmeasure0.89430 
09-25 19:08 root         DEBUG    - train_tools - MainProcess - epoch 30 loss 0.25705 acc 0.95669 fmeasure 0.95735 val_loss 0.35250 val_acc 0.89716 val_fmeasure0.89579 
09-25 19:14 root         DEBUG    - train_tools - MainProcess - epoch 31 loss 0.25599 acc 0.95602 fmeasure 0.95670 val_loss 0.35002 val_acc 0.89726 val_fmeasure0.89596 
09-25 19:21 root         DEBUG    - train_tools - MainProcess - epoch 32 loss 0.25326 acc 0.95634 fmeasure 0.95700 val_loss 0.34823 val_acc 0.89679 val_fmeasure0.89541 
09-25 19:28 root         DEBUG    - train_tools - MainProcess - epoch 33 loss 0.25030 acc 0.95694 fmeasure 0.95760 val_loss 0.34688 val_acc 0.89635 val_fmeasure0.89484 
09-25 19:34 root         DEBUG    - train_tools - MainProcess - epoch 34 loss 0.24956 acc 0.95607 fmeasure 0.95674 val_loss 0.34439 val_acc 0.89665 val_fmeasure0.89527 
09-25 19:41 root         DEBUG    - train_tools - MainProcess - epoch 35 loss 0.24651 acc 0.95662 fmeasure 0.95729 val_loss 0.34352 val_acc 0.89581 val_fmeasure0.89421 
09-25 19:48 root         DEBUG    - train_tools - MainProcess - epoch 36 loss 0.24651 acc 0.95600 fmeasure 0.95670 val_loss 0.34282 val_acc 0.89537 val_fmeasure0.89356 
09-25 19:54 root         DEBUG    - train_tools - MainProcess - epoch 37 loss 0.24470 acc 0.95608 fmeasure 0.95675 val_loss 0.34017 val_acc 0.89547 val_fmeasure0.89386 
09-25 20:01 root         DEBUG    - train_tools - MainProcess - epoch 38 loss 0.24189 acc 0.95635 fmeasure 0.95701 val_loss 0.33859 val_acc 0.89554 val_fmeasure0.89393 
09-25 20:08 root         DEBUG    - train_tools - MainProcess - epoch 39 loss 0.24012 acc 0.95654 fmeasure 0.95721 val_loss 0.33706 val_acc 0.89561 val_fmeasure0.89400 
09-25 20:14 root         DEBUG    - train_tools - MainProcess - epoch 40 loss 0.23914 acc 0.95595 fmeasure 0.95660 val_loss 0.33473 val_acc 0.89591 val_fmeasure0.89447 
09-25 20:21 root         DEBUG    - train_tools - MainProcess - epoch 41 loss 0.23716 acc 0.95637 fmeasure 0.95703 val_loss 0.33426 val_acc 0.89531 val_fmeasure0.89368 
09-25 20:27 root         DEBUG    - train_tools - MainProcess - epoch 42 loss 0.23638 acc 0.95609 fmeasure 0.95675 val_loss 0.33283 val_acc 0.89534 val_fmeasure0.89374 
09-25 20:34 root         DEBUG    - train_tools - MainProcess - epoch 43 loss 0.23313 acc 0.95702 fmeasure 0.95767 val_loss 0.33056 val_acc 0.89554 val_fmeasure0.89410 
09-25 20:41 root         DEBUG    - train_tools - MainProcess - epoch 44 loss 0.23350 acc 0.95627 fmeasure 0.95693 val_loss 0.32970 val_acc 0.89544 val_fmeasure0.89394 
09-25 20:48 root         DEBUG    - train_tools - MainProcess - epoch 45 loss 0.23302 acc 0.95603 fmeasure 0.95671 val_loss 0.32964 val_acc 0.89480 val_fmeasure0.89305 
09-25 20:54 root         DEBUG    - train_tools - MainProcess - epoch 46 loss 0.23042 acc 0.95656 fmeasure 0.95720 val_loss 0.32795 val_acc 0.89507 val_fmeasure0.89347 
09-25 21:01 root         DEBUG    - train_tools - MainProcess - epoch 47 loss 0.22937 acc 0.95687 fmeasure 0.95752 val_loss 0.32637 val_acc 0.89524 val_fmeasure0.89373 
09-25 21:08 root         DEBUG    - train_tools - MainProcess - epoch 48 loss 0.22830 acc 0.95645 fmeasure 0.95711 val_loss 0.32558 val_acc 0.89504 val_fmeasure0.89347 
09-25 21:14 root         DEBUG    - train_tools - MainProcess - epoch 49 loss 0.22800 acc 0.95599 fmeasure 0.95669 val_loss 0.32560 val_acc 0.89463 val_fmeasure0.89288 
09-25 21:21 root         DEBUG    - train_tools - MainProcess - epoch 50 loss 0.22511 acc 0.95655 fmeasure 0.95719 val_loss 0.32339 val_acc 0.89507 val_fmeasure0.89355 
09-25 21:28 root         DEBUG    - train_tools - MainProcess - epoch 51 loss 0.22521 acc 0.95618 fmeasure 0.95687 val_loss 0.32517 val_acc 0.89362 val_fmeasure0.89159 
09-25 21:34 root         DEBUG    - train_tools - MainProcess - epoch 52 loss 0.22454 acc 0.95636 fmeasure 0.95701 val_loss 0.32172 val_acc 0.89473 val_fmeasure0.89316 
09-25 21:41 root         DEBUG    - train_tools - MainProcess - epoch 53 loss 0.22368 acc 0.95627 fmeasure 0.95692 val_loss 0.32158 val_acc 0.89443 val_fmeasure0.89272 
09-25 21:48 root         DEBUG    - train_tools - MainProcess - epoch 54 loss 0.22251 acc 0.95656 fmeasure 0.95720 val_loss 0.32013 val_acc 0.89467 val_fmeasure0.89309 
09-25 21:54 root         DEBUG    - train_tools - MainProcess - epoch 55 loss 0.22216 acc 0.95623 fmeasure 0.95689 val_loss 0.31907 val_acc 0.89483 val_fmeasure0.89332 
09-25 22:01 root         DEBUG    - train_tools - MainProcess - epoch 56 loss 0.22118 acc 0.95656 fmeasure 0.95722 val_loss 0.31833 val_acc 0.89470 val_fmeasure0.89318 
09-25 22:07 root         DEBUG    - train_tools - MainProcess - epoch 57 loss 0.22166 acc 0.95599 fmeasure 0.95667 val_loss 0.31904 val_acc 0.89376 val_fmeasure0.89192 
09-25 22:14 root         DEBUG    - train_tools - MainProcess - epoch 58 loss 0.22055 acc 0.95634 fmeasure 0.95699 val_loss 0.31678 val_acc 0.89483 val_fmeasure0.89334 
09-25 22:21 root         DEBUG    - train_tools - MainProcess - epoch 59 loss 0.21754 acc 0.95682 fmeasure 0.95746 val_loss 0.31586 val_acc 0.89497 val_fmeasure0.89351 
09-25 22:27 root         DEBUG    - train_tools - MainProcess - epoch 60 loss 0.21862 acc 0.95629 fmeasure 0.95694 val_loss 0.31669 val_acc 0.89372 val_fmeasure0.89198 
09-25 22:34 root         DEBUG    - train_tools - MainProcess - epoch 61 loss 0.21786 acc 0.95606 fmeasure 0.95672 val_loss 0.31540 val_acc 0.89423 val_fmeasure0.89262 
09-25 22:41 root         DEBUG    - train_tools - MainProcess - epoch 62 loss 0.21670 acc 0.95648 fmeasure 0.95712 val_loss 0.31488 val_acc 0.89413 val_fmeasure0.89250 
09-25 22:47 root         DEBUG    - train_tools - MainProcess - epoch 63 loss 0.21601 acc 0.95684 fmeasure 0.95749 val_loss 0.31567 val_acc 0.89345 val_fmeasure0.89159 
09-25 22:54 root         DEBUG    - train_tools - MainProcess - epoch 64 loss 0.21540 acc 0.95643 fmeasure 0.95708 val_loss 0.31356 val_acc 0.89440 val_fmeasure0.89284 
09-25 23:01 root         DEBUG    - train_tools - MainProcess - epoch 65 loss 0.21548 acc 0.95646 fmeasure 0.95712 val_loss 0.31324 val_acc 0.89406 val_fmeasure0.89245 
09-25 23:07 root         DEBUG    - train_tools - MainProcess - epoch 66 loss 0.21542 acc 0.95622 fmeasure 0.95690 val_loss 0.31360 val_acc 0.89355 val_fmeasure0.89177 
09-25 23:14 root         DEBUG    - train_tools - MainProcess - epoch 67 loss 0.21472 acc 0.95609 fmeasure 0.95677 val_loss 0.31386 val_acc 0.89318 val_fmeasure0.89126 
09-25 23:20 root         DEBUG    - train_tools - MainProcess - epoch 68 loss 0.21333 acc 0.95605 fmeasure 0.95670 val_loss 0.31195 val_acc 0.89382 val_fmeasure0.89218 
09-25 23:27 root         DEBUG    - train_tools - MainProcess - epoch 69 loss 0.21354 acc 0.95620 fmeasure 0.95686 val_loss 0.31170 val_acc 0.89359 val_fmeasure0.89189 
09-25 23:34 root         DEBUG    - train_tools - MainProcess - epoch 70 loss 0.21281 acc 0.95653 fmeasure 0.95720 val_loss 0.31139 val_acc 0.89345 val_fmeasure0.89173 
09-25 23:40 root         DEBUG    - train_tools - MainProcess - epoch 71 loss 0.21275 acc 0.95597 fmeasure 0.95664 val_loss 0.31049 val_acc 0.89386 val_fmeasure0.89225 
09-25 23:47 root         DEBUG    - train_tools - MainProcess - epoch 72 loss 0.20996 acc 0.95732 fmeasure 0.95794 val_loss 0.31015 val_acc 0.89386 val_fmeasure0.89225 
09-25 23:54 root         DEBUG    - train_tools - MainProcess - epoch 73 loss 0.21129 acc 0.95663 fmeasure 0.95728 val_loss 0.31116 val_acc 0.89305 val_fmeasure0.89116 
09-26 00:00 root         DEBUG    - train_tools - MainProcess - epoch 74 loss 0.21095 acc 0.95627 fmeasure 0.95694 val_loss 0.31078 val_acc 0.89302 val_fmeasure0.89112 
09-26 00:07 root         DEBUG    - train_tools - MainProcess - epoch 75 loss 0.20996 acc 0.95651 fmeasure 0.95716 val_loss 0.30923 val_acc 0.89362 val_fmeasure0.89197 
09-26 00:14 root         DEBUG    - train_tools - MainProcess - epoch 76 loss 0.21059 acc 0.95627 fmeasure 0.95692 val_loss 0.30939 val_acc 0.89322 val_fmeasure0.89146 
09-26 00:20 root         DEBUG    - train_tools - MainProcess - epoch 77 loss 0.20946 acc 0.95661 fmeasure 0.95724 val_loss 0.30883 val_acc 0.89332 val_fmeasure0.89160 
09-26 00:27 root         DEBUG    - train_tools - MainProcess - epoch 78 loss 0.21022 acc 0.95592 fmeasure 0.95659 val_loss 0.30787 val_acc 0.89393 val_fmeasure0.89236 
09-26 00:33 root         DEBUG    - train_tools - MainProcess - epoch 79 loss 0.20930 acc 0.95630 fmeasure 0.95696 val_loss 0.30761 val_acc 0.89386 val_fmeasure0.89228 
09-26 00:40 root         DEBUG    - train_tools - MainProcess - epoch 80 loss 0.20978 acc 0.95601 fmeasure 0.95668 val_loss 0.30877 val_acc 0.89291 val_fmeasure0.89103 
09-26 00:47 root         DEBUG    - train_tools - MainProcess - epoch 81 loss 0.20833 acc 0.95648 fmeasure 0.95712 val_loss 0.30646 val_acc 0.89416 val_fmeasure0.89268 
09-26 00:53 root         DEBUG    - train_tools - MainProcess - epoch 82 loss 0.20843 acc 0.95641 fmeasure 0.95708 val_loss 0.30805 val_acc 0.89302 val_fmeasure0.89117 
09-26 01:00 root         DEBUG    - train_tools - MainProcess - epoch 83 loss 0.20816 acc 0.95630 fmeasure 0.95696 val_loss 0.30694 val_acc 0.89325 val_fmeasure0.89157 
09-26 01:07 root         DEBUG    - train_tools - MainProcess - epoch 84 loss 0.20752 acc 0.95623 fmeasure 0.95688 val_loss 0.30717 val_acc 0.89308 val_fmeasure0.89131 
09-26 01:13 root         DEBUG    - train_tools - MainProcess - epoch 85 loss 0.20711 acc 0.95636 fmeasure 0.95701 val_loss 0.30638 val_acc 0.89332 val_fmeasure0.89164 
09-26 01:20 root         DEBUG    - train_tools - MainProcess - epoch 86 loss 0.20744 acc 0.95627 fmeasure 0.95692 val_loss 0.30685 val_acc 0.89298 val_fmeasure0.89115 
09-26 01:27 root         DEBUG    - train_tools - MainProcess - epoch 87 loss 0.20707 acc 0.95645 fmeasure 0.95709 val_loss 0.30623 val_acc 0.89312 val_fmeasure0.89139 
09-26 01:33 root         DEBUG    - train_tools - MainProcess - epoch 88 loss 0.20735 acc 0.95582 fmeasure 0.95650 val_loss 0.30702 val_acc 0.89278 val_fmeasure0.89083 
09-26 01:40 root         DEBUG    - train_tools - MainProcess - epoch 89 loss 0.20687 acc 0.95630 fmeasure 0.95694 val_loss 0.30472 val_acc 0.89393 val_fmeasure0.89242 
09-26 01:47 root         DEBUG    - train_tools - MainProcess - epoch 90 loss 0.20545 acc 0.95650 fmeasure 0.95716 val_loss 0.30649 val_acc 0.89281 val_fmeasure0.89090 
09-26 01:53 root         DEBUG    - train_tools - MainProcess - epoch 91 loss 0.20543 acc 0.95639 fmeasure 0.95703 val_loss 0.30477 val_acc 0.89345 val_fmeasure0.89184 
09-26 02:00 root         DEBUG    - train_tools - MainProcess - epoch 92 loss 0.20510 acc 0.95687 fmeasure 0.95751 val_loss 0.30392 val_acc 0.89419 val_fmeasure0.89272 
09-26 02:06 root         DEBUG    - train_tools - MainProcess - epoch 93 loss 0.20571 acc 0.95647 fmeasure 0.95713 val_loss 0.30538 val_acc 0.89298 val_fmeasure0.89117 
09-26 02:13 root         DEBUG    - train_tools - MainProcess - epoch 94 loss 0.20580 acc 0.95617 fmeasure 0.95683 val_loss 0.30569 val_acc 0.89261 val_fmeasure0.89071 
09-26 02:19 root         DEBUG    - train_tools - MainProcess - epoch 95 loss 0.20537 acc 0.95619 fmeasure 0.95685 val_loss 0.30431 val_acc 0.89308 val_fmeasure0.89141 
09-26 02:26 root         DEBUG    - train_tools - MainProcess - epoch 96 loss 0.20506 acc 0.95650 fmeasure 0.95716 val_loss 0.30426 val_acc 0.89308 val_fmeasure0.89139 
09-26 02:33 root         DEBUG    - train_tools - MainProcess - epoch 97 loss 0.20532 acc 0.95600 fmeasure 0.95667 val_loss 0.30384 val_acc 0.89335 val_fmeasure0.89172 
09-26 02:39 root         DEBUG    - train_tools - MainProcess - epoch 98 loss 0.20537 acc 0.95588 fmeasure 0.95653 val_loss 0.30376 val_acc 0.89308 val_fmeasure0.89142 
09-26 02:46 root         DEBUG    - train_tools - MainProcess - epoch 99 loss 0.20497 acc 0.95622 fmeasure 0.95688 val_loss 0.30421 val_acc 0.89308 val_fmeasure0.89132 
09-26 02:53 root         DEBUG    - train_tools - MainProcess - epoch 100 loss 0.20320 acc 0.95720 fmeasure 0.95784 val_loss 0.30343 val_acc 0.89318 val_fmeasure0.89153 
09-26 02:59 root         DEBUG    - train_tools - MainProcess - epoch 101 loss 0.20434 acc 0.95619 fmeasure 0.95685 val_loss 0.30378 val_acc 0.89305 val_fmeasure0.89132 
09-26 03:06 root         DEBUG    - train_tools - MainProcess - epoch 102 loss 0.20624 acc 0.95547 fmeasure 0.95615 val_loss 0.30442 val_acc 0.89261 val_fmeasure0.89071 
09-26 03:13 root         DEBUG    - train_tools - MainProcess - epoch 103 loss 0.20262 acc 0.95695 fmeasure 0.95757 val_loss 0.30285 val_acc 0.89332 val_fmeasure0.89169 
09-26 03:19 root         DEBUG    - train_tools - MainProcess - epoch 104 loss 0.20267 acc 0.95692 fmeasure 0.95755 val_loss 0.30240 val_acc 0.89359 val_fmeasure0.89202 
09-26 03:26 root         DEBUG    - train_tools - MainProcess - epoch 105 loss 0.20502 acc 0.95597 fmeasure 0.95664 val_loss 0.30319 val_acc 0.89308 val_fmeasure0.89136 
09-26 03:33 root         DEBUG    - train_tools - MainProcess - epoch 106 loss 0.20338 acc 0.95659 fmeasure 0.95726 val_loss 0.30243 val_acc 0.89339 val_fmeasure0.89177 
09-26 03:39 root         DEBUG    - train_tools - MainProcess - epoch 107 loss 0.20321 acc 0.95649 fmeasure 0.95714 val_loss 0.30125 val_acc 0.89433 val_fmeasure0.89294 
09-26 03:46 root         DEBUG    - train_tools - MainProcess - epoch 108 loss 0.20364 acc 0.95593 fmeasure 0.95660 val_loss 0.30302 val_acc 0.89291 val_fmeasure0.89113 
09-26 03:53 root         DEBUG    - train_tools - MainProcess - epoch 109 loss 0.20171 acc 0.95687 fmeasure 0.95752 val_loss 0.30179 val_acc 0.89366 val_fmeasure0.89210 
09-26 03:59 root         DEBUG    - train_tools - MainProcess - epoch 110 loss 0.20288 acc 0.95647 fmeasure 0.95713 val_loss 0.30194 val_acc 0.89349 val_fmeasure0.89188 
09-26 04:06 root         DEBUG    - train_tools - MainProcess - epoch 111 loss 0.20345 acc 0.95594 fmeasure 0.95661 val_loss 0.30154 val_acc 0.89366 val_fmeasure0.89211 
09-26 04:13 root         DEBUG    - train_tools - MainProcess - epoch 112 loss 0.20385 acc 0.95583 fmeasure 0.95652 val_loss 0.30165 val_acc 0.89345 val_fmeasure0.89186 
09-26 04:19 root         DEBUG    - train_tools - MainProcess - epoch 113 loss 0.20305 acc 0.95614 fmeasure 0.95681 val_loss 0.30196 val_acc 0.89302 val_fmeasure0.89134 
09-26 04:26 root         DEBUG    - train_tools - MainProcess - epoch 114 loss 0.20186 acc 0.95658 fmeasure 0.95725 val_loss 0.30140 val_acc 0.89355 val_fmeasure0.89197 
09-26 04:33 root         DEBUG    - train_tools - MainProcess - epoch 115 loss 0.20284 acc 0.95617 fmeasure 0.95684 val_loss 0.30158 val_acc 0.89312 val_fmeasure0.89146 
09-26 04:39 root         DEBUG    - train_tools - MainProcess - epoch 116 loss 0.20161 acc 0.95686 fmeasure 0.95750 val_loss 0.30227 val_acc 0.89291 val_fmeasure0.89113 
09-26 04:46 root         DEBUG    - train_tools - MainProcess - epoch 117 loss 0.20219 acc 0.95646 fmeasure 0.95713 val_loss 0.30166 val_acc 0.89305 val_fmeasure0.89137 
09-26 04:52 root         DEBUG    - train_tools - MainProcess - epoch 118 loss 0.20235 acc 0.95602 fmeasure 0.95669 val_loss 0.30250 val_acc 0.89275 val_fmeasure0.89087 
09-26 04:59 root         DEBUG    - train_tools - MainProcess - epoch 119 loss 0.20205 acc 0.95660 fmeasure 0.95725 val_loss 0.30314 val_acc 0.89248 val_fmeasure0.89044 
09-26 05:06 root         DEBUG    - train_tools - MainProcess - epoch 120 loss 0.20184 acc 0.95594 fmeasure 0.95659 val_loss 0.30112 val_acc 0.89308 val_fmeasure0.89143 
09-26 05:12 root         DEBUG    - train_tools - MainProcess - epoch 121 loss 0.20187 acc 0.95641 fmeasure 0.95707 val_loss 0.30226 val_acc 0.89275 val_fmeasure0.89088 
09-26 05:19 root         DEBUG    - train_tools - MainProcess - epoch 122 loss 0.20160 acc 0.95647 fmeasure 0.95711 val_loss 0.30074 val_acc 0.89359 val_fmeasure0.89201 
09-26 05:26 root         DEBUG    - train_tools - MainProcess - epoch 123 loss 0.20077 acc 0.95693 fmeasure 0.95756 val_loss 0.30040 val_acc 0.89389 val_fmeasure0.89237 
09-26 05:32 root         DEBUG    - train_tools - MainProcess - epoch 124 loss 0.20172 acc 0.95648 fmeasure 0.95715 val_loss 0.29993 val_acc 0.89416 val_fmeasure0.89272 
09-26 05:39 root         DEBUG    - train_tools - MainProcess - epoch 125 loss 0.20257 acc 0.95596 fmeasure 0.95665 val_loss 0.30316 val_acc 0.89211 val_fmeasure0.88995 
09-26 05:46 root         DEBUG    - train_tools - MainProcess - epoch 126 loss 0.20240 acc 0.95594 fmeasure 0.95660 val_loss 0.30050 val_acc 0.89332 val_fmeasure0.89171 
09-26 05:52 root         DEBUG    - train_tools - MainProcess - epoch 127 loss 0.20065 acc 0.95694 fmeasure 0.95759 val_loss 0.30170 val_acc 0.89288 val_fmeasure0.89105 
09-26 05:59 root         DEBUG    - train_tools - MainProcess - epoch 128 loss 0.20051 acc 0.95656 fmeasure 0.95721 val_loss 0.30072 val_acc 0.89308 val_fmeasure0.89141 
09-26 06:06 root         DEBUG    - train_tools - MainProcess - epoch 129 loss 0.20033 acc 0.95678 fmeasure 0.95742 val_loss 0.30010 val_acc 0.89372 val_fmeasure0.89217 
09-26 06:12 root         DEBUG    - train_tools - MainProcess - epoch 130 loss 0.20221 acc 0.95600 fmeasure 0.95671 val_loss 0.30120 val_acc 0.89285 val_fmeasure0.89107 
09-26 06:19 root         DEBUG    - train_tools - MainProcess - epoch 131 loss 0.20091 acc 0.95653 fmeasure 0.95719 val_loss 0.30215 val_acc 0.89265 val_fmeasure0.89063 
09-26 06:26 root         DEBUG    - train_tools - MainProcess - epoch 132 loss 0.20031 acc 0.95679 fmeasure 0.95742 val_loss 0.29966 val_acc 0.89399 val_fmeasure0.89249 
09-26 06:32 root         DEBUG    - train_tools - MainProcess - epoch 133 loss 0.20178 acc 0.95634 fmeasure 0.95701 val_loss 0.30021 val_acc 0.89315 val_fmeasure0.89151 
09-26 06:39 root         DEBUG    - train_tools - MainProcess - epoch 134 loss 0.20121 acc 0.95634 fmeasure 0.95702 val_loss 0.30138 val_acc 0.89288 val_fmeasure0.89101 
09-26 06:46 root         DEBUG    - train_tools - MainProcess - epoch 135 loss 0.20076 acc 0.95634 fmeasure 0.95698 val_loss 0.29937 val_acc 0.89406 val_fmeasure0.89257 
09-26 06:52 root         DEBUG    - train_tools - MainProcess - epoch 136 loss 0.20296 acc 0.95576 fmeasure 0.95646 val_loss 0.30105 val_acc 0.89285 val_fmeasure0.89102 
09-26 06:59 root         DEBUG    - train_tools - MainProcess - epoch 137 loss 0.20009 acc 0.95646 fmeasure 0.95710 val_loss 0.30103 val_acc 0.89285 val_fmeasure0.89102 
09-26 07:05 root         DEBUG    - train_tools - MainProcess - epoch 138 loss 0.20014 acc 0.95676 fmeasure 0.95741 val_loss 0.30026 val_acc 0.89308 val_fmeasure0.89139 
09-26 07:12 root         DEBUG    - train_tools - MainProcess - epoch 139 loss 0.20145 acc 0.95585 fmeasure 0.95651 val_loss 0.30091 val_acc 0.89281 val_fmeasure0.89098 
09-26 07:19 root         DEBUG    - train_tools - MainProcess - epoch 140 loss 0.20018 acc 0.95664 fmeasure 0.95728 val_loss 0.30009 val_acc 0.89302 val_fmeasure0.89133 
09-26 07:25 root         DEBUG    - train_tools - MainProcess - epoch 141 loss 0.19972 acc 0.95670 fmeasure 0.95736 val_loss 0.29970 val_acc 0.89325 val_fmeasure0.89163 
09-26 07:32 root         DEBUG    - train_tools - MainProcess - epoch 142 loss 0.20012 acc 0.95648 fmeasure 0.95713 val_loss 0.29994 val_acc 0.89305 val_fmeasure0.89137 
09-26 07:39 root         DEBUG    - train_tools - MainProcess - epoch 143 loss 0.20089 acc 0.95621 fmeasure 0.95688 val_loss 0.29873 val_acc 0.89413 val_fmeasure0.89268 
09-26 07:45 root         DEBUG    - train_tools - MainProcess - epoch 144 loss 0.19988 acc 0.95648 fmeasure 0.95712 val_loss 0.29943 val_acc 0.89339 val_fmeasure0.89179 
09-26 07:52 root         DEBUG    - train_tools - MainProcess - epoch 145 loss 0.19935 acc 0.95658 fmeasure 0.95725 val_loss 0.30032 val_acc 0.89288 val_fmeasure0.89111 
09-26 07:58 root         DEBUG    - train_tools - MainProcess - epoch 146 loss 0.20047 acc 0.95643 fmeasure 0.95709 val_loss 0.29987 val_acc 0.89315 val_fmeasure0.89146 
09-26 08:05 root         DEBUG    - train_tools - MainProcess - epoch 147 loss 0.20061 acc 0.95667 fmeasure 0.95735 val_loss 0.30165 val_acc 0.89248 val_fmeasure0.89040 
09-26 08:12 root         DEBUG    - train_tools - MainProcess - epoch 148 loss 0.19968 acc 0.95634 fmeasure 0.95700 val_loss 0.29760 val_acc 0.89456 val_fmeasure0.89329 
09-26 08:18 root         DEBUG    - train_tools - MainProcess - epoch 149 loss 0.19947 acc 0.95664 fmeasure 0.95732 val_loss 0.29952 val_acc 0.89308 val_fmeasure0.89142 
