09-17 11:18 root         INFO     - test_multimodel - MainProcess - checking multimodel no pretrain
09-17 11:18 root         INFO     - test_multimodel - MainProcess - person 1 time 1
09-17 11:18 root         INFO     - test_multimodel - MainProcess - predict images
09-17 11:18 root         INFO     - test_tools - patcher - start create patch process 
09-17 11:18 root         INFO     - test_tools - patcher - patches for model
09-17 11:18 root         INFO     - test_tools - predictor - start predict process
09-17 11:18 root         INFO     - test_tools - predictor - loading model
09-17 11:18 root         INFO     - test_tools - segmentor - start segmentation process
09-17 11:18 root         INFO     - test_tools - predictor - start predict with model
09-17 11:19 root         INFO     - test_tools - patcher - finish create patch process 
09-17 11:20 root         INFO     - test_tools - predictor - finish predict process
09-17 11:20 root         INFO     - test_tools - segmentor - finish segmentation process
09-17 11:20 root         INFO     - test_multimodel - MainProcess - finished prediction
09-17 11:20 root         INFO     - test_multimodel - MainProcess - [[7089101    2580]
 [   7385   10071]]
09-17 11:20 root         INFO     - test_multimodel - MainProcess - 
             precision    recall  f1-score   support

          0       1.00      1.00      1.00   7091681
          1       0.80      0.58      0.67     17456

avg / total       1.00      1.00      1.00   7109137

09-17 11:20 root         INFO     - test_multimodel - MainProcess - f1 score is 0.6690138506
09-17 11:20 root         INFO     - test_multimodel - MainProcess - person 1 time 2
09-17 11:20 root         INFO     - test_multimodel - MainProcess - predict images
09-17 11:20 root         INFO     - test_tools - patcher - start create patch process 
09-17 11:20 root         INFO     - test_tools - patcher - patches for model
09-17 11:20 root         INFO     - test_tools - segmentor - start segmentation process
09-17 11:20 root         INFO     - test_tools - predictor - start predict process
09-17 11:20 root         INFO     - test_tools - predictor - loading model
09-17 11:20 root         INFO     - test_tools - predictor - start predict with model
09-17 11:21 root         INFO     - test_tools - patcher - finish create patch process 
09-17 11:22 root         INFO     - test_tools - predictor - finish predict process
09-17 11:22 root         INFO     - test_tools - segmentor - finish segmentation process
09-17 11:22 root         INFO     - test_multimodel - MainProcess - finished prediction
09-17 11:22 root         INFO     - test_multimodel - MainProcess - [[7090976    3180]
 [   4481   10500]]
09-17 11:22 root         INFO     - test_multimodel - MainProcess - 
             precision    recall  f1-score   support

          0       1.00      1.00      1.00   7094156
          1       0.77      0.70      0.73     14981

avg / total       1.00      1.00      1.00   7109137

09-17 11:22 root         INFO     - test_multimodel - MainProcess - f1 score is 0.73270297617
09-17 11:22 root         INFO     - test_multimodel - MainProcess - person 1 time 3
09-17 11:22 root         INFO     - test_multimodel - MainProcess - predict images
09-17 11:22 root         INFO     - test_tools - patcher - start create patch process 
09-17 11:22 root         INFO     - test_tools - patcher - patches for model
09-17 11:22 root         INFO     - test_tools - predictor - start predict process
09-17 11:22 root         INFO     - test_tools - predictor - loading model
09-17 11:22 root         INFO     - test_tools - segmentor - start segmentation process
09-17 11:22 root         INFO     - test_tools - predictor - start predict with model
09-17 11:23 root         INFO     - test_tools - patcher - finish create patch process 
09-17 11:24 root         INFO     - test_tools - predictor - finish predict process
09-17 11:24 root         INFO     - test_tools - segmentor - finish segmentation process
09-17 11:24 root         INFO     - test_multimodel - MainProcess - finished prediction
09-17 11:24 root         INFO     - test_multimodel - MainProcess - [[7089293    2018]
 [   8656    9170]]
09-17 11:24 root         INFO     - test_multimodel - MainProcess - 
             precision    recall  f1-score   support

          0       1.00      1.00      1.00   7091311
          1       0.82      0.51      0.63     17826

avg / total       1.00      1.00      1.00   7109137

09-17 11:24 root         INFO     - test_multimodel - MainProcess - f1 score is 0.63210863721
09-17 11:24 root         INFO     - test_multimodel - MainProcess - person 1 time 4
09-17 11:24 root         INFO     - test_multimodel - MainProcess - predict images
09-17 11:24 root         INFO     - test_tools - patcher - start create patch process 
09-17 11:24 root         INFO     - test_tools - patcher - patches for model
09-17 11:24 root         INFO     - test_tools - predictor - start predict process
09-17 11:24 root         INFO     - test_tools - predictor - loading model
09-17 11:24 root         INFO     - test_tools - segmentor - start segmentation process
09-17 11:24 root         INFO     - test_tools - predictor - start predict with model
09-17 11:25 root         INFO     - test_tools - patcher - finish create patch process 
09-17 11:26 root         INFO     - test_tools - predictor - finish predict process
09-17 11:26 root         INFO     - test_tools - segmentor - finish segmentation process
09-17 11:26 root         INFO     - test_multimodel - MainProcess - finished prediction
09-17 11:26 root         INFO     - test_multimodel - MainProcess - [[7090419    2292]
 [   8442    7984]]
09-17 11:26 root         INFO     - test_multimodel - MainProcess - 
             precision    recall  f1-score   support

          0       1.00      1.00      1.00   7092711
          1       0.78      0.49      0.60     16426

avg / total       1.00      1.00      1.00   7109137

09-17 11:26 root         INFO     - test_multimodel - MainProcess - f1 score is 0.598007639877
