09-12 17:56 root         INFO     - test_multimodel - MainProcess - checking combined model with pretrained experts and gate (no combined train) on person 1 time 1
09-12 17:56 root         INFO     - test_multimodel - MainProcess - predict images
09-12 17:56 root         INFO     - test_tools - patcher - start create patch process 
09-12 17:56 root         INFO     - test_tools - predictor - start predict process
09-12 17:56 root         INFO     - test_tools - predictor - loading model
09-12 17:56 root         INFO     - test_tools - patcher - patches for model
09-12 17:56 root         INFO     - test_tools - segmentor - start segmentation process
09-12 17:56 root         INFO     - test_tools - predictor - start predict with model
09-12 17:56 root         INFO     - test_tools - patcher - finish create patch process 
09-12 17:56 root         INFO     - test_tools - predictor - finish predict process
09-12 17:56 root         INFO     - test_tools - segmentor - finish segmentation process
09-12 17:56 root         INFO     - test_multimodel - MainProcess - finished prediction
09-12 17:56 root         INFO     - test_multimodel - MainProcess - [[7088485    3196]
 [   7926    9530]]
09-12 17:56 root         INFO     - test_multimodel - MainProcess - 
             precision    recall  f1-score   support

          0       1.00      1.00      1.00   7091681
          1       0.75      0.55      0.63     17456

avg / total       1.00      1.00      1.00   7109137

09-12 17:56 root         INFO     - test_multimodel - MainProcess - f1 score is 0.631502219866
09-12 17:56 root         INFO     - test_multimodel - MainProcess - checking combined model with pretrained experts and gate (no combined train) on person 1 time 2
09-12 17:56 root         INFO     - test_multimodel - MainProcess - predict images
09-12 17:56 root         INFO     - test_tools - patcher - start create patch process 
09-12 17:56 root         INFO     - test_tools - patcher - patches for model
09-12 17:56 root         INFO     - test_tools - predictor - start predict process
09-12 17:56 root         INFO     - test_tools - predictor - loading model
09-12 17:56 root         INFO     - test_tools - segmentor - start segmentation process
09-12 17:56 root         INFO     - test_tools - predictor - start predict with model
09-12 17:57 root         INFO     - test_tools - patcher - finish create patch process 
09-12 17:57 root         INFO     - test_tools - predictor - finish predict process
09-12 17:57 root         INFO     - test_tools - segmentor - finish segmentation process
09-12 17:57 root         INFO     - test_multimodel - MainProcess - finished prediction
09-12 17:57 root         INFO     - test_multimodel - MainProcess - [[7090271    3885]
 [   4999    9982]]
09-12 17:57 root         INFO     - test_multimodel - MainProcess - 
             precision    recall  f1-score   support

          0       1.00      1.00      1.00   7094156
          1       0.72      0.67      0.69     14981

avg / total       1.00      1.00      1.00   7109137

09-12 17:57 root         INFO     - test_multimodel - MainProcess - f1 score is 0.692041042707
09-12 17:57 root         INFO     - test_multimodel - MainProcess - checking combined model with pretrained experts and gate (no combined train) on person 1 time 3
09-12 17:57 root         INFO     - test_multimodel - MainProcess - predict images
09-12 17:57 root         INFO     - test_tools - patcher - start create patch process 
09-12 17:57 root         INFO     - test_tools - patcher - patches for model
09-12 17:57 root         INFO     - test_tools - predictor - start predict process
09-12 17:57 root         INFO     - test_tools - predictor - loading model
09-12 17:57 root         INFO     - test_tools - segmentor - start segmentation process
09-12 17:57 root         INFO     - test_tools - predictor - start predict with model
09-12 17:57 root         INFO     - test_tools - patcher - finish create patch process 
09-12 17:57 root         INFO     - test_tools - predictor - finish predict process
09-12 17:57 root         INFO     - test_tools - segmentor - finish segmentation process
09-12 17:57 root         INFO     - test_multimodel - MainProcess - finished prediction
09-12 17:57 root         INFO     - test_multimodel - MainProcess - [[7088734    2577]
 [   8864    8962]]
09-12 17:58 root         INFO     - test_multimodel - MainProcess - 
             precision    recall  f1-score   support

          0       1.00      1.00      1.00   7091311
          1       0.78      0.50      0.61     17826

avg / total       1.00      1.00      1.00   7109137

09-12 17:58 root         INFO     - test_multimodel - MainProcess - f1 score is 0.610386514558
09-12 17:58 root         INFO     - test_multimodel - MainProcess - checking combined model with pretrained experts and gate (no combined train) on person 1 time 4
09-12 17:58 root         INFO     - test_multimodel - MainProcess - predict images
09-12 17:58 root         INFO     - test_tools - patcher - start create patch process 
09-12 17:58 root         INFO     - test_tools - patcher - patches for model
09-12 17:58 root         INFO     - test_tools - predictor - start predict process
09-12 17:58 root         INFO     - test_tools - predictor - loading model
09-12 17:58 root         INFO     - test_tools - segmentor - start segmentation process
09-12 17:58 root         INFO     - test_tools - predictor - start predict with model
09-12 17:58 root         INFO     - test_tools - patcher - finish create patch process 
09-12 17:58 root         INFO     - test_tools - predictor - finish predict process
09-12 17:58 root         INFO     - test_tools - segmentor - finish segmentation process
09-12 17:58 root         INFO     - test_multimodel - MainProcess - finished prediction
09-12 17:58 root         INFO     - test_multimodel - MainProcess - [[7089811    2900]
 [   8387    8039]]
09-12 17:58 root         INFO     - test_multimodel - MainProcess - 
             precision    recall  f1-score   support

          0       1.00      1.00      1.00   7092711
          1       0.73      0.49      0.59     16426

avg / total       1.00      1.00      1.00   7109137

09-12 17:58 root         INFO     - test_multimodel - MainProcess - f1 score is 0.587538826969
