              precision    recall  f1-score   support

          0       0.76      0.78      0.77     14957
          1       0.76      0.64      0.69     10396
          2       0.77      0.83      0.80     15658

avg / total       0.76      0.76      0.76     41011

accuracy 
 
 0.764794811148
confusion matrix  
 
 [[11668  1151  2138]
 [ 2092  6650  1654]
 [ 1637   974 13047]]
classification 
 
              precision    recall  f1-score   support

          0       0.56      0.73      0.64      6756
          1       0.77      0.52      0.62      8727
          2       0.71      0.76      0.73     11250

avg / total       0.69      0.67      0.67     26733

accuracy 
 
 0.673025848203
confusion matrix  
 
 [[4921  397 1438]
 [2086 4517 2124]
 [1716  980 8554]]
