09-11 12:50 root         DEBUG    - train_multimodel_with_pretrained_expertes_and_gate - MainProcess - start script
09-11 12:50 root         INFO     - train_multimodel_with_pretrained_expertes_and_gate - MainProcess - TRAIN: [(2, 1), (2, 2), (2, 3), (2, 4), (3, 1), (3, 2), (3, 3), (3, 4), (3, 5), (4, 1), (4, 2), (4, 3), (4, 4)] VAL: [(5, 1), (5, 2), (5, 3), (5, 4)] , TEST: 1
09-11 12:50 root         INFO     - train_multimodel_with_pretrained_expertes_and_gate - MainProcess - training model test_1 . multimodel with pretrained expertes and gate. use parameters gate
09-11 12:50 root         DEBUG    - train_multimodel_with_pretrained_expertes_and_gate - MainProcess - creating train & val generators
09-11 12:57 root         DEBUG    - train_proccesses - random_batch_indexes - start random_batch_indexes
09-11 12:57 root         DEBUG    - train_proccesses - collect_batch - start collect_batch
09-11 12:57 root         DEBUG    - train_proccesses - MainProcess - start batch generator
09-11 12:58 root         INFO     - train_proccesses - collect_batch - finish collect_batch
09-11 12:58 root         INFO     - train_proccesses - MainProcess - finished
09-11 12:58 root         INFO     - train_multimodel_with_pretrained_expertes_and_gate - MainProcess - training combined model
09-11 12:58 root         DEBUG    - train_proccesses - random_batch_indexes - start random_batch_indexes
09-11 12:58 root         DEBUG    - train_proccesses - collect_batch - start collect_batch
09-11 12:59 root         DEBUG    - train_proccesses - MainProcess - start batch generator
09-11 13:05 root         DEBUG    - train_tools - MainProcess - epoch 0 loss 0.30375 acc 0.95373 fmeasure 0.95425 val_loss 0.37460 val_acc 0.89904 val_fmeasure0.89782 
09-11 13:11 root         DEBUG    - train_tools - MainProcess - epoch 1 loss 0.25833 acc 0.95556 fmeasure 0.95614 val_loss 0.33738 val_acc 0.90504 val_fmeasure0.90426 
09-11 13:18 root         DEBUG    - train_tools - MainProcess - epoch 2 loss 0.23220 acc 0.95610 fmeasure 0.95668 val_loss 0.31187 val_acc 0.90962 val_fmeasure0.90913 
09-11 13:24 root         DEBUG    - train_tools - MainProcess - epoch 3 loss 0.21284 acc 0.95739 fmeasure 0.95795 val_loss 0.29913 val_acc 0.90642 val_fmeasure0.90557 
09-11 13:31 root         DEBUG    - train_tools - MainProcess - epoch 4 loss 0.20091 acc 0.95706 fmeasure 0.95765 val_loss 0.29837 val_acc 0.89584 val_fmeasure0.89281 
09-11 13:31 root         ERROR    - train_multimodel_with_pretrained_expertes_and_gate - MainProcess - Uncaught exception: generator already executing
None
