08-07 08:57 root         DEBUG    - train_multimodel - MainProcess - start script
08-07 08:57 root         INFO     - train_multimodel - MainProcess - TRAIN: [(2, 1), (2, 2), (2, 3), (2, 4), (3, 1), (3, 2), (3, 3), (3, 4), (3, 5), (4, 1), (4, 2), (4, 3), (4, 4)] VAL: [(5, 1), (5, 2), (5, 3), (5, 4)] , TEST: 1
08-07 08:57 root         INFO     - train_multimodel - MainProcess - training model test_1
08-07 08:57 root         DEBUG    - train_multimodel - MainProcess - creating train & val generators
08-07 08:57 root         DEBUG    - train_proccesses - random_batch_indexes - start random_batch_indexes
08-07 08:57 root         DEBUG    - train_proccesses - collect_batch - start collect_batch
08-07 08:57 root         DEBUG    - train_proccesses - MainProcess - start batch generator
08-07 08:58 root         INFO     - train_proccesses - MainProcess - finished
08-07 08:58 root         INFO     - train_multimodel - MainProcess - training combined model
08-07 08:58 root         DEBUG    - train_proccesses - random_batch_indexes - start random_batch_indexes
08-07 08:58 root         DEBUG    - train_proccesses - collect_batch - start collect_batch
08-07 08:59 root         DEBUG    - train_proccesses - MainProcess - start batch generator
08-07 09:06 root         DEBUG    - train_tools - MainProcess - epoch 0 loss 1.40245 acc 0.71145 fmeasure 0.76873 val_loss 1.22711 val_acc 0.84611 val_fmeasure0.86120 
08-07 09:12 root         DEBUG    - train_tools - MainProcess - epoch 1 loss 1.05817 acc 0.70700 fmeasure 0.68530 val_loss 0.89924 val_acc 0.76084 val_fmeasure0.72684 
08-07 09:19 root         DEBUG    - train_tools - MainProcess - epoch 2 loss 0.74074 acc 0.83985 fmeasure 0.84164 val_loss 0.67518 val_acc 0.84547 val_fmeasure0.84543 
08-07 09:25 root         DEBUG    - train_tools - MainProcess - epoch 3 loss 0.56152 acc 0.88699 fmeasure 0.88852 val_loss 0.56631 val_acc 0.86062 val_fmeasure0.86134 
08-07 09:32 root         DEBUG    - train_tools - MainProcess - epoch 4 loss 0.45378 acc 0.90681 fmeasure 0.90808 val_loss 0.48616 val_acc 0.87012 val_fmeasure0.87045 
08-07 09:39 root         DEBUG    - train_tools - MainProcess - epoch 5 loss 0.37873 acc 0.92051 fmeasure 0.92165 val_loss 0.42707 val_acc 0.87645 val_fmeasure0.87636 
08-07 09:45 root         DEBUG    - train_tools - MainProcess - epoch 6 loss 0.32630 acc 0.92888 fmeasure 0.92996 val_loss 0.39858 val_acc 0.87534 val_fmeasure0.87366 
08-07 09:52 root         DEBUG    - train_tools - MainProcess - epoch 7 loss 0.29131 acc 0.93398 fmeasure 0.93499 val_loss 0.36510 val_acc 0.89877 val_fmeasure0.90482 
08-07 09:59 root         DEBUG    - train_tools - MainProcess - epoch 8 loss 0.26925 acc 0.93610 fmeasure 0.93701 val_loss 0.33372 val_acc 0.90015 val_fmeasure0.90390 
08-07 10:05 root         DEBUG    - train_tools - MainProcess - epoch 9 loss 0.24668 acc 0.94102 fmeasure 0.94182 val_loss 0.32890 val_acc 0.88840 val_fmeasure0.88771 
08-07 10:12 root         DEBUG    - train_tools - MainProcess - epoch 10 loss 0.23244 acc 0.94337 fmeasure 0.94411 val_loss 0.32690 val_acc 0.88382 val_fmeasure0.88061 
08-07 10:19 root         DEBUG    - train_tools - MainProcess - epoch 11 loss 0.22529 acc 0.94353 fmeasure 0.94428 val_loss 0.30426 val_acc 0.89709 val_fmeasure0.89841 
08-07 10:25 root         DEBUG    - train_tools - MainProcess - epoch 12 loss 0.21511 acc 0.94603 fmeasure 0.94676 val_loss 0.29948 val_acc 0.89601 val_fmeasure0.89652 
08-07 10:32 root         DEBUG    - train_tools - MainProcess - epoch 13 loss 0.20997 acc 0.94656 fmeasure 0.94731 val_loss 0.29842 val_acc 0.89696 val_fmeasure0.89820 
08-07 10:39 root         DEBUG    - train_tools - MainProcess - epoch 14 loss 0.20452 acc 0.94730 fmeasure 0.94803 val_loss 0.29518 val_acc 0.89514 val_fmeasure0.89584 
08-07 10:45 root         DEBUG    - train_tools - MainProcess - epoch 15 loss 0.19934 acc 0.94831 fmeasure 0.94902 val_loss 0.28736 val_acc 0.90416 val_fmeasure0.90722 
08-07 10:52 root         DEBUG    - train_tools - MainProcess - epoch 16 loss 0.19581 acc 0.94909 fmeasure 0.94979 val_loss 0.28213 val_acc 0.90669 val_fmeasure0.91005 
08-07 10:58 root         DEBUG    - train_tools - MainProcess - epoch 17 loss 0.19425 acc 0.94917 fmeasure 0.94989 val_loss 0.29120 val_acc 0.89524 val_fmeasure0.89567 
08-07 11:05 root         DEBUG    - train_tools - MainProcess - epoch 18 loss 0.19059 acc 0.95022 fmeasure 0.95090 val_loss 0.28886 val_acc 0.89369 val_fmeasure0.89377 
08-07 11:12 root         DEBUG    - train_tools - MainProcess - epoch 19 loss 0.18712 acc 0.95044 fmeasure 0.95115 val_loss 0.32611 val_acc 0.86958 val_fmeasure0.86141 
08-07 11:18 root         DEBUG    - train_tools - MainProcess - epoch 20 loss 0.18584 acc 0.95081 fmeasure 0.95152 val_loss 0.31356 val_acc 0.87705 val_fmeasure0.87099 
08-07 11:25 root         DEBUG    - train_tools - MainProcess - epoch 21 loss 0.18439 acc 0.95068 fmeasure 0.95136 val_loss 0.28557 val_acc 0.89052 val_fmeasure0.88873 
08-07 11:32 root         DEBUG    - train_tools - MainProcess - epoch 22 loss 0.18215 acc 0.95168 fmeasure 0.95240 val_loss 0.28775 val_acc 0.89042 val_fmeasure0.88915 
08-07 11:38 root         DEBUG    - train_tools - MainProcess - epoch 23 loss 0.17974 acc 0.95226 fmeasure 0.95295 val_loss 0.27940 val_acc 0.89497 val_fmeasure0.89409 
08-07 11:45 root         DEBUG    - train_tools - MainProcess - epoch 24 loss 0.17728 acc 0.95270 fmeasure 0.95337 val_loss 0.26607 val_acc 0.90362 val_fmeasure0.90492 
08-07 11:52 root         DEBUG    - train_tools - MainProcess - epoch 25 loss 0.17713 acc 0.95243 fmeasure 0.95311 val_loss 0.26891 val_acc 0.90807 val_fmeasure0.91155 
08-07 11:58 root         DEBUG    - train_tools - MainProcess - epoch 26 loss 0.17523 acc 0.95310 fmeasure 0.95380 val_loss 0.28677 val_acc 0.88891 val_fmeasure0.88626 
08-07 12:05 root         DEBUG    - train_tools - MainProcess - epoch 27 loss 0.17380 acc 0.95331 fmeasure 0.95399 val_loss 0.26777 val_acc 0.90147 val_fmeasure0.90271 
08-07 12:12 root         DEBUG    - train_tools - MainProcess - epoch 28 loss 0.17233 acc 0.95374 fmeasure 0.95441 val_loss 0.29773 val_acc 0.88409 val_fmeasure0.87876 
08-07 12:18 root         DEBUG    - train_tools - MainProcess - epoch 29 loss 0.17112 acc 0.95359 fmeasure 0.95426 val_loss 0.26328 val_acc 0.90790 val_fmeasure0.91077 
08-07 12:25 root         DEBUG    - train_tools - MainProcess - epoch 30 loss 0.17103 acc 0.95387 fmeasure 0.95457 val_loss 0.27542 val_acc 0.89537 val_fmeasure0.89490 
08-07 12:31 root         DEBUG    - train_tools - MainProcess - epoch 31 loss 0.16907 acc 0.95411 fmeasure 0.95480 val_loss 0.25840 val_acc 0.91049 val_fmeasure0.91384 
08-07 12:38 root         DEBUG    - train_tools - MainProcess - epoch 32 loss 0.16818 acc 0.95426 fmeasure 0.95494 val_loss 0.26193 val_acc 0.90362 val_fmeasure0.90429 
08-07 12:45 root         DEBUG    - train_tools - MainProcess - epoch 33 loss 0.16650 acc 0.95507 fmeasure 0.95572 val_loss 0.30612 val_acc 0.87672 val_fmeasure0.86942 
08-07 12:51 root         DEBUG    - train_tools - MainProcess - epoch 34 loss 0.16702 acc 0.95461 fmeasure 0.95532 val_loss 0.25308 val_acc 0.91002 val_fmeasure0.91284 
08-07 12:58 root         DEBUG    - train_tools - MainProcess - epoch 35 loss 0.16575 acc 0.95478 fmeasure 0.95548 val_loss 0.25747 val_acc 0.90834 val_fmeasure0.91078 
08-07 13:05 root         DEBUG    - train_tools - MainProcess - epoch 36 loss 0.16520 acc 0.95501 fmeasure 0.95570 val_loss 0.25349 val_acc 0.90908 val_fmeasure0.91136 
08-07 13:11 root         DEBUG    - train_tools - MainProcess - epoch 37 loss 0.16390 acc 0.95542 fmeasure 0.95611 val_loss 0.25435 val_acc 0.90911 val_fmeasure0.91164 
08-07 13:18 root         DEBUG    - train_tools - MainProcess - epoch 38 loss 0.16383 acc 0.95509 fmeasure 0.95580 val_loss 0.25659 val_acc 0.90588 val_fmeasure0.90679 
08-07 13:25 root         DEBUG    - train_tools - MainProcess - epoch 39 loss 0.16203 acc 0.95586 fmeasure 0.95655 val_loss 0.26784 val_acc 0.89662 val_fmeasure0.89505 
08-07 13:31 root         DEBUG    - train_tools - MainProcess - epoch 40 loss 0.16163 acc 0.95546 fmeasure 0.95614 val_loss 0.25890 val_acc 0.90349 val_fmeasure0.90364 
08-07 13:38 root         DEBUG    - train_tools - MainProcess - epoch 41 loss 0.16019 acc 0.95619 fmeasure 0.95683 val_loss 0.24989 val_acc 0.91100 val_fmeasure0.91355 
08-07 13:44 root         DEBUG    - train_tools - MainProcess - epoch 42 loss 0.15890 acc 0.95695 fmeasure 0.95764 val_loss 0.25997 val_acc 0.90090 val_fmeasure0.90003 
08-07 13:51 root         DEBUG    - train_tools - MainProcess - epoch 43 loss 0.15932 acc 0.95626 fmeasure 0.95692 val_loss 0.25361 val_acc 0.90921 val_fmeasure0.91073 
08-07 13:58 root         DEBUG    - train_tools - MainProcess - epoch 44 loss 0.15871 acc 0.95622 fmeasure 0.95690 val_loss 0.25997 val_acc 0.90120 val_fmeasure0.90049 
08-07 14:04 root         DEBUG    - train_tools - MainProcess - epoch 45 loss 0.15784 acc 0.95668 fmeasure 0.95734 val_loss 0.24883 val_acc 0.91410 val_fmeasure0.91794 
08-07 14:11 root         DEBUG    - train_tools - MainProcess - epoch 46 loss 0.15561 acc 0.95741 fmeasure 0.95805 val_loss 0.27413 val_acc 0.89073 val_fmeasure0.88777 
08-07 14:17 root         DEBUG    - train_tools - MainProcess - epoch 47 loss 0.15640 acc 0.95708 fmeasure 0.95773 val_loss 0.25195 val_acc 0.90659 val_fmeasure0.90701 
08-07 14:24 root         DEBUG    - train_tools - MainProcess - epoch 48 loss 0.15535 acc 0.95739 fmeasure 0.95804 val_loss 0.25610 val_acc 0.90201 val_fmeasure0.90081 
08-07 14:31 root         DEBUG    - train_tools - MainProcess - epoch 49 loss 0.15495 acc 0.95748 fmeasure 0.95814 val_loss 0.24274 val_acc 0.91460 val_fmeasure0.91743 
08-07 14:37 root         DEBUG    - train_tools - MainProcess - epoch 50 loss 0.15507 acc 0.95719 fmeasure 0.95786 val_loss 0.24416 val_acc 0.91285 val_fmeasure0.91544 
08-07 14:44 root         DEBUG    - train_tools - MainProcess - epoch 51 loss 0.15470 acc 0.95705 fmeasure 0.95774 val_loss 0.25019 val_acc 0.90541 val_fmeasure0.90516 
08-07 14:50 root         DEBUG    - train_tools - MainProcess - epoch 52 loss 0.15396 acc 0.95779 fmeasure 0.95843 val_loss 0.24830 val_acc 0.90699 val_fmeasure0.90708 
08-07 14:57 root         DEBUG    - train_tools - MainProcess - epoch 53 loss 0.15226 acc 0.95796 fmeasure 0.95863 val_loss 0.27825 val_acc 0.88945 val_fmeasure0.88496 
08-07 15:04 root         DEBUG    - train_tools - MainProcess - epoch 54 loss 0.15315 acc 0.95759 fmeasure 0.95826 val_loss 0.25070 val_acc 0.90803 val_fmeasure0.90907 
08-07 15:10 root         DEBUG    - train_tools - MainProcess - epoch 55 loss 0.15139 acc 0.95833 fmeasure 0.95897 val_loss 0.25595 val_acc 0.90255 val_fmeasure0.90198 
08-07 15:17 root         DEBUG    - train_tools - MainProcess - epoch 56 loss 0.15194 acc 0.95807 fmeasure 0.95876 val_loss 0.23963 val_acc 0.91612 val_fmeasure0.91927 
08-07 15:24 root         DEBUG    - train_tools - MainProcess - epoch 57 loss 0.15131 acc 0.95798 fmeasure 0.95863 val_loss 0.25960 val_acc 0.89948 val_fmeasure0.89825 
08-07 15:30 root         DEBUG    - train_tools - MainProcess - epoch 58 loss 0.15088 acc 0.95830 fmeasure 0.95896 val_loss 0.25927 val_acc 0.90076 val_fmeasure0.89982 
08-07 15:37 root         DEBUG    - train_tools - MainProcess - epoch 59 loss 0.14973 acc 0.95845 fmeasure 0.95909 val_loss 0.23776 val_acc 0.91686 val_fmeasure0.91968 
08-07 15:43 root         DEBUG    - train_tools - MainProcess - epoch 60 loss 0.14937 acc 0.95849 fmeasure 0.95914 val_loss 0.25631 val_acc 0.90143 val_fmeasure0.90019 
08-07 15:50 root         DEBUG    - train_tools - MainProcess - epoch 61 loss 0.14868 acc 0.95918 fmeasure 0.95979 val_loss 0.26573 val_acc 0.89406 val_fmeasure0.89102 
08-07 15:57 root         DEBUG    - train_tools - MainProcess - epoch 62 loss 0.14927 acc 0.95833 fmeasure 0.95899 val_loss 0.23955 val_acc 0.91312 val_fmeasure0.91469 
08-07 16:04 root         DEBUG    - train_tools - MainProcess - epoch 63 loss 0.14704 acc 0.95898 fmeasure 0.95960 val_loss 0.25078 val_acc 0.90396 val_fmeasure0.90349 
08-07 16:10 root         DEBUG    - train_tools - MainProcess - epoch 64 loss 0.14734 acc 0.95911 fmeasure 0.95975 val_loss 0.29123 val_acc 0.87928 val_fmeasure0.87154 
08-07 16:17 root         DEBUG    - train_tools - MainProcess - epoch 65 loss 0.14901 acc 0.95856 fmeasure 0.95923 val_loss 0.28459 val_acc 0.88429 val_fmeasure0.87855 
08-07 16:24 root         DEBUG    - train_tools - MainProcess - epoch 66 loss 0.14725 acc 0.95906 fmeasure 0.95970 val_loss 0.24514 val_acc 0.91369 val_fmeasure0.91661 
08-07 16:30 root         DEBUG    - train_tools - MainProcess - epoch 67 loss 0.14688 acc 0.95900 fmeasure 0.95965 val_loss 0.25119 val_acc 0.90271 val_fmeasure0.90164 
08-07 16:37 root         DEBUG    - train_tools - MainProcess - epoch 68 loss 0.14648 acc 0.95918 fmeasure 0.95981 val_loss 0.24927 val_acc 0.90379 val_fmeasure0.90289 
08-07 16:44 root         DEBUG    - train_tools - MainProcess - epoch 69 loss 0.14560 acc 0.95931 fmeasure 0.95994 val_loss 0.25842 val_acc 0.89941 val_fmeasure0.89826 
08-07 16:51 root         DEBUG    - train_tools - MainProcess - epoch 70 loss 0.14642 acc 0.95908 fmeasure 0.95974 val_loss 0.24506 val_acc 0.91046 val_fmeasure0.91133 
08-07 16:57 root         DEBUG    - train_tools - MainProcess - epoch 71 loss 0.14496 acc 0.95970 fmeasure 0.96035 val_loss 0.24056 val_acc 0.91228 val_fmeasure0.91346 
08-07 17:04 root         DEBUG    - train_tools - MainProcess - epoch 72 loss 0.14542 acc 0.95968 fmeasure 0.96032 val_loss 0.23475 val_acc 0.91591 val_fmeasure0.91827 
08-07 17:11 root         DEBUG    - train_tools - MainProcess - epoch 73 loss 0.14532 acc 0.95916 fmeasure 0.95982 val_loss 0.29128 val_acc 0.87864 val_fmeasure0.87122 
08-07 17:17 root         DEBUG    - train_tools - MainProcess - epoch 74 loss 0.14501 acc 0.95944 fmeasure 0.96010 val_loss 0.23996 val_acc 0.91413 val_fmeasure0.91606 
08-07 17:24 root         DEBUG    - train_tools - MainProcess - epoch 75 loss 0.14391 acc 0.95968 fmeasure 0.96031 val_loss 0.25005 val_acc 0.90322 val_fmeasure0.90228 
08-07 17:31 root         DEBUG    - train_tools - MainProcess - epoch 76 loss 0.14463 acc 0.95946 fmeasure 0.96012 val_loss 0.26838 val_acc 0.89153 val_fmeasure0.88868 
08-07 17:37 root         DEBUG    - train_tools - MainProcess - epoch 77 loss 0.14391 acc 0.95959 fmeasure 0.96023 val_loss 0.28267 val_acc 0.88423 val_fmeasure0.87825 
08-07 17:44 root         DEBUG    - train_tools - MainProcess - epoch 78 loss 0.14278 acc 0.96003 fmeasure 0.96067 val_loss 0.24718 val_acc 0.91635 val_fmeasure0.92065 
08-07 17:51 root         DEBUG    - train_tools - MainProcess - epoch 79 loss 0.14321 acc 0.96004 fmeasure 0.96067 val_loss 0.26714 val_acc 0.89137 val_fmeasure0.88765 
08-07 17:57 root         DEBUG    - train_tools - MainProcess - epoch 80 loss 0.14228 acc 0.95987 fmeasure 0.96049 val_loss 0.23713 val_acc 0.91719 val_fmeasure0.92017 
08-07 18:04 root         DEBUG    - train_tools - MainProcess - epoch 81 loss 0.14290 acc 0.95967 fmeasure 0.96031 val_loss 0.23680 val_acc 0.91228 val_fmeasure0.91301 
08-07 18:11 root         DEBUG    - train_tools - MainProcess - epoch 82 loss 0.14260 acc 0.96002 fmeasure 0.96067 val_loss 0.24132 val_acc 0.91032 val_fmeasure0.91123 
08-07 18:17 root         DEBUG    - train_tools - MainProcess - epoch 83 loss 0.14174 acc 0.96023 fmeasure 0.96088 val_loss 0.29265 val_acc 0.88015 val_fmeasure0.87303 
08-07 18:24 root         DEBUG    - train_tools - MainProcess - epoch 84 loss 0.14113 acc 0.96016 fmeasure 0.96079 val_loss 0.24038 val_acc 0.91123 val_fmeasure0.91215 
08-07 18:31 root         DEBUG    - train_tools - MainProcess - epoch 85 loss 0.14111 acc 0.96012 fmeasure 0.96075 val_loss 0.24821 val_acc 0.90322 val_fmeasure0.90273 
08-07 18:37 root         DEBUG    - train_tools - MainProcess - epoch 86 loss 0.14152 acc 0.96022 fmeasure 0.96087 val_loss 0.23358 val_acc 0.91736 val_fmeasure0.92026 
08-07 18:44 root         DEBUG    - train_tools - MainProcess - epoch 87 loss 0.13962 acc 0.96103 fmeasure 0.96164 val_loss 0.23470 val_acc 0.91524 val_fmeasure0.91700 
08-07 18:51 root         DEBUG    - train_tools - MainProcess - epoch 88 loss 0.14029 acc 0.96055 fmeasure 0.96118 val_loss 0.24297 val_acc 0.90733 val_fmeasure0.90675 
08-07 18:57 root         DEBUG    - train_tools - MainProcess - epoch 89 loss 0.13978 acc 0.96074 fmeasure 0.96134 val_loss 0.23810 val_acc 0.91177 val_fmeasure0.91256 
08-07 19:04 root         DEBUG    - train_tools - MainProcess - epoch 90 loss 0.13952 acc 0.96081 fmeasure 0.96145 val_loss 0.24229 val_acc 0.90669 val_fmeasure0.90613 
08-07 19:11 root         DEBUG    - train_tools - MainProcess - epoch 91 loss 0.14014 acc 0.96062 fmeasure 0.96126 val_loss 0.24501 val_acc 0.90423 val_fmeasure0.90287 
08-07 19:17 root         DEBUG    - train_tools - MainProcess - epoch 92 loss 0.13980 acc 0.96049 fmeasure 0.96111 val_loss 0.23677 val_acc 0.91184 val_fmeasure0.91255 
08-07 19:24 root         DEBUG    - train_tools - MainProcess - epoch 93 loss 0.13956 acc 0.96084 fmeasure 0.96148 val_loss 0.29460 val_acc 0.87907 val_fmeasure0.87073 
08-07 19:31 root         DEBUG    - train_tools - MainProcess - epoch 94 loss 0.14155 acc 0.95977 fmeasure 0.96043 val_loss 0.24087 val_acc 0.90750 val_fmeasure0.90677 
08-07 19:37 root         DEBUG    - train_tools - MainProcess - epoch 95 loss 0.13844 acc 0.96095 fmeasure 0.96156 val_loss 0.26096 val_acc 0.89669 val_fmeasure0.89485 
08-07 19:44 root         DEBUG    - train_tools - MainProcess - epoch 96 loss 0.13832 acc 0.96075 fmeasure 0.96137 val_loss 0.26048 val_acc 0.89605 val_fmeasure0.89317 
08-07 19:51 root         DEBUG    - train_tools - MainProcess - epoch 97 loss 0.13846 acc 0.96084 fmeasure 0.96148 val_loss 0.24308 val_acc 0.90810 val_fmeasure0.90813 
08-07 19:57 root         DEBUG    - train_tools - MainProcess - epoch 98 loss 0.13882 acc 0.96101 fmeasure 0.96162 val_loss 0.23829 val_acc 0.90948 val_fmeasure0.90988 
08-07 20:04 root         DEBUG    - train_tools - MainProcess - epoch 99 loss 0.13850 acc 0.96084 fmeasure 0.96145 val_loss 0.26971 val_acc 0.88887 val_fmeasure0.88418 
08-07 20:11 root         DEBUG    - train_tools - MainProcess - epoch 100 loss 0.13759 acc 0.96074 fmeasure 0.96134 val_loss 0.23092 val_acc 0.91888 val_fmeasure0.92159 
08-07 20:17 root         DEBUG    - train_tools - MainProcess - epoch 101 loss 0.13889 acc 0.96027 fmeasure 0.96091 val_loss 0.23877 val_acc 0.91056 val_fmeasure0.91102 
08-07 20:24 root         DEBUG    - train_tools - MainProcess - epoch 102 loss 0.13588 acc 0.96193 fmeasure 0.96253 val_loss 0.23671 val_acc 0.91450 val_fmeasure0.91620 
08-07 20:31 root         DEBUG    - train_tools - MainProcess - epoch 103 loss 0.13791 acc 0.96087 fmeasure 0.96151 val_loss 0.24066 val_acc 0.90864 val_fmeasure0.90870 
08-07 20:37 root         DEBUG    - train_tools - MainProcess - epoch 104 loss 0.13606 acc 0.96132 fmeasure 0.96192 val_loss 0.23016 val_acc 0.91733 val_fmeasure0.91942 
08-07 20:44 root         DEBUG    - train_tools - MainProcess - epoch 105 loss 0.13728 acc 0.96095 fmeasure 0.96160 val_loss 0.23388 val_acc 0.91534 val_fmeasure0.91715 
08-07 20:51 root         DEBUG    - train_tools - MainProcess - epoch 106 loss 0.13660 acc 0.96133 fmeasure 0.96194 val_loss 0.23193 val_acc 0.91844 val_fmeasure0.92123 
08-07 20:58 root         DEBUG    - train_tools - MainProcess - epoch 107 loss 0.13746 acc 0.96100 fmeasure 0.96162 val_loss 0.24848 val_acc 0.90319 val_fmeasure0.90212 
08-07 21:04 root         DEBUG    - train_tools - MainProcess - epoch 108 loss 0.13685 acc 0.96078 fmeasure 0.96141 val_loss 0.23093 val_acc 0.91861 val_fmeasure0.92148 
08-07 21:11 root         DEBUG    - train_tools - MainProcess - epoch 109 loss 0.13669 acc 0.96073 fmeasure 0.96137 val_loss 0.23049 val_acc 0.91831 val_fmeasure0.92093 
08-07 21:18 root         DEBUG    - train_tools - MainProcess - epoch 110 loss 0.13571 acc 0.96147 fmeasure 0.96208 val_loss 0.23483 val_acc 0.91211 val_fmeasure0.91267 
08-07 21:24 root         DEBUG    - train_tools - MainProcess - epoch 111 loss 0.13575 acc 0.96124 fmeasure 0.96187 val_loss 0.25378 val_acc 0.90029 val_fmeasure0.89895 
08-07 21:31 root         DEBUG    - train_tools - MainProcess - epoch 112 loss 0.13545 acc 0.96162 fmeasure 0.96223 val_loss 0.23536 val_acc 0.91140 val_fmeasure0.91213 
08-07 21:38 root         DEBUG    - train_tools - MainProcess - epoch 113 loss 0.13557 acc 0.96118 fmeasure 0.96181 val_loss 0.24146 val_acc 0.90689 val_fmeasure0.90625 
08-07 21:44 root         DEBUG    - train_tools - MainProcess - epoch 114 loss 0.13592 acc 0.96107 fmeasure 0.96170 val_loss 0.27400 val_acc 0.88477 val_fmeasure0.87897 
08-07 21:51 root         DEBUG    - train_tools - MainProcess - epoch 115 loss 0.13485 acc 0.96176 fmeasure 0.96238 val_loss 0.22970 val_acc 0.91750 val_fmeasure0.91979 
08-07 21:58 root         DEBUG    - train_tools - MainProcess - epoch 116 loss 0.13464 acc 0.96156 fmeasure 0.96219 val_loss 0.24591 val_acc 0.90315 val_fmeasure0.90167 
08-07 22:05 root         DEBUG    - train_tools - MainProcess - epoch 117 loss 0.13420 acc 0.96208 fmeasure 0.96267 val_loss 0.25249 val_acc 0.89800 val_fmeasure0.89571 
08-07 22:11 root         DEBUG    - train_tools - MainProcess - epoch 118 loss 0.13449 acc 0.96166 fmeasure 0.96227 val_loss 0.22878 val_acc 0.91629 val_fmeasure0.91793 
08-07 22:18 root         DEBUG    - train_tools - MainProcess - epoch 119 loss 0.13485 acc 0.96158 fmeasure 0.96222 val_loss 0.31853 val_acc 0.86278 val_fmeasure0.85059 
08-07 22:25 root         DEBUG    - train_tools - MainProcess - epoch 120 loss 0.13481 acc 0.96160 fmeasure 0.96220 val_loss 0.23126 val_acc 0.91736 val_fmeasure0.91987 
08-07 22:31 root         DEBUG    - train_tools - MainProcess - epoch 121 loss 0.13332 acc 0.96207 fmeasure 0.96266 val_loss 0.23587 val_acc 0.91133 val_fmeasure0.91206 
08-07 22:38 root         DEBUG    - train_tools - MainProcess - epoch 122 loss 0.13369 acc 0.96213 fmeasure 0.96273 val_loss 0.24355 val_acc 0.90531 val_fmeasure0.90453 
08-07 22:45 root         DEBUG    - train_tools - MainProcess - epoch 123 loss 0.13460 acc 0.96172 fmeasure 0.96236 val_loss 0.27682 val_acc 0.88345 val_fmeasure0.87788 
08-07 22:52 root         DEBUG    - train_tools - MainProcess - epoch 124 loss 0.13282 acc 0.96208 fmeasure 0.96268 val_loss 0.23386 val_acc 0.91245 val_fmeasure0.91335 
08-07 22:58 root         DEBUG    - train_tools - MainProcess - epoch 125 loss 0.13274 acc 0.96226 fmeasure 0.96287 val_loss 0.27387 val_acc 0.88453 val_fmeasure0.87900 
08-07 23:05 root         DEBUG    - train_tools - MainProcess - epoch 126 loss 0.13333 acc 0.96172 fmeasure 0.96233 val_loss 0.22859 val_acc 0.91864 val_fmeasure0.92110 
08-07 23:11 root         DEBUG    - train_tools - MainProcess - epoch 127 loss 0.13125 acc 0.96260 fmeasure 0.96320 val_loss 0.23377 val_acc 0.91686 val_fmeasure0.91908 
08-07 23:18 root         DEBUG    - train_tools - MainProcess - epoch 128 loss 0.13309 acc 0.96187 fmeasure 0.96247 val_loss 0.23570 val_acc 0.91090 val_fmeasure0.91103 
08-07 23:25 root         DEBUG    - train_tools - MainProcess - epoch 129 loss 0.13299 acc 0.96176 fmeasure 0.96236 val_loss 0.23340 val_acc 0.91450 val_fmeasure0.91613 
08-07 23:31 root         DEBUG    - train_tools - MainProcess - epoch 130 loss 0.13270 acc 0.96192 fmeasure 0.96254 val_loss 0.24161 val_acc 0.91827 val_fmeasure0.92271 
08-07 23:38 root         DEBUG    - train_tools - MainProcess - epoch 131 loss 0.13248 acc 0.96200 fmeasure 0.96261 val_loss 0.23264 val_acc 0.91548 val_fmeasure0.91727 
08-07 23:45 root         DEBUG    - train_tools - MainProcess - epoch 132 loss 0.13256 acc 0.96200 fmeasure 0.96262 val_loss 0.25088 val_acc 0.90005 val_fmeasure0.89787 
08-07 23:51 root         DEBUG    - train_tools - MainProcess - epoch 133 loss 0.13246 acc 0.96179 fmeasure 0.96241 val_loss 0.29807 val_acc 0.87348 val_fmeasure0.86421 
08-07 23:58 root         DEBUG    - train_tools - MainProcess - epoch 134 loss 0.13173 acc 0.96236 fmeasure 0.96297 val_loss 0.23514 val_acc 0.91325 val_fmeasure0.91448 
08-08 00:05 root         DEBUG    - train_tools - MainProcess - epoch 135 loss 0.13114 acc 0.96271 fmeasure 0.96334 val_loss 0.23791 val_acc 0.91474 val_fmeasure0.91719 
08-08 00:11 root         DEBUG    - train_tools - MainProcess - epoch 136 loss 0.13128 acc 0.96236 fmeasure 0.96298 val_loss 0.23510 val_acc 0.91110 val_fmeasure0.91175 
08-08 00:18 root         DEBUG    - train_tools - MainProcess - epoch 137 loss 0.13135 acc 0.96237 fmeasure 0.96298 val_loss 0.22702 val_acc 0.91709 val_fmeasure0.91874 
08-08 00:25 root         DEBUG    - train_tools - MainProcess - epoch 138 loss 0.13025 acc 0.96298 fmeasure 0.96357 val_loss 0.24052 val_acc 0.90699 val_fmeasure0.90675 
08-08 00:32 root         DEBUG    - train_tools - MainProcess - epoch 139 loss 0.13032 acc 0.96254 fmeasure 0.96315 val_loss 0.24692 val_acc 0.90265 val_fmeasure0.90152 
08-08 00:38 root         DEBUG    - train_tools - MainProcess - epoch 140 loss 0.13170 acc 0.96232 fmeasure 0.96292 val_loss 0.24064 val_acc 0.90760 val_fmeasure0.90724 
08-08 00:45 root         DEBUG    - train_tools - MainProcess - epoch 141 loss 0.13032 acc 0.96245 fmeasure 0.96305 val_loss 0.24912 val_acc 0.90053 val_fmeasure0.89835 
08-08 00:52 root         DEBUG    - train_tools - MainProcess - epoch 142 loss 0.13090 acc 0.96236 fmeasure 0.96297 val_loss 0.22371 val_acc 0.92029 val_fmeasure0.92260 
08-08 00:59 root         DEBUG    - train_tools - MainProcess - epoch 143 loss 0.13021 acc 0.96271 fmeasure 0.96331 val_loss 0.24230 val_acc 0.90612 val_fmeasure0.90591 
08-08 01:05 root         DEBUG    - train_tools - MainProcess - epoch 144 loss 0.12975 acc 0.96297 fmeasure 0.96357 val_loss 0.23390 val_acc 0.91992 val_fmeasure0.92361 
08-08 01:12 root         DEBUG    - train_tools - MainProcess - epoch 145 loss 0.12923 acc 0.96301 fmeasure 0.96361 val_loss 0.24126 val_acc 0.90729 val_fmeasure0.90744 
08-08 01:18 root         DEBUG    - train_tools - MainProcess - epoch 146 loss 0.13055 acc 0.96212 fmeasure 0.96273 val_loss 0.25471 val_acc 0.89628 val_fmeasure0.89328 
08-08 01:25 root         DEBUG    - train_tools - MainProcess - epoch 147 loss 0.13125 acc 0.96208 fmeasure 0.96272 val_loss 0.23623 val_acc 0.91150 val_fmeasure0.91260 
08-08 01:32 root         DEBUG    - train_tools - MainProcess - epoch 148 loss 0.13010 acc 0.96285 fmeasure 0.96348 val_loss 0.24382 val_acc 0.90770 val_fmeasure0.90813 
08-08 01:38 root         DEBUG    - train_tools - MainProcess - epoch 149 loss 0.12954 acc 0.96263 fmeasure 0.96323 val_loss 0.23289 val_acc 0.91278 val_fmeasure0.91353 
08-08 01:45 root         DEBUG    - train_tools - MainProcess - epoch 150 loss 0.12980 acc 0.96260 fmeasure 0.96320 val_loss 0.22417 val_acc 0.91750 val_fmeasure0.91905 
08-08 01:52 root         DEBUG    - train_tools - MainProcess - epoch 151 loss 0.12930 acc 0.96315 fmeasure 0.96374 val_loss 0.23992 val_acc 0.90729 val_fmeasure0.90703 
08-08 01:59 root         DEBUG    - train_tools - MainProcess - epoch 152 loss 0.12938 acc 0.96280 fmeasure 0.96341 val_loss 0.25770 val_acc 0.89574 val_fmeasure0.89294 
08-08 02:05 root         DEBUG    - train_tools - MainProcess - epoch 153 loss 0.12922 acc 0.96259 fmeasure 0.96320 val_loss 0.30700 val_acc 0.87079 val_fmeasure0.85961 
08-08 02:12 root         DEBUG    - train_tools - MainProcess - epoch 154 loss 0.12916 acc 0.96282 fmeasure 0.96343 val_loss 0.23278 val_acc 0.91204 val_fmeasure0.91240 
08-08 02:19 root         DEBUG    - train_tools - MainProcess - epoch 155 loss 0.12876 acc 0.96319 fmeasure 0.96376 val_loss 0.27762 val_acc 0.88197 val_fmeasure0.87543 
08-08 02:25 root         DEBUG    - train_tools - MainProcess - epoch 156 loss 0.12974 acc 0.96239 fmeasure 0.96301 val_loss 0.25726 val_acc 0.89692 val_fmeasure0.89418 
08-08 02:32 root         DEBUG    - train_tools - MainProcess - epoch 157 loss 0.12758 acc 0.96306 fmeasure 0.96364 val_loss 0.23989 val_acc 0.90669 val_fmeasure0.90629 
08-08 02:32 root         INFO     - train_tools - MainProcess - loading previous weights
08-08 02:32 root         INFO     - train_tools - MainProcess - 
Epoch 157: reducing learning rate from  0.00999999977648 to 0.00799999982119
08-08 02:39 root         DEBUG    - train_tools - MainProcess - epoch 158 loss 0.12854 acc 0.96323 fmeasure 0.96383 val_loss 0.24061 val_acc 0.90834 val_fmeasure0.90795 
08-08 02:45 root         DEBUG    - train_tools - MainProcess - epoch 159 loss 0.12914 acc 0.96236 fmeasure 0.96296 val_loss 0.23368 val_acc 0.91325 val_fmeasure0.91445 
08-08 02:52 root         DEBUG    - train_tools - MainProcess - epoch 160 loss 0.12988 acc 0.96263 fmeasure 0.96324 val_loss 0.24891 val_acc 0.90164 val_fmeasure0.90031 
08-08 02:59 root         DEBUG    - train_tools - MainProcess - epoch 161 loss 0.13004 acc 0.96252 fmeasure 0.96312 val_loss 0.23075 val_acc 0.91494 val_fmeasure0.91621 
08-08 03:05 root         DEBUG    - train_tools - MainProcess - epoch 162 loss 0.12860 acc 0.96317 fmeasure 0.96375 val_loss 0.25184 val_acc 0.89962 val_fmeasure0.89783 
08-08 03:12 root         DEBUG    - train_tools - MainProcess - epoch 163 loss 0.12897 acc 0.96280 fmeasure 0.96339 val_loss 0.23311 val_acc 0.91295 val_fmeasure0.91393 
08-08 03:19 root         DEBUG    - train_tools - MainProcess - epoch 164 loss 0.12888 acc 0.96315 fmeasure 0.96374 val_loss 0.27429 val_acc 0.88413 val_fmeasure0.87817 
08-08 03:25 root         DEBUG    - train_tools - MainProcess - epoch 165 loss 0.12887 acc 0.96275 fmeasure 0.96335 val_loss 0.24140 val_acc 0.90598 val_fmeasure0.90561 
08-08 03:32 root         DEBUG    - train_tools - MainProcess - epoch 166 loss 0.12835 acc 0.96276 fmeasure 0.96334 val_loss 0.23451 val_acc 0.91140 val_fmeasure0.91171 
08-08 03:39 root         DEBUG    - train_tools - MainProcess - epoch 167 loss 0.12860 acc 0.96313 fmeasure 0.96373 val_loss 0.25103 val_acc 0.90015 val_fmeasure0.89805 
08-08 03:45 root         DEBUG    - train_tools - MainProcess - epoch 168 loss 0.12925 acc 0.96264 fmeasure 0.96324 val_loss 0.23091 val_acc 0.91507 val_fmeasure0.91633 
08-08 03:52 root         DEBUG    - train_tools - MainProcess - epoch 169 loss 0.12809 acc 0.96321 fmeasure 0.96379 val_loss 0.24206 val_acc 0.90635 val_fmeasure0.90580 
08-08 03:59 root         DEBUG    - train_tools - MainProcess - epoch 170 loss 0.12945 acc 0.96277 fmeasure 0.96340 val_loss 0.23476 val_acc 0.91214 val_fmeasure0.91302 
08-08 04:05 root         DEBUG    - train_tools - MainProcess - epoch 171 loss 0.12732 acc 0.96313 fmeasure 0.96370 val_loss 0.23740 val_acc 0.91019 val_fmeasure0.91097 
08-08 04:12 root         DEBUG    - train_tools - MainProcess - epoch 172 loss 0.12880 acc 0.96280 fmeasure 0.96340 val_loss 0.22546 val_acc 0.91642 val_fmeasure0.91789 
08-08 04:12 root         INFO     - train_tools - MainProcess - loading previous weights
08-08 04:12 root         INFO     - train_tools - MainProcess - 
Epoch 172: reducing learning rate from  0.00799999944866 to 0.00639999955893
08-08 04:19 root         DEBUG    - train_tools - MainProcess - epoch 173 loss 0.12978 acc 0.96261 fmeasure 0.96322 val_loss 0.27479 val_acc 0.88450 val_fmeasure0.87905 
08-08 04:26 root         DEBUG    - train_tools - MainProcess - epoch 174 loss 0.12984 acc 0.96268 fmeasure 0.96330 val_loss 0.23288 val_acc 0.91282 val_fmeasure0.91424 
08-08 04:32 root         DEBUG    - train_tools - MainProcess - epoch 175 loss 0.12877 acc 0.96290 fmeasure 0.96350 val_loss 0.23192 val_acc 0.91686 val_fmeasure0.91920 
08-08 04:39 root         DEBUG    - train_tools - MainProcess - epoch 176 loss 0.12771 acc 0.96333 fmeasure 0.96391 val_loss 0.24917 val_acc 0.89992 val_fmeasure0.89773 
08-08 04:46 root         DEBUG    - train_tools - MainProcess - epoch 177 loss 0.12783 acc 0.96341 fmeasure 0.96400 val_loss 0.23402 val_acc 0.91127 val_fmeasure0.91182 
08-08 04:52 root         DEBUG    - train_tools - MainProcess - epoch 178 loss 0.12832 acc 0.96318 fmeasure 0.96377 val_loss 0.23277 val_acc 0.91218 val_fmeasure0.91288 
08-08 04:59 root         DEBUG    - train_tools - MainProcess - epoch 179 loss 0.12939 acc 0.96243 fmeasure 0.96303 val_loss 0.23202 val_acc 0.91453 val_fmeasure0.91600 
08-08 05:06 root         DEBUG    - train_tools - MainProcess - epoch 180 loss 0.12790 acc 0.96322 fmeasure 0.96379 val_loss 0.23484 val_acc 0.91164 val_fmeasure0.91208 
08-08 05:12 root         DEBUG    - train_tools - MainProcess - epoch 181 loss 0.12864 acc 0.96300 fmeasure 0.96357 val_loss 0.24801 val_acc 0.90197 val_fmeasure0.90029 
08-08 05:19 root         DEBUG    - train_tools - MainProcess - epoch 182 loss 0.12837 acc 0.96303 fmeasure 0.96362 val_loss 0.23271 val_acc 0.91272 val_fmeasure0.91344 
08-08 05:26 root         DEBUG    - train_tools - MainProcess - epoch 183 loss 0.12855 acc 0.96319 fmeasure 0.96380 val_loss 0.24697 val_acc 0.90443 val_fmeasure0.90368 
08-08 05:32 root         DEBUG    - train_tools - MainProcess - epoch 184 loss 0.12906 acc 0.96242 fmeasure 0.96303 val_loss 0.25241 val_acc 0.89985 val_fmeasure0.89797 
08-08 05:39 root         DEBUG    - train_tools - MainProcess - epoch 185 loss 0.12726 acc 0.96339 fmeasure 0.96397 val_loss 0.25293 val_acc 0.89968 val_fmeasure0.89736 
08-08 05:46 root         DEBUG    - train_tools - MainProcess - epoch 186 loss 0.12864 acc 0.96302 fmeasure 0.96361 val_loss 0.24326 val_acc 0.90642 val_fmeasure0.90580 
08-08 05:52 root         DEBUG    - train_tools - MainProcess - epoch 187 loss 0.12799 acc 0.96319 fmeasure 0.96378 val_loss 0.22705 val_acc 0.91750 val_fmeasure0.91989 
08-08 05:52 root         INFO     - train_tools - MainProcess - loading previous weights
08-08 05:52 root         INFO     - train_tools - MainProcess - 
Epoch 187: reducing learning rate from  0.00639999937266 to 0.00511999949813
08-08 05:59 root         DEBUG    - train_tools - MainProcess - epoch 188 loss 0.12903 acc 0.96259 fmeasure 0.96320 val_loss 0.24170 val_acc 0.90524 val_fmeasure0.90438 
08-08 06:06 root         DEBUG    - train_tools - MainProcess - epoch 189 loss 0.12806 acc 0.96348 fmeasure 0.96406 val_loss 0.23100 val_acc 0.91373 val_fmeasure0.91496 
08-08 06:12 root         DEBUG    - train_tools - MainProcess - epoch 190 loss 0.12882 acc 0.96279 fmeasure 0.96339 val_loss 0.23476 val_acc 0.91130 val_fmeasure0.91196 
08-08 06:19 root         DEBUG    - train_tools - MainProcess - epoch 191 loss 0.12803 acc 0.96321 fmeasure 0.96379 val_loss 0.23573 val_acc 0.90995 val_fmeasure0.91027 
08-08 06:26 root         DEBUG    - train_tools - MainProcess - epoch 192 loss 0.12892 acc 0.96292 fmeasure 0.96351 val_loss 0.23485 val_acc 0.91110 val_fmeasure0.91157 
08-08 06:32 root         DEBUG    - train_tools - MainProcess - epoch 193 loss 0.12791 acc 0.96343 fmeasure 0.96401 val_loss 0.23784 val_acc 0.90861 val_fmeasure0.90831 
08-08 06:39 root         DEBUG    - train_tools - MainProcess - epoch 194 loss 0.12791 acc 0.96333 fmeasure 0.96391 val_loss 0.23851 val_acc 0.90716 val_fmeasure0.90660 
08-08 06:46 root         DEBUG    - train_tools - MainProcess - epoch 195 loss 0.12760 acc 0.96359 fmeasure 0.96416 val_loss 0.22623 val_acc 0.91743 val_fmeasure0.91933 
08-08 06:46 root         INFO     - train_proccesses - MainProcess - finished
08-08 06:46 root         INFO     - train_multimodel - MainProcess - TRAIN: [(1, 1), (1, 2), (1, 3), (1, 4), (3, 1), (3, 2), (3, 3), (3, 4), (3, 5), (4, 1), (4, 2), (4, 3), (4, 4)] VAL: [(5, 1), (5, 2), (5, 3), (5, 4)] , TEST: 2
08-08 06:46 root         INFO     - train_multimodel - MainProcess - training model test_2
08-08 06:46 root         DEBUG    - train_multimodel - MainProcess - creating train & val generators
08-08 06:46 root         DEBUG    - train_proccesses - random_batch_indexes - start random_batch_indexes
08-08 06:46 root         DEBUG    - train_proccesses - collect_batch - start collect_batch
08-08 06:46 root         DEBUG    - train_proccesses - MainProcess - start batch generator
08-08 06:47 root         INFO     - train_proccesses - MainProcess - finished
08-08 06:47 root         INFO     - train_multimodel - MainProcess - training combined model
08-08 06:47 root         DEBUG    - train_proccesses - random_batch_indexes - start random_batch_indexes
08-08 06:47 root         DEBUG    - train_proccesses - collect_batch - start collect_batch
08-08 06:48 root         DEBUG    - train_proccesses - MainProcess - start batch generator
08-08 06:51 root         DEBUG    - train_tools - MainProcess - epoch 0 loss 1.48848 acc 0.63570 fmeasure 0.56354 val_loss 1.39143 val_acc 0.77859 val_fmeasure0.79639 
08-08 06:55 root         DEBUG    - train_tools - MainProcess - epoch 1 loss 1.30757 acc 0.75063 fmeasure 0.75106 val_loss 1.21150 val_acc 0.79489 val_fmeasure0.79309 
08-08 06:59 root         DEBUG    - train_tools - MainProcess - epoch 2 loss 1.10376 acc 0.72018 fmeasure 0.70693 val_loss 0.97450 val_acc 0.80226 val_fmeasure0.82799 
08-08 07:03 root         DEBUG    - train_tools - MainProcess - epoch 3 loss 0.87294 acc 0.80616 fmeasure 0.80290 val_loss 0.77833 val_acc 0.85379 val_fmeasure0.86632 
08-08 07:07 root         DEBUG    - train_tools - MainProcess - epoch 4 loss 0.70300 acc 0.86196 fmeasure 0.86343 val_loss 0.67873 val_acc 0.84402 val_fmeasure0.84170 
08-08 07:11 root         DEBUG    - train_tools - MainProcess - epoch 5 loss 0.60840 acc 0.87971 fmeasure 0.88167 val_loss 0.60027 val_acc 0.86140 val_fmeasure0.86440 
08-08 07:15 root         DEBUG    - train_tools - MainProcess - epoch 6 loss 0.53789 acc 0.89016 fmeasure 0.89220 val_loss 0.57929 val_acc 0.83486 val_fmeasure0.82564 
08-08 07:19 root         DEBUG    - train_tools - MainProcess - epoch 7 loss 0.48188 acc 0.89965 fmeasure 0.90150 val_loss 0.49460 val_acc 0.87588 val_fmeasure0.88036 
08-08 07:23 root         DEBUG    - train_tools - MainProcess - epoch 8 loss 0.43778 acc 0.90461 fmeasure 0.90631 val_loss 0.46613 val_acc 0.87823 val_fmeasure0.88593 
08-08 07:27 root         DEBUG    - train_tools - MainProcess - epoch 9 loss 0.40027 acc 0.91164 fmeasure 0.91314 val_loss 0.43694 val_acc 0.87328 val_fmeasure0.87439 
08-08 07:31 root         DEBUG    - train_tools - MainProcess - epoch 10 loss 0.37187 acc 0.91486 fmeasure 0.91626 val_loss 0.48276 val_acc 0.83217 val_fmeasure0.81330 
08-08 07:35 root         DEBUG    - train_tools - MainProcess - epoch 11 loss 0.34761 acc 0.91828 fmeasure 0.91956 val_loss 0.40121 val_acc 0.87382 val_fmeasure0.87437 
08-08 07:39 root         DEBUG    - train_tools - MainProcess - epoch 12 loss 0.32740 acc 0.92151 fmeasure 0.92267 val_loss 0.42840 val_acc 0.85116 val_fmeasure0.84038 
08-08 07:43 root         DEBUG    - train_tools - MainProcess - epoch 13 loss 0.31078 acc 0.92481 fmeasure 0.92588 val_loss 0.37347 val_acc 0.88244 val_fmeasure0.88718 
08-08 07:47 root         DEBUG    - train_tools - MainProcess - epoch 14 loss 0.29977 acc 0.92505 fmeasure 0.92617 val_loss 0.38118 val_acc 0.86847 val_fmeasure0.86389 
08-08 07:51 root         DEBUG    - train_tools - MainProcess - epoch 15 loss 0.28753 acc 0.92750 fmeasure 0.92847 val_loss 0.36807 val_acc 0.87210 val_fmeasure0.86770 
08-08 07:55 root         DEBUG    - train_tools - MainProcess - epoch 16 loss 0.27782 acc 0.92960 fmeasure 0.93053 val_loss 0.34969 val_acc 0.88029 val_fmeasure0.88005 
08-08 07:59 root         DEBUG    - train_tools - MainProcess - epoch 17 loss 0.26667 acc 0.93230 fmeasure 0.93316 val_loss 0.33145 val_acc 0.89113 val_fmeasure0.89379 
08-08 08:03 root         DEBUG    - train_tools - MainProcess - epoch 18 loss 0.26020 acc 0.93317 fmeasure 0.93399 val_loss 0.35073 val_acc 0.87547 val_fmeasure0.87019 
08-08 08:06 root         DEBUG    - train_tools - MainProcess - epoch 19 loss 0.25693 acc 0.93275 fmeasure 0.93361 val_loss 0.36052 val_acc 0.86820 val_fmeasure0.86140 
08-08 08:10 root         DEBUG    - train_tools - MainProcess - epoch 20 loss 0.25032 acc 0.93526 fmeasure 0.93609 val_loss 0.42154 val_acc 0.83540 val_fmeasure0.81616 
08-08 08:14 root         DEBUG    - train_tools - MainProcess - epoch 21 loss 0.24432 acc 0.93667 fmeasure 0.93744 val_loss 0.33590 val_acc 0.87827 val_fmeasure0.87492 
08-08 08:18 root         DEBUG    - train_tools - MainProcess - epoch 22 loss 0.24275 acc 0.93527 fmeasure 0.93607 val_loss 0.31978 val_acc 0.88921 val_fmeasure0.89065 
08-08 08:22 root         DEBUG    - train_tools - MainProcess - epoch 23 loss 0.23776 acc 0.93726 fmeasure 0.93798 val_loss 0.32762 val_acc 0.89100 val_fmeasure0.89647 
08-08 08:26 root         DEBUG    - train_tools - MainProcess - epoch 24 loss 0.23482 acc 0.93709 fmeasure 0.93783 val_loss 0.35465 val_acc 0.86530 val_fmeasure0.85910 
08-08 08:30 root         DEBUG    - train_tools - MainProcess - epoch 25 loss 0.23216 acc 0.93789 fmeasure 0.93862 val_loss 0.34208 val_acc 0.87153 val_fmeasure0.86678 
08-08 08:34 root         DEBUG    - train_tools - MainProcess - epoch 26 loss 0.23169 acc 0.93734 fmeasure 0.93809 val_loss 0.34358 val_acc 0.86985 val_fmeasure0.86369 
08-08 08:38 root         DEBUG    - train_tools - MainProcess - epoch 27 loss 0.22450 acc 0.94046 fmeasure 0.94113 val_loss 0.35264 val_acc 0.86449 val_fmeasure0.85701 
08-08 08:42 root         DEBUG    - train_tools - MainProcess - epoch 28 loss 0.22725 acc 0.93854 fmeasure 0.93934 val_loss 0.31035 val_acc 0.88904 val_fmeasure0.88939 
08-08 08:46 root         DEBUG    - train_tools - MainProcess - epoch 29 loss 0.22185 acc 0.94082 fmeasure 0.94154 val_loss 0.29955 val_acc 0.89396 val_fmeasure0.89468 
08-08 08:50 root         DEBUG    - train_tools - MainProcess - epoch 30 loss 0.22085 acc 0.94115 fmeasure 0.94187 val_loss 0.32194 val_acc 0.88032 val_fmeasure0.87686 
08-08 08:54 root         DEBUG    - train_tools - MainProcess - epoch 31 loss 0.22274 acc 0.93902 fmeasure 0.93980 val_loss 0.30816 val_acc 0.88978 val_fmeasure0.89122 
08-08 08:58 root         DEBUG    - train_tools - MainProcess - epoch 32 loss 0.21677 acc 0.94101 fmeasure 0.94174 val_loss 0.30483 val_acc 0.89416 val_fmeasure0.89682 
08-08 09:02 root         DEBUG    - train_tools - MainProcess - epoch 33 loss 0.21437 acc 0.94205 fmeasure 0.94275 val_loss 0.41486 val_acc 0.83112 val_fmeasure0.80912 
08-08 09:06 root         DEBUG    - train_tools - MainProcess - epoch 34 loss 0.21329 acc 0.94216 fmeasure 0.94286 val_loss 0.30131 val_acc 0.89164 val_fmeasure0.89273 
08-08 09:10 root         DEBUG    - train_tools - MainProcess - epoch 35 loss 0.21542 acc 0.94108 fmeasure 0.94182 val_loss 0.29451 val_acc 0.89601 val_fmeasure0.89771 
08-08 09:14 root         DEBUG    - train_tools - MainProcess - epoch 36 loss 0.21194 acc 0.94219 fmeasure 0.94294 val_loss 0.32727 val_acc 0.87507 val_fmeasure0.86841 
08-08 09:17 root         DEBUG    - train_tools - MainProcess - epoch 37 loss 0.20977 acc 0.94269 fmeasure 0.94340 val_loss 0.29084 val_acc 0.89507 val_fmeasure0.89600 
08-08 09:21 root         DEBUG    - train_tools - MainProcess - epoch 38 loss 0.20742 acc 0.94334 fmeasure 0.94403 val_loss 0.29276 val_acc 0.89389 val_fmeasure0.89415 
08-08 09:25 root         DEBUG    - train_tools - MainProcess - epoch 39 loss 0.20896 acc 0.94299 fmeasure 0.94375 val_loss 0.29072 val_acc 0.89948 val_fmeasure0.90244 
08-08 09:29 root         DEBUG    - train_tools - MainProcess - epoch 40 loss 0.20620 acc 0.94368 fmeasure 0.94439 val_loss 0.32316 val_acc 0.87685 val_fmeasure0.87205 
08-08 09:33 root         DEBUG    - train_tools - MainProcess - epoch 41 loss 0.20333 acc 0.94416 fmeasure 0.94479 val_loss 0.29649 val_acc 0.88931 val_fmeasure0.88789 
08-08 09:37 root         DEBUG    - train_tools - MainProcess - epoch 42 loss 0.20189 acc 0.94569 fmeasure 0.94636 val_loss 0.29359 val_acc 0.89510 val_fmeasure0.89654 
08-08 09:41 root         DEBUG    - train_tools - MainProcess - epoch 43 loss 0.20359 acc 0.94436 fmeasure 0.94505 val_loss 0.30345 val_acc 0.88682 val_fmeasure0.88482 
08-08 09:45 root         DEBUG    - train_tools - MainProcess - epoch 44 loss 0.20017 acc 0.94521 fmeasure 0.94588 val_loss 0.30086 val_acc 0.89965 val_fmeasure0.90424 
08-08 09:49 root         DEBUG    - train_tools - MainProcess - epoch 45 loss 0.20073 acc 0.94461 fmeasure 0.94533 val_loss 0.29141 val_acc 0.89406 val_fmeasure0.89438 
08-08 09:53 root         DEBUG    - train_tools - MainProcess - epoch 46 loss 0.19839 acc 0.94604 fmeasure 0.94668 val_loss 0.29181 val_acc 0.90137 val_fmeasure0.90537 
08-08 09:57 root         DEBUG    - train_tools - MainProcess - epoch 47 loss 0.19829 acc 0.94535 fmeasure 0.94604 val_loss 0.31445 val_acc 0.88039 val_fmeasure0.87750 
08-08 10:01 root         DEBUG    - train_tools - MainProcess - epoch 48 loss 0.19828 acc 0.94540 fmeasure 0.94613 val_loss 0.28880 val_acc 0.89928 val_fmeasure0.90237 
08-08 10:05 root         DEBUG    - train_tools - MainProcess - epoch 49 loss 0.19724 acc 0.94562 fmeasure 0.94630 val_loss 0.29105 val_acc 0.89621 val_fmeasure0.89797 
08-08 10:09 root         DEBUG    - train_tools - MainProcess - epoch 50 loss 0.19497 acc 0.94688 fmeasure 0.94757 val_loss 0.30534 val_acc 0.88402 val_fmeasure0.88160 
08-08 10:13 root         DEBUG    - train_tools - MainProcess - epoch 51 loss 0.19441 acc 0.94705 fmeasure 0.94773 val_loss 0.31122 val_acc 0.87948 val_fmeasure0.87675 
08-08 10:17 root         DEBUG    - train_tools - MainProcess - epoch 52 loss 0.19412 acc 0.94694 fmeasure 0.94764 val_loss 0.28142 val_acc 0.89830 val_fmeasure0.90012 
08-08 10:21 root         DEBUG    - train_tools - MainProcess - epoch 53 loss 0.19153 acc 0.94823 fmeasure 0.94891 val_loss 0.36354 val_acc 0.85328 val_fmeasure0.83989 
08-08 10:25 root         DEBUG    - train_tools - MainProcess - epoch 54 loss 0.19250 acc 0.94692 fmeasure 0.94763 val_loss 0.29681 val_acc 0.89541 val_fmeasure0.89731 
08-08 10:29 root         DEBUG    - train_tools - MainProcess - epoch 55 loss 0.19077 acc 0.94746 fmeasure 0.94816 val_loss 0.32359 val_acc 0.87217 val_fmeasure0.86607 
08-08 10:33 root         DEBUG    - train_tools - MainProcess - epoch 56 loss 0.19082 acc 0.94775 fmeasure 0.94848 val_loss 0.32134 val_acc 0.87365 val_fmeasure0.86770 
08-08 10:36 root         DEBUG    - train_tools - MainProcess - epoch 57 loss 0.18980 acc 0.94788 fmeasure 0.94857 val_loss 0.28322 val_acc 0.89642 val_fmeasure0.89689 
08-08 10:40 root         DEBUG    - train_tools - MainProcess - epoch 58 loss 0.18844 acc 0.94816 fmeasure 0.94884 val_loss 0.28103 val_acc 0.89830 val_fmeasure0.89986 
08-08 10:44 root         DEBUG    - train_tools - MainProcess - epoch 59 loss 0.18911 acc 0.94820 fmeasure 0.94890 val_loss 0.28921 val_acc 0.90278 val_fmeasure0.90682 
08-08 10:48 root         DEBUG    - train_tools - MainProcess - epoch 60 loss 0.18960 acc 0.94802 fmeasure 0.94872 val_loss 0.27783 val_acc 0.90002 val_fmeasure0.90118 
08-08 10:52 root         DEBUG    - train_tools - MainProcess - epoch 61 loss 0.18630 acc 0.94872 fmeasure 0.94941 val_loss 0.28528 val_acc 0.89558 val_fmeasure0.89588 
08-08 10:56 root         DEBUG    - train_tools - MainProcess - epoch 62 loss 0.18755 acc 0.94844 fmeasure 0.94911 val_loss 0.28046 val_acc 0.90484 val_fmeasure0.90848 
08-08 11:00 root         DEBUG    - train_tools - MainProcess - epoch 63 loss 0.18580 acc 0.94893 fmeasure 0.94961 val_loss 0.29555 val_acc 0.88719 val_fmeasure0.88554 
08-08 11:04 root         DEBUG    - train_tools - MainProcess - epoch 64 loss 0.18596 acc 0.94884 fmeasure 0.94957 val_loss 0.33518 val_acc 0.86614 val_fmeasure0.85822 
08-08 11:08 root         DEBUG    - train_tools - MainProcess - epoch 65 loss 0.18383 acc 0.94935 fmeasure 0.95002 val_loss 0.29439 val_acc 0.88867 val_fmeasure0.88750 
08-08 11:12 root         DEBUG    - train_tools - MainProcess - epoch 66 loss 0.18314 acc 0.94969 fmeasure 0.95036 val_loss 0.30352 val_acc 0.88214 val_fmeasure0.87906 
08-08 11:16 root         DEBUG    - train_tools - MainProcess - epoch 67 loss 0.18363 acc 0.94951 fmeasure 0.95022 val_loss 0.37687 val_acc 0.84537 val_fmeasure0.82839 
08-08 11:20 root         DEBUG    - train_tools - MainProcess - epoch 68 loss 0.18012 acc 0.95065 fmeasure 0.95128 val_loss 0.28823 val_acc 0.89352 val_fmeasure0.89424 
08-08 11:24 root         DEBUG    - train_tools - MainProcess - epoch 69 loss 0.18088 acc 0.95005 fmeasure 0.95068 val_loss 0.27872 val_acc 0.90416 val_fmeasure0.90750 
08-08 11:28 root         DEBUG    - train_tools - MainProcess - epoch 70 loss 0.18102 acc 0.95077 fmeasure 0.95146 val_loss 0.27996 val_acc 0.89797 val_fmeasure0.89928 
08-08 11:32 root         DEBUG    - train_tools - MainProcess - epoch 71 loss 0.18285 acc 0.94960 fmeasure 0.95029 val_loss 0.29796 val_acc 0.88517 val_fmeasure0.88309 
08-08 11:36 root         DEBUG    - train_tools - MainProcess - epoch 72 loss 0.17982 acc 0.95025 fmeasure 0.95092 val_loss 0.29066 val_acc 0.88834 val_fmeasure0.88617 
08-08 11:40 root         DEBUG    - train_tools - MainProcess - epoch 73 loss 0.17953 acc 0.95077 fmeasure 0.95142 val_loss 0.27945 val_acc 0.90511 val_fmeasure0.90946 
08-08 11:44 root         DEBUG    - train_tools - MainProcess - epoch 74 loss 0.17769 acc 0.95165 fmeasure 0.95229 val_loss 0.27713 val_acc 0.90467 val_fmeasure0.90885 
08-08 11:48 root         DEBUG    - train_tools - MainProcess - epoch 75 loss 0.17829 acc 0.95102 fmeasure 0.95170 val_loss 0.32383 val_acc 0.87059 val_fmeasure0.86260 
08-08 11:52 root         DEBUG    - train_tools - MainProcess - epoch 76 loss 0.17626 acc 0.95182 fmeasure 0.95246 val_loss 0.28294 val_acc 0.89477 val_fmeasure0.89398 
08-08 11:55 root         DEBUG    - train_tools - MainProcess - epoch 77 loss 0.17648 acc 0.95145 fmeasure 0.95213 val_loss 0.28730 val_acc 0.89049 val_fmeasure0.88927 
08-08 11:59 root         DEBUG    - train_tools - MainProcess - epoch 78 loss 0.17766 acc 0.95136 fmeasure 0.95204 val_loss 0.28736 val_acc 0.89174 val_fmeasure0.89206 
08-08 12:03 root         DEBUG    - train_tools - MainProcess - epoch 79 loss 0.17547 acc 0.95184 fmeasure 0.95252 val_loss 0.27948 val_acc 0.90588 val_fmeasure0.91003 
08-08 12:07 root         DEBUG    - train_tools - MainProcess - epoch 80 loss 0.17765 acc 0.95103 fmeasure 0.95177 val_loss 0.29684 val_acc 0.88413 val_fmeasure0.88106 
08-08 12:11 root         DEBUG    - train_tools - MainProcess - epoch 81 loss 0.17521 acc 0.95194 fmeasure 0.95263 val_loss 0.30677 val_acc 0.87907 val_fmeasure0.87487 
08-08 12:15 root         DEBUG    - train_tools - MainProcess - epoch 82 loss 0.17578 acc 0.95154 fmeasure 0.95221 val_loss 0.28202 val_acc 0.89632 val_fmeasure0.89721 
08-08 12:19 root         DEBUG    - train_tools - MainProcess - epoch 83 loss 0.17453 acc 0.95206 fmeasure 0.95271 val_loss 0.27933 val_acc 0.89857 val_fmeasure0.90005 
08-08 12:23 root         DEBUG    - train_tools - MainProcess - epoch 84 loss 0.17438 acc 0.95222 fmeasure 0.95288 val_loss 0.29734 val_acc 0.88450 val_fmeasure0.88136 
08-08 12:27 root         DEBUG    - train_tools - MainProcess - epoch 85 loss 0.17277 acc 0.95298 fmeasure 0.95365 val_loss 0.29797 val_acc 0.88349 val_fmeasure0.87964 
08-08 12:31 root         DEBUG    - train_tools - MainProcess - epoch 86 loss 0.17077 acc 0.95329 fmeasure 0.95393 val_loss 0.27928 val_acc 0.89510 val_fmeasure0.89480 
08-08 12:35 root         DEBUG    - train_tools - MainProcess - epoch 87 loss 0.17330 acc 0.95238 fmeasure 0.95306 val_loss 0.27702 val_acc 0.89669 val_fmeasure0.89710 
08-08 12:39 root         DEBUG    - train_tools - MainProcess - epoch 88 loss 0.17170 acc 0.95254 fmeasure 0.95321 val_loss 0.34522 val_acc 0.85900 val_fmeasure0.84746 
08-08 12:43 root         DEBUG    - train_tools - MainProcess - epoch 89 loss 0.17226 acc 0.95270 fmeasure 0.95337 val_loss 0.27494 val_acc 0.90531 val_fmeasure0.90938 
08-08 12:47 root         DEBUG    - train_tools - MainProcess - epoch 90 loss 0.17046 acc 0.95298 fmeasure 0.95364 val_loss 0.27829 val_acc 0.90325 val_fmeasure0.90718 
08-08 12:51 root         DEBUG    - train_tools - MainProcess - epoch 91 loss 0.17149 acc 0.95292 fmeasure 0.95360 val_loss 0.27523 val_acc 0.90396 val_fmeasure0.90793 
08-08 12:55 root         DEBUG    - train_tools - MainProcess - epoch 92 loss 0.16870 acc 0.95394 fmeasure 0.95459 val_loss 0.36589 val_acc 0.84607 val_fmeasure0.83084 
08-08 12:59 root         DEBUG    - train_tools - MainProcess - epoch 93 loss 0.17047 acc 0.95360 fmeasure 0.95423 val_loss 0.29018 val_acc 0.88759 val_fmeasure0.88611 
08-08 13:03 root         DEBUG    - train_tools - MainProcess - epoch 94 loss 0.16938 acc 0.95352 fmeasure 0.95417 val_loss 0.27387 val_acc 0.89719 val_fmeasure0.89778 
08-08 13:07 root         DEBUG    - train_tools - MainProcess - epoch 95 loss 0.17041 acc 0.95288 fmeasure 0.95355 val_loss 0.29414 val_acc 0.88527 val_fmeasure0.88266 
08-08 13:11 root         DEBUG    - train_tools - MainProcess - epoch 96 loss 0.16867 acc 0.95373 fmeasure 0.95438 val_loss 0.27973 val_acc 0.89662 val_fmeasure0.89815 
08-08 13:15 root         DEBUG    - train_tools - MainProcess - epoch 97 loss 0.16971 acc 0.95335 fmeasure 0.95405 val_loss 0.32744 val_acc 0.86736 val_fmeasure0.85851 
08-08 13:19 root         DEBUG    - train_tools - MainProcess - epoch 98 loss 0.16976 acc 0.95337 fmeasure 0.95402 val_loss 0.27575 val_acc 0.90379 val_fmeasure0.90733 
08-08 13:23 root         DEBUG    - train_tools - MainProcess - epoch 99 loss 0.16860 acc 0.95352 fmeasure 0.95418 val_loss 0.27754 val_acc 0.89621 val_fmeasure0.89653 
08-08 13:27 root         DEBUG    - train_tools - MainProcess - epoch 100 loss 0.16850 acc 0.95379 fmeasure 0.95445 val_loss 0.26796 val_acc 0.90366 val_fmeasure0.90583 
08-08 13:31 root         DEBUG    - train_tools - MainProcess - epoch 101 loss 0.16822 acc 0.95329 fmeasure 0.95396 val_loss 0.27831 val_acc 0.89914 val_fmeasure0.90093 
08-08 13:35 root         DEBUG    - train_tools - MainProcess - epoch 102 loss 0.16561 acc 0.95463 fmeasure 0.95530 val_loss 0.27654 val_acc 0.89931 val_fmeasure0.90091 
08-08 13:39 root         DEBUG    - train_tools - MainProcess - epoch 103 loss 0.16580 acc 0.95457 fmeasure 0.95523 val_loss 0.27779 val_acc 0.89258 val_fmeasure0.89168 
08-08 13:43 root         DEBUG    - train_tools - MainProcess - epoch 104 loss 0.16429 acc 0.95457 fmeasure 0.95520 val_loss 0.28695 val_acc 0.90231 val_fmeasure0.90810 
08-08 13:46 root         DEBUG    - train_tools - MainProcess - epoch 105 loss 0.16619 acc 0.95421 fmeasure 0.95490 val_loss 0.29991 val_acc 0.88140 val_fmeasure0.87754 
08-08 13:51 root         DEBUG    - train_tools - MainProcess - epoch 106 loss 0.16446 acc 0.95493 fmeasure 0.95558 val_loss 0.27474 val_acc 0.90073 val_fmeasure0.90262 
08-08 13:54 root         DEBUG    - train_tools - MainProcess - epoch 107 loss 0.16520 acc 0.95442 fmeasure 0.95510 val_loss 0.32729 val_acc 0.86712 val_fmeasure0.85950 
08-08 13:58 root         DEBUG    - train_tools - MainProcess - epoch 108 loss 0.16526 acc 0.95384 fmeasure 0.95453 val_loss 0.26867 val_acc 0.89904 val_fmeasure0.89991 
08-08 14:02 root         DEBUG    - train_tools - MainProcess - epoch 109 loss 0.16465 acc 0.95454 fmeasure 0.95521 val_loss 0.28315 val_acc 0.89032 val_fmeasure0.88932 
08-08 14:06 root         DEBUG    - train_tools - MainProcess - epoch 110 loss 0.16399 acc 0.95469 fmeasure 0.95535 val_loss 0.31214 val_acc 0.87200 val_fmeasure0.86625 
08-08 14:10 root         DEBUG    - train_tools - MainProcess - epoch 111 loss 0.16360 acc 0.95499 fmeasure 0.95566 val_loss 0.27713 val_acc 0.89638 val_fmeasure0.89707 
08-08 14:14 root         DEBUG    - train_tools - MainProcess - epoch 112 loss 0.16307 acc 0.95511 fmeasure 0.95577 val_loss 0.32366 val_acc 0.87008 val_fmeasure0.86163 
08-08 14:18 root         DEBUG    - train_tools - MainProcess - epoch 113 loss 0.16447 acc 0.95474 fmeasure 0.95543 val_loss 0.27844 val_acc 0.89214 val_fmeasure0.89074 
08-08 14:22 root         DEBUG    - train_tools - MainProcess - epoch 114 loss 0.16274 acc 0.95512 fmeasure 0.95578 val_loss 0.29637 val_acc 0.88173 val_fmeasure0.87762 
08-08 14:26 root         DEBUG    - train_tools - MainProcess - epoch 115 loss 0.16173 acc 0.95538 fmeasure 0.95604 val_loss 0.27167 val_acc 0.90110 val_fmeasure0.90295 
08-08 14:26 root         INFO     - train_tools - MainProcess - loading previous weights
08-08 14:26 root         INFO     - train_tools - MainProcess - 
Epoch 115: reducing learning rate from  0.00999999977648 to 0.00799999982119
08-08 14:30 root         DEBUG    - train_tools - MainProcess - epoch 116 loss 0.16463 acc 0.95512 fmeasure 0.95578 val_loss 0.28630 val_acc 0.89069 val_fmeasure0.89043 
08-08 14:34 root         DEBUG    - train_tools - MainProcess - epoch 117 loss 0.16709 acc 0.95421 fmeasure 0.95489 val_loss 0.30355 val_acc 0.87786 val_fmeasure0.87350 
08-08 14:38 root         DEBUG    - train_tools - MainProcess - epoch 118 loss 0.16365 acc 0.95550 fmeasure 0.95614 val_loss 0.27077 val_acc 0.89888 val_fmeasure0.89994 
08-08 14:42 root         DEBUG    - train_tools - MainProcess - epoch 119 loss 0.16353 acc 0.95538 fmeasure 0.95600 val_loss 0.27005 val_acc 0.90147 val_fmeasure0.90373 
08-08 14:46 root         DEBUG    - train_tools - MainProcess - epoch 120 loss 0.16463 acc 0.95501 fmeasure 0.95565 val_loss 0.31060 val_acc 0.87598 val_fmeasure0.87032 
08-08 14:50 root         DEBUG    - train_tools - MainProcess - epoch 121 loss 0.16322 acc 0.95587 fmeasure 0.95649 val_loss 0.28904 val_acc 0.88682 val_fmeasure0.88447 
08-08 14:54 root         DEBUG    - train_tools - MainProcess - epoch 122 loss 0.16579 acc 0.95440 fmeasure 0.95508 val_loss 0.27946 val_acc 0.89086 val_fmeasure0.88912 
08-08 14:57 root         DEBUG    - train_tools - MainProcess - epoch 123 loss 0.16418 acc 0.95538 fmeasure 0.95603 val_loss 0.28034 val_acc 0.89403 val_fmeasure0.89441 
08-08 15:01 root         DEBUG    - train_tools - MainProcess - epoch 124 loss 0.16176 acc 0.95586 fmeasure 0.95651 val_loss 0.29375 val_acc 0.88251 val_fmeasure0.87936 
08-08 15:05 root         DEBUG    - train_tools - MainProcess - epoch 125 loss 0.16169 acc 0.95513 fmeasure 0.95577 val_loss 0.27385 val_acc 0.89419 val_fmeasure0.89361 
08-08 15:09 root         DEBUG    - train_tools - MainProcess - epoch 126 loss 0.16412 acc 0.95485 fmeasure 0.95550 val_loss 0.27950 val_acc 0.89281 val_fmeasure0.89234 
08-08 15:13 root         DEBUG    - train_tools - MainProcess - epoch 127 loss 0.16198 acc 0.95518 fmeasure 0.95582 val_loss 0.28996 val_acc 0.88483 val_fmeasure0.88115 
08-08 15:17 root         DEBUG    - train_tools - MainProcess - epoch 128 loss 0.16149 acc 0.95544 fmeasure 0.95610 val_loss 0.28118 val_acc 0.89056 val_fmeasure0.88927 
08-08 15:21 root         DEBUG    - train_tools - MainProcess - epoch 129 loss 0.16082 acc 0.95573 fmeasure 0.95637 val_loss 0.27984 val_acc 0.89123 val_fmeasure0.88976 
08-08 15:25 root         DEBUG    - train_tools - MainProcess - epoch 130 loss 0.16392 acc 0.95441 fmeasure 0.95509 val_loss 0.29912 val_acc 0.87978 val_fmeasure0.87512 
08-08 15:25 root         INFO     - train_tools - MainProcess - loading previous weights
08-08 15:25 root         INFO     - train_tools - MainProcess - 
Epoch 130: reducing learning rate from  0.00799999944866 to 0.00639999955893
08-08 15:25 root         INFO     - train_proccesses - MainProcess - finished
08-08 15:25 root         INFO     - train_multimodel - MainProcess - TRAIN: [(1, 1), (1, 2), (1, 3), (1, 4), (2, 1), (2, 2), (2, 3), (2, 4), (4, 1), (4, 2), (4, 3), (4, 4)] VAL: [(5, 1), (5, 2), (5, 3), (5, 4)] , TEST: 3
08-08 15:25 root         INFO     - train_multimodel - MainProcess - training model test_3
08-08 15:25 root         DEBUG    - train_multimodel - MainProcess - creating train & val generators
08-08 15:25 root         DEBUG    - train_proccesses - random_batch_indexes - start random_batch_indexes
08-08 15:25 root         DEBUG    - train_proccesses - collect_batch - start collect_batch
08-08 15:25 root         DEBUG    - train_proccesses - MainProcess - start batch generator
08-08 15:26 root         INFO     - train_proccesses - MainProcess - finished
08-08 15:26 root         INFO     - train_multimodel - MainProcess - training combined model
08-08 15:26 root         DEBUG    - train_proccesses - random_batch_indexes - start random_batch_indexes
08-08 15:26 root         DEBUG    - train_proccesses - collect_batch - start collect_batch
08-08 15:27 root         DEBUG    - train_proccesses - MainProcess - start batch generator
08-08 15:34 root         DEBUG    - train_tools - MainProcess - epoch 0 loss 1.34100 acc 0.69286 fmeasure 0.70230 val_loss 1.08283 val_acc 0.75613 val_fmeasure0.71829 
08-08 15:42 root         DEBUG    - train_tools - MainProcess - epoch 1 loss 0.86803 acc 0.83333 fmeasure 0.83433 val_loss 0.74692 val_acc 0.84793 val_fmeasure0.85374 
08-08 15:50 root         DEBUG    - train_tools - MainProcess - epoch 2 loss 0.62338 acc 0.88193 fmeasure 0.88368 val_loss 0.59333 val_acc 0.86544 val_fmeasure0.87356 
08-08 15:58 root         DEBUG    - train_tools - MainProcess - epoch 3 loss 0.49687 acc 0.89405 fmeasure 0.89572 val_loss 0.51871 val_acc 0.85581 val_fmeasure0.85118 
08-08 16:06 root         DEBUG    - train_tools - MainProcess - epoch 4 loss 0.41851 acc 0.90148 fmeasure 0.90290 val_loss 0.47140 val_acc 0.85729 val_fmeasure0.85156 
08-08 16:14 root         DEBUG    - train_tools - MainProcess - epoch 5 loss 0.36282 acc 0.90992 fmeasure 0.91117 val_loss 0.41008 val_acc 0.88497 val_fmeasure0.89185 
08-08 16:22 root         DEBUG    - train_tools - MainProcess - epoch 6 loss 0.32205 acc 0.91753 fmeasure 0.91856 val_loss 0.37627 val_acc 0.87951 val_fmeasure0.87794 
08-08 16:30 root         DEBUG    - train_tools - MainProcess - epoch 7 loss 0.29567 acc 0.92277 fmeasure 0.92372 val_loss 0.35816 val_acc 0.88005 val_fmeasure0.87750 
08-08 16:38 root         DEBUG    - train_tools - MainProcess - epoch 8 loss 0.27437 acc 0.92794 fmeasure 0.92876 val_loss 0.32267 val_acc 0.89736 val_fmeasure0.89893 
08-08 16:46 root         DEBUG    - train_tools - MainProcess - epoch 9 loss 0.25744 acc 0.93187 fmeasure 0.93264 val_loss 0.31270 val_acc 0.90443 val_fmeasure0.90858 
08-08 16:54 root         DEBUG    - train_tools - MainProcess - epoch 10 loss 0.24701 acc 0.93464 fmeasure 0.93540 val_loss 0.29963 val_acc 0.90551 val_fmeasure0.90937 
08-08 17:02 root         DEBUG    - train_tools - MainProcess - epoch 11 loss 0.23688 acc 0.93735 fmeasure 0.93807 val_loss 0.28971 val_acc 0.90551 val_fmeasure0.90786 
08-08 17:10 root         DEBUG    - train_tools - MainProcess - epoch 12 loss 0.22920 acc 0.93875 fmeasure 0.93944 val_loss 0.28253 val_acc 0.90975 val_fmeasure0.91263 
08-08 17:18 root         DEBUG    - train_tools - MainProcess - epoch 13 loss 0.22403 acc 0.94018 fmeasure 0.94089 val_loss 0.28806 val_acc 0.90143 val_fmeasure0.90184 
08-08 17:25 root         DEBUG    - train_tools - MainProcess - epoch 14 loss 0.22006 acc 0.94108 fmeasure 0.94181 val_loss 0.28920 val_acc 0.90042 val_fmeasure0.89986 
08-08 17:33 root         DEBUG    - train_tools - MainProcess - epoch 15 loss 0.21428 acc 0.94264 fmeasure 0.94333 val_loss 0.27937 val_acc 0.90342 val_fmeasure0.90380 
08-08 17:41 root         DEBUG    - train_tools - MainProcess - epoch 16 loss 0.21077 acc 0.94341 fmeasure 0.94408 val_loss 0.29795 val_acc 0.89207 val_fmeasure0.88839 
08-08 17:49 root         DEBUG    - train_tools - MainProcess - epoch 17 loss 0.20690 acc 0.94411 fmeasure 0.94476 val_loss 0.31034 val_acc 0.88369 val_fmeasure0.87717 
08-08 17:57 root         DEBUG    - train_tools - MainProcess - epoch 18 loss 0.20544 acc 0.94450 fmeasure 0.94522 val_loss 0.25922 val_acc 0.91578 val_fmeasure0.91879 
08-08 18:05 root         DEBUG    - train_tools - MainProcess - epoch 19 loss 0.20249 acc 0.94506 fmeasure 0.94578 val_loss 0.25977 val_acc 0.91437 val_fmeasure0.91726 
08-08 18:13 root         DEBUG    - train_tools - MainProcess - epoch 20 loss 0.20148 acc 0.94511 fmeasure 0.94581 val_loss 0.25533 val_acc 0.91558 val_fmeasure0.91813 
08-08 18:21 root         DEBUG    - train_tools - MainProcess - epoch 21 loss 0.19748 acc 0.94634 fmeasure 0.94702 val_loss 0.26007 val_acc 0.91016 val_fmeasure0.91082 
08-08 18:29 root         DEBUG    - train_tools - MainProcess - epoch 22 loss 0.19581 acc 0.94657 fmeasure 0.94730 val_loss 0.26261 val_acc 0.91504 val_fmeasure0.91920 
08-08 18:37 root         DEBUG    - train_tools - MainProcess - epoch 23 loss 0.19310 acc 0.94763 fmeasure 0.94834 val_loss 0.25677 val_acc 0.91113 val_fmeasure0.91190 
08-08 18:45 root         DEBUG    - train_tools - MainProcess - epoch 24 loss 0.19164 acc 0.94765 fmeasure 0.94834 val_loss 0.25198 val_acc 0.91514 val_fmeasure0.91764 
08-08 18:53 root         DEBUG    - train_tools - MainProcess - epoch 25 loss 0.19069 acc 0.94777 fmeasure 0.94847 val_loss 0.24643 val_acc 0.91709 val_fmeasure0.91946 
08-08 19:01 root         DEBUG    - train_tools - MainProcess - epoch 26 loss 0.18926 acc 0.94790 fmeasure 0.94861 val_loss 0.25089 val_acc 0.91538 val_fmeasure0.91831 
08-08 19:08 root         DEBUG    - train_tools - MainProcess - epoch 27 loss 0.18733 acc 0.94833 fmeasure 0.94902 val_loss 0.25761 val_acc 0.90807 val_fmeasure0.90739 
08-08 19:16 root         DEBUG    - train_tools - MainProcess - epoch 28 loss 0.18577 acc 0.94883 fmeasure 0.94951 val_loss 0.24366 val_acc 0.91507 val_fmeasure0.91645 
08-08 19:24 root         DEBUG    - train_tools - MainProcess - epoch 29 loss 0.18510 acc 0.94896 fmeasure 0.94968 val_loss 0.25174 val_acc 0.91096 val_fmeasure0.91060 
08-08 19:32 root         DEBUG    - train_tools - MainProcess - epoch 30 loss 0.18480 acc 0.94858 fmeasure 0.94931 val_loss 0.25255 val_acc 0.90985 val_fmeasure0.90953 
08-08 19:40 root         DEBUG    - train_tools - MainProcess - epoch 31 loss 0.18203 acc 0.94948 fmeasure 0.95016 val_loss 0.24410 val_acc 0.91605 val_fmeasure0.91703 
08-08 19:48 root         DEBUG    - train_tools - MainProcess - epoch 32 loss 0.18214 acc 0.94945 fmeasure 0.95016 val_loss 0.25173 val_acc 0.90955 val_fmeasure0.90933 
08-08 19:56 root         DEBUG    - train_tools - MainProcess - epoch 33 loss 0.17958 acc 0.94992 fmeasure 0.95061 val_loss 0.25159 val_acc 0.91056 val_fmeasure0.91024 
08-08 20:04 root         DEBUG    - train_tools - MainProcess - epoch 34 loss 0.17857 acc 0.95021 fmeasure 0.95091 val_loss 0.25791 val_acc 0.90753 val_fmeasure0.90568 
08-08 20:12 root         DEBUG    - train_tools - MainProcess - epoch 35 loss 0.17892 acc 0.94972 fmeasure 0.95041 val_loss 0.23883 val_acc 0.91605 val_fmeasure0.91712 
08-08 20:20 root         DEBUG    - train_tools - MainProcess - epoch 36 loss 0.17752 acc 0.95019 fmeasure 0.95087 val_loss 0.23819 val_acc 0.91969 val_fmeasure0.92250 
08-08 20:28 root         DEBUG    - train_tools - MainProcess - epoch 37 loss 0.17608 acc 0.95071 fmeasure 0.95139 val_loss 0.23675 val_acc 0.92036 val_fmeasure0.92354 
08-08 20:36 root         DEBUG    - train_tools - MainProcess - epoch 38 loss 0.17554 acc 0.95039 fmeasure 0.95109 val_loss 0.24747 val_acc 0.91113 val_fmeasure0.91038 
08-08 20:43 root         DEBUG    - train_tools - MainProcess - epoch 39 loss 0.17353 acc 0.95127 fmeasure 0.95196 val_loss 0.23992 val_acc 0.91527 val_fmeasure0.91500 
08-08 20:51 root         DEBUG    - train_tools - MainProcess - epoch 40 loss 0.17436 acc 0.95076 fmeasure 0.95147 val_loss 0.24208 val_acc 0.91339 val_fmeasure0.91327 
08-08 20:59 root         DEBUG    - train_tools - MainProcess - epoch 41 loss 0.17311 acc 0.95156 fmeasure 0.95225 val_loss 0.25256 val_acc 0.90827 val_fmeasure0.90630 
08-08 21:07 root         DEBUG    - train_tools - MainProcess - epoch 42 loss 0.17235 acc 0.95131 fmeasure 0.95201 val_loss 0.26850 val_acc 0.89776 val_fmeasure0.89311 
08-08 21:15 root         DEBUG    - train_tools - MainProcess - epoch 43 loss 0.17230 acc 0.95135 fmeasure 0.95204 val_loss 0.23700 val_acc 0.91514 val_fmeasure0.91611 
08-08 21:23 root         DEBUG    - train_tools - MainProcess - epoch 44 loss 0.17133 acc 0.95145 fmeasure 0.95216 val_loss 0.23648 val_acc 0.91602 val_fmeasure0.91678 
08-08 21:31 root         DEBUG    - train_tools - MainProcess - epoch 45 loss 0.16973 acc 0.95211 fmeasure 0.95279 val_loss 0.23275 val_acc 0.91854 val_fmeasure0.91959 
08-08 21:39 root         DEBUG    - train_tools - MainProcess - epoch 46 loss 0.16960 acc 0.95185 fmeasure 0.95255 val_loss 0.23417 val_acc 0.91746 val_fmeasure0.91824 
08-08 21:47 root         DEBUG    - train_tools - MainProcess - epoch 47 loss 0.16973 acc 0.95185 fmeasure 0.95254 val_loss 0.23094 val_acc 0.91948 val_fmeasure0.92095 
08-08 21:55 root         DEBUG    - train_tools - MainProcess - epoch 48 loss 0.16841 acc 0.95207 fmeasure 0.95277 val_loss 0.22900 val_acc 0.92002 val_fmeasure0.92164 
08-08 22:03 root         DEBUG    - train_tools - MainProcess - epoch 49 loss 0.16850 acc 0.95222 fmeasure 0.95294 val_loss 0.23510 val_acc 0.91575 val_fmeasure0.91594 
08-08 22:11 root         DEBUG    - train_tools - MainProcess - epoch 50 loss 0.16701 acc 0.95232 fmeasure 0.95301 val_loss 0.24698 val_acc 0.91100 val_fmeasure0.90957 
08-08 22:19 root         DEBUG    - train_tools - MainProcess - epoch 51 loss 0.16668 acc 0.95256 fmeasure 0.95327 val_loss 0.22948 val_acc 0.91895 val_fmeasure0.92017 
08-08 22:27 root         DEBUG    - train_tools - MainProcess - epoch 52 loss 0.16578 acc 0.95225 fmeasure 0.95295 val_loss 0.24998 val_acc 0.90901 val_fmeasure0.90719 
08-08 22:35 root         DEBUG    - train_tools - MainProcess - epoch 53 loss 0.16351 acc 0.95358 fmeasure 0.95424 val_loss 0.24165 val_acc 0.91272 val_fmeasure0.91178 
08-08 22:43 root         DEBUG    - train_tools - MainProcess - epoch 54 loss 0.16424 acc 0.95347 fmeasure 0.95415 val_loss 0.22739 val_acc 0.91979 val_fmeasure0.92132 
08-08 22:50 root         DEBUG    - train_tools - MainProcess - epoch 55 loss 0.16419 acc 0.95343 fmeasure 0.95411 val_loss 0.24193 val_acc 0.91164 val_fmeasure0.91081 
08-08 22:59 root         DEBUG    - train_tools - MainProcess - epoch 56 loss 0.16383 acc 0.95346 fmeasure 0.95415 val_loss 0.22933 val_acc 0.91854 val_fmeasure0.91906 
08-08 23:06 root         DEBUG    - train_tools - MainProcess - epoch 57 loss 0.16272 acc 0.95357 fmeasure 0.95424 val_loss 0.22463 val_acc 0.92167 val_fmeasure0.92317 
08-08 23:14 root         DEBUG    - train_tools - MainProcess - epoch 58 loss 0.16255 acc 0.95377 fmeasure 0.95447 val_loss 0.23059 val_acc 0.91770 val_fmeasure0.91775 
08-08 23:22 root         DEBUG    - train_tools - MainProcess - epoch 59 loss 0.16145 acc 0.95393 fmeasure 0.95460 val_loss 0.24478 val_acc 0.91137 val_fmeasure0.90949 
08-08 23:30 root         DEBUG    - train_tools - MainProcess - epoch 60 loss 0.16248 acc 0.95357 fmeasure 0.95426 val_loss 0.22975 val_acc 0.91773 val_fmeasure0.91877 
08-08 23:38 root         DEBUG    - train_tools - MainProcess - epoch 61 loss 0.16050 acc 0.95410 fmeasure 0.95479 val_loss 0.22781 val_acc 0.91921 val_fmeasure0.92000 
08-08 23:46 root         DEBUG    - train_tools - MainProcess - epoch 62 loss 0.16100 acc 0.95388 fmeasure 0.95456 val_loss 0.24388 val_acc 0.90995 val_fmeasure0.90783 
08-08 23:54 root         DEBUG    - train_tools - MainProcess - epoch 63 loss 0.16025 acc 0.95427 fmeasure 0.95496 val_loss 0.24116 val_acc 0.91197 val_fmeasure0.91046 
08-09 00:02 root         DEBUG    - train_tools - MainProcess - epoch 64 loss 0.15908 acc 0.95422 fmeasure 0.95489 val_loss 0.25077 val_acc 0.90649 val_fmeasure0.90313 
08-09 00:09 root         DEBUG    - train_tools - MainProcess - epoch 65 loss 0.16002 acc 0.95402 fmeasure 0.95472 val_loss 0.23631 val_acc 0.91373 val_fmeasure0.91233 
08-09 00:17 root         DEBUG    - train_tools - MainProcess - epoch 66 loss 0.15917 acc 0.95422 fmeasure 0.95490 val_loss 0.23876 val_acc 0.91309 val_fmeasure0.91203 
08-09 00:25 root         DEBUG    - train_tools - MainProcess - epoch 67 loss 0.15887 acc 0.95450 fmeasure 0.95519 val_loss 0.23462 val_acc 0.91531 val_fmeasure0.91458 
08-09 00:33 root         DEBUG    - train_tools - MainProcess - epoch 68 loss 0.15890 acc 0.95416 fmeasure 0.95487 val_loss 0.24754 val_acc 0.90820 val_fmeasure0.90539 
08-09 00:41 root         DEBUG    - train_tools - MainProcess - epoch 69 loss 0.15788 acc 0.95444 fmeasure 0.95512 val_loss 0.22525 val_acc 0.91982 val_fmeasure0.92030 
08-09 00:49 root         DEBUG    - train_tools - MainProcess - epoch 70 loss 0.15780 acc 0.95454 fmeasure 0.95524 val_loss 0.24230 val_acc 0.91073 val_fmeasure0.90881 
08-09 00:57 root         DEBUG    - train_tools - MainProcess - epoch 71 loss 0.15726 acc 0.95458 fmeasure 0.95527 val_loss 0.23403 val_acc 0.91477 val_fmeasure0.91374 
08-09 01:05 root         DEBUG    - train_tools - MainProcess - epoch 72 loss 0.15755 acc 0.95448 fmeasure 0.95518 val_loss 0.22537 val_acc 0.91932 val_fmeasure0.91959 
08-09 01:05 root         INFO     - train_tools - MainProcess - loading previous weights
08-09 01:05 root         INFO     - train_tools - MainProcess - 
Epoch 72: reducing learning rate from  0.00999999977648 to 0.00799999982119
08-09 01:13 root         DEBUG    - train_tools - MainProcess - epoch 73 loss 0.16125 acc 0.95380 fmeasure 0.95447 val_loss 0.22566 val_acc 0.91999 val_fmeasure0.92109 
08-09 01:21 root         DEBUG    - train_tools - MainProcess - epoch 74 loss 0.16166 acc 0.95347 fmeasure 0.95415 val_loss 0.23275 val_acc 0.91608 val_fmeasure0.91564 
08-09 01:29 root         DEBUG    - train_tools - MainProcess - epoch 75 loss 0.16151 acc 0.95412 fmeasure 0.95480 val_loss 0.22373 val_acc 0.92221 val_fmeasure0.92410 
08-09 01:37 root         DEBUG    - train_tools - MainProcess - epoch 76 loss 0.15982 acc 0.95415 fmeasure 0.95484 val_loss 0.22938 val_acc 0.91753 val_fmeasure0.91798 
08-09 01:45 root         DEBUG    - train_tools - MainProcess - epoch 77 loss 0.15987 acc 0.95455 fmeasure 0.95521 val_loss 0.22368 val_acc 0.92117 val_fmeasure0.92231 
08-09 01:53 root         DEBUG    - train_tools - MainProcess - epoch 78 loss 0.15987 acc 0.95414 fmeasure 0.95482 val_loss 0.22309 val_acc 0.92174 val_fmeasure0.92432 
08-09 02:00 root         DEBUG    - train_tools - MainProcess - epoch 79 loss 0.15900 acc 0.95463 fmeasure 0.95531 val_loss 0.22194 val_acc 0.92218 val_fmeasure0.92439 
08-09 02:08 root         DEBUG    - train_tools - MainProcess - epoch 80 loss 0.16035 acc 0.95403 fmeasure 0.95473 val_loss 0.22297 val_acc 0.92150 val_fmeasure0.92322 
08-09 02:16 root         DEBUG    - train_tools - MainProcess - epoch 81 loss 0.15789 acc 0.95444 fmeasure 0.95511 val_loss 0.22343 val_acc 0.92090 val_fmeasure0.92204 
08-09 02:24 root         DEBUG    - train_tools - MainProcess - epoch 82 loss 0.15856 acc 0.95449 fmeasure 0.95518 val_loss 0.24000 val_acc 0.91241 val_fmeasure0.91081 
08-09 02:32 root         DEBUG    - train_tools - MainProcess - epoch 83 loss 0.15958 acc 0.95456 fmeasure 0.95526 val_loss 0.24115 val_acc 0.91164 val_fmeasure0.91001 
08-09 02:40 root         DEBUG    - train_tools - MainProcess - epoch 84 loss 0.15735 acc 0.95459 fmeasure 0.95526 val_loss 0.22669 val_acc 0.91851 val_fmeasure0.91899 
08-09 02:48 root         DEBUG    - train_tools - MainProcess - epoch 85 loss 0.15610 acc 0.95475 fmeasure 0.95541 val_loss 0.24375 val_acc 0.90975 val_fmeasure0.90739 
08-09 02:56 root         DEBUG    - train_tools - MainProcess - epoch 86 loss 0.15720 acc 0.95466 fmeasure 0.95533 val_loss 0.23563 val_acc 0.91447 val_fmeasure0.91414 
08-09 03:04 root         DEBUG    - train_tools - MainProcess - epoch 87 loss 0.15695 acc 0.95489 fmeasure 0.95557 val_loss 0.22358 val_acc 0.92006 val_fmeasure0.92148 
08-09 03:12 root         DEBUG    - train_tools - MainProcess - epoch 88 loss 0.15654 acc 0.95487 fmeasure 0.95556 val_loss 0.24388 val_acc 0.90891 val_fmeasure0.90635 
08-09 03:20 root         DEBUG    - train_tools - MainProcess - epoch 89 loss 0.15628 acc 0.95513 fmeasure 0.95580 val_loss 0.22182 val_acc 0.92063 val_fmeasure0.92140 
08-09 03:27 root         DEBUG    - train_tools - MainProcess - epoch 90 loss 0.15602 acc 0.95523 fmeasure 0.95588 val_loss 0.22321 val_acc 0.92036 val_fmeasure0.92132 
08-09 03:35 root         DEBUG    - train_tools - MainProcess - epoch 91 loss 0.15604 acc 0.95505 fmeasure 0.95575 val_loss 0.22853 val_acc 0.91723 val_fmeasure0.91768 
08-09 03:43 root         DEBUG    - train_tools - MainProcess - epoch 92 loss 0.15629 acc 0.95463 fmeasure 0.95533 val_loss 0.22651 val_acc 0.91807 val_fmeasure0.91828 
08-09 03:51 root         DEBUG    - train_tools - MainProcess - epoch 93 loss 0.15517 acc 0.95519 fmeasure 0.95587 val_loss 0.25729 val_acc 0.90288 val_fmeasure0.89907 
08-09 03:59 root         DEBUG    - train_tools - MainProcess - epoch 94 loss 0.15340 acc 0.95573 fmeasure 0.95640 val_loss 0.23676 val_acc 0.91305 val_fmeasure0.91144 
08-09 04:07 root         DEBUG    - train_tools - MainProcess - epoch 95 loss 0.15517 acc 0.95505 fmeasure 0.95572 val_loss 0.21993 val_acc 0.92083 val_fmeasure0.92180 
08-09 04:15 root         DEBUG    - train_tools - MainProcess - epoch 96 loss 0.15351 acc 0.95551 fmeasure 0.95617 val_loss 0.26157 val_acc 0.89901 val_fmeasure0.89416 
08-09 04:23 root         DEBUG    - train_tools - MainProcess - epoch 97 loss 0.15429 acc 0.95554 fmeasure 0.95624 val_loss 0.22008 val_acc 0.92053 val_fmeasure0.92170 
08-09 04:31 root         DEBUG    - train_tools - MainProcess - epoch 98 loss 0.15426 acc 0.95523 fmeasure 0.95592 val_loss 0.22063 val_acc 0.92063 val_fmeasure0.92135 
08-09 04:39 root         DEBUG    - train_tools - MainProcess - epoch 99 loss 0.15329 acc 0.95569 fmeasure 0.95636 val_loss 0.21935 val_acc 0.92245 val_fmeasure0.92462 
08-09 04:46 root         DEBUG    - train_tools - MainProcess - epoch 100 loss 0.15378 acc 0.95558 fmeasure 0.95625 val_loss 0.22279 val_acc 0.91969 val_fmeasure0.92070 
08-09 04:54 root         DEBUG    - train_tools - MainProcess - epoch 101 loss 0.15276 acc 0.95559 fmeasure 0.95626 val_loss 0.22679 val_acc 0.91847 val_fmeasure0.91816 
08-09 05:02 root         DEBUG    - train_tools - MainProcess - epoch 102 loss 0.15324 acc 0.95544 fmeasure 0.95613 val_loss 0.22345 val_acc 0.91925 val_fmeasure0.91934 
08-09 05:10 root         DEBUG    - train_tools - MainProcess - epoch 103 loss 0.15273 acc 0.95551 fmeasure 0.95620 val_loss 0.23434 val_acc 0.91487 val_fmeasure0.91360 
08-09 05:18 root         DEBUG    - train_tools - MainProcess - epoch 104 loss 0.15193 acc 0.95578 fmeasure 0.95646 val_loss 0.21887 val_acc 0.92174 val_fmeasure0.92252 
08-09 05:26 root         DEBUG    - train_tools - MainProcess - epoch 105 loss 0.15159 acc 0.95586 fmeasure 0.95653 val_loss 0.21804 val_acc 0.92356 val_fmeasure0.92595 
08-09 05:34 root         DEBUG    - train_tools - MainProcess - epoch 106 loss 0.15197 acc 0.95616 fmeasure 0.95684 val_loss 0.22611 val_acc 0.91854 val_fmeasure0.91850 
08-09 05:42 root         DEBUG    - train_tools - MainProcess - epoch 107 loss 0.15249 acc 0.95573 fmeasure 0.95641 val_loss 0.21732 val_acc 0.92289 val_fmeasure0.92465 
08-09 05:50 root         DEBUG    - train_tools - MainProcess - epoch 108 loss 0.15190 acc 0.95546 fmeasure 0.95614 val_loss 0.21572 val_acc 0.92359 val_fmeasure0.92566 
08-09 05:58 root         DEBUG    - train_tools - MainProcess - epoch 109 loss 0.15106 acc 0.95599 fmeasure 0.95664 val_loss 0.24964 val_acc 0.90477 val_fmeasure0.90127 
08-09 06:06 root         DEBUG    - train_tools - MainProcess - epoch 110 loss 0.15063 acc 0.95629 fmeasure 0.95695 val_loss 0.21874 val_acc 0.92167 val_fmeasure0.92215 
08-09 06:14 root         DEBUG    - train_tools - MainProcess - epoch 111 loss 0.15172 acc 0.95580 fmeasure 0.95647 val_loss 0.22244 val_acc 0.91975 val_fmeasure0.92021 
08-09 06:22 root         DEBUG    - train_tools - MainProcess - epoch 112 loss 0.15107 acc 0.95612 fmeasure 0.95678 val_loss 0.21825 val_acc 0.92211 val_fmeasure0.92285 
08-09 06:30 root         DEBUG    - train_tools - MainProcess - epoch 113 loss 0.15060 acc 0.95592 fmeasure 0.95661 val_loss 0.22243 val_acc 0.91921 val_fmeasure0.91905 
08-09 06:37 root         DEBUG    - train_tools - MainProcess - epoch 114 loss 0.14989 acc 0.95662 fmeasure 0.95729 val_loss 0.22713 val_acc 0.91659 val_fmeasure0.91542 
08-09 06:45 root         DEBUG    - train_tools - MainProcess - epoch 115 loss 0.14983 acc 0.95663 fmeasure 0.95730 val_loss 0.23684 val_acc 0.91194 val_fmeasure0.91035 
08-09 06:53 root         DEBUG    - train_tools - MainProcess - epoch 116 loss 0.14960 acc 0.95640 fmeasure 0.95709 val_loss 0.21826 val_acc 0.92080 val_fmeasure0.92175 
08-09 07:01 root         DEBUG    - train_tools - MainProcess - epoch 117 loss 0.15022 acc 0.95654 fmeasure 0.95723 val_loss 0.22795 val_acc 0.91689 val_fmeasure0.91584 
08-09 07:09 root         DEBUG    - train_tools - MainProcess - epoch 118 loss 0.14831 acc 0.95707 fmeasure 0.95774 val_loss 0.22012 val_acc 0.92016 val_fmeasure0.92082 
08-09 07:17 root         DEBUG    - train_tools - MainProcess - epoch 119 loss 0.14968 acc 0.95664 fmeasure 0.95734 val_loss 0.23860 val_acc 0.91127 val_fmeasure0.90904 
08-09 07:25 root         DEBUG    - train_tools - MainProcess - epoch 120 loss 0.14901 acc 0.95656 fmeasure 0.95723 val_loss 0.21697 val_acc 0.92157 val_fmeasure0.92268 
08-09 07:33 root         DEBUG    - train_tools - MainProcess - epoch 121 loss 0.14799 acc 0.95703 fmeasure 0.95770 val_loss 0.21737 val_acc 0.92346 val_fmeasure0.92537 
08-09 07:41 root         DEBUG    - train_tools - MainProcess - epoch 122 loss 0.14815 acc 0.95711 fmeasure 0.95776 val_loss 0.24289 val_acc 0.90915 val_fmeasure0.90636 
08-09 07:49 root         DEBUG    - train_tools - MainProcess - epoch 123 loss 0.14915 acc 0.95668 fmeasure 0.95739 val_loss 0.21528 val_acc 0.92309 val_fmeasure0.92439 
08-09 07:57 root         DEBUG    - train_tools - MainProcess - epoch 124 loss 0.14828 acc 0.95666 fmeasure 0.95731 val_loss 0.21379 val_acc 0.92282 val_fmeasure0.92380 
08-09 08:05 root         DEBUG    - train_tools - MainProcess - epoch 125 loss 0.14683 acc 0.95750 fmeasure 0.95817 val_loss 0.23235 val_acc 0.91511 val_fmeasure0.91415 
08-09 08:13 root         DEBUG    - train_tools - MainProcess - epoch 126 loss 0.14851 acc 0.95664 fmeasure 0.95733 val_loss 0.23535 val_acc 0.91224 val_fmeasure0.91021 
08-09 08:21 root         DEBUG    - train_tools - MainProcess - epoch 127 loss 0.14794 acc 0.95687 fmeasure 0.95754 val_loss 0.23944 val_acc 0.91056 val_fmeasure0.90809 
08-09 08:29 root         DEBUG    - train_tools - MainProcess - epoch 128 loss 0.14743 acc 0.95722 fmeasure 0.95789 val_loss 0.22565 val_acc 0.91713 val_fmeasure0.91669 
08-09 08:37 root         DEBUG    - train_tools - MainProcess - epoch 129 loss 0.14756 acc 0.95703 fmeasure 0.95772 val_loss 0.23542 val_acc 0.91319 val_fmeasure0.91128 
08-09 08:45 root         DEBUG    - train_tools - MainProcess - epoch 130 loss 0.14664 acc 0.95739 fmeasure 0.95806 val_loss 0.23293 val_acc 0.91383 val_fmeasure0.91229 
08-09 08:53 root         DEBUG    - train_tools - MainProcess - epoch 131 loss 0.14666 acc 0.95718 fmeasure 0.95785 val_loss 0.21467 val_acc 0.92315 val_fmeasure0.92449 
08-09 09:01 root         DEBUG    - train_tools - MainProcess - epoch 132 loss 0.14640 acc 0.95727 fmeasure 0.95793 val_loss 0.21770 val_acc 0.92086 val_fmeasure0.92135 
08-09 09:09 root         DEBUG    - train_tools - MainProcess - epoch 133 loss 0.14603 acc 0.95778 fmeasure 0.95844 val_loss 0.21710 val_acc 0.92144 val_fmeasure0.92228 
08-09 09:17 root         DEBUG    - train_tools - MainProcess - epoch 134 loss 0.14589 acc 0.95747 fmeasure 0.95813 val_loss 0.21653 val_acc 0.92198 val_fmeasure0.92296 
08-09 09:25 root         DEBUG    - train_tools - MainProcess - epoch 135 loss 0.14610 acc 0.95750 fmeasure 0.95817 val_loss 0.21707 val_acc 0.92198 val_fmeasure0.92310 
08-09 09:32 root         DEBUG    - train_tools - MainProcess - epoch 136 loss 0.14640 acc 0.95672 fmeasure 0.95741 val_loss 0.21894 val_acc 0.92117 val_fmeasure0.92108 
08-09 09:40 root         DEBUG    - train_tools - MainProcess - epoch 137 loss 0.14571 acc 0.95750 fmeasure 0.95815 val_loss 0.22110 val_acc 0.91962 val_fmeasure0.91929 
08-09 09:48 root         DEBUG    - train_tools - MainProcess - epoch 138 loss 0.14576 acc 0.95714 fmeasure 0.95784 val_loss 0.23192 val_acc 0.91460 val_fmeasure0.91304 
08-09 09:56 root         DEBUG    - train_tools - MainProcess - epoch 139 loss 0.14454 acc 0.95798 fmeasure 0.95863 val_loss 0.21267 val_acc 0.92379 val_fmeasure0.92466 
08-09 10:04 root         DEBUG    - train_tools - MainProcess - epoch 140 loss 0.14490 acc 0.95778 fmeasure 0.95845 val_loss 0.23769 val_acc 0.91076 val_fmeasure0.90833 
08-09 10:12 root         DEBUG    - train_tools - MainProcess - epoch 141 loss 0.14452 acc 0.95761 fmeasure 0.95828 val_loss 0.24563 val_acc 0.90746 val_fmeasure0.90458 
08-09 10:20 root         DEBUG    - train_tools - MainProcess - epoch 142 loss 0.14475 acc 0.95729 fmeasure 0.95797 val_loss 0.22517 val_acc 0.91807 val_fmeasure0.91730 
08-09 10:28 root         DEBUG    - train_tools - MainProcess - epoch 143 loss 0.14492 acc 0.95736 fmeasure 0.95803 val_loss 0.21395 val_acc 0.92413 val_fmeasure0.92614 
08-09 10:36 root         DEBUG    - train_tools - MainProcess - epoch 144 loss 0.14432 acc 0.95788 fmeasure 0.95853 val_loss 0.21941 val_acc 0.91992 val_fmeasure0.91985 
08-09 10:44 root         DEBUG    - train_tools - MainProcess - epoch 145 loss 0.14417 acc 0.95791 fmeasure 0.95856 val_loss 0.25440 val_acc 0.90184 val_fmeasure0.89708 
08-09 10:52 root         DEBUG    - train_tools - MainProcess - epoch 146 loss 0.14455 acc 0.95772 fmeasure 0.95839 val_loss 0.22913 val_acc 0.91598 val_fmeasure0.91471 
08-09 11:00 root         DEBUG    - train_tools - MainProcess - epoch 147 loss 0.14392 acc 0.95804 fmeasure 0.95870 val_loss 0.22897 val_acc 0.91538 val_fmeasure0.91401 
08-09 11:08 root         DEBUG    - train_tools - MainProcess - epoch 148 loss 0.14383 acc 0.95798 fmeasure 0.95865 val_loss 0.22007 val_acc 0.92046 val_fmeasure0.92050 
08-09 11:16 root         DEBUG    - train_tools - MainProcess - epoch 149 loss 0.14421 acc 0.95739 fmeasure 0.95807 val_loss 0.23236 val_acc 0.91389 val_fmeasure0.91201 
08-09 11:24 root         DEBUG    - train_tools - MainProcess - epoch 150 loss 0.14268 acc 0.95849 fmeasure 0.95914 val_loss 0.21166 val_acc 0.92396 val_fmeasure0.92582 
08-09 11:32 root         DEBUG    - train_tools - MainProcess - epoch 151 loss 0.14283 acc 0.95811 fmeasure 0.95877 val_loss 0.21703 val_acc 0.92113 val_fmeasure0.92153 
08-09 11:40 root         DEBUG    - train_tools - MainProcess - epoch 152 loss 0.14366 acc 0.95794 fmeasure 0.95860 val_loss 0.25274 val_acc 0.90224 val_fmeasure0.89772 
08-09 11:48 root         DEBUG    - train_tools - MainProcess - epoch 153 loss 0.14358 acc 0.95779 fmeasure 0.95845 val_loss 0.23282 val_acc 0.91362 val_fmeasure0.91168 
08-09 11:56 root         DEBUG    - train_tools - MainProcess - epoch 154 loss 0.14389 acc 0.95775 fmeasure 0.95843 val_loss 0.21092 val_acc 0.92420 val_fmeasure0.92573 
08-09 12:04 root         DEBUG    - train_tools - MainProcess - epoch 155 loss 0.14211 acc 0.95824 fmeasure 0.95889 val_loss 0.21963 val_acc 0.91996 val_fmeasure0.91987 
08-09 12:11 root         DEBUG    - train_tools - MainProcess - epoch 156 loss 0.14358 acc 0.95734 fmeasure 0.95804 val_loss 0.22986 val_acc 0.91447 val_fmeasure0.91316 
08-09 12:19 root         DEBUG    - train_tools - MainProcess - epoch 157 loss 0.14310 acc 0.95781 fmeasure 0.95848 val_loss 0.24170 val_acc 0.90841 val_fmeasure0.90541 
08-09 12:27 root         DEBUG    - train_tools - MainProcess - epoch 158 loss 0.14298 acc 0.95783 fmeasure 0.95849 val_loss 0.22503 val_acc 0.91686 val_fmeasure0.91589 
08-09 12:35 root         DEBUG    - train_tools - MainProcess - epoch 159 loss 0.14229 acc 0.95775 fmeasure 0.95841 val_loss 0.22081 val_acc 0.91827 val_fmeasure0.91795 
08-09 12:43 root         DEBUG    - train_tools - MainProcess - epoch 160 loss 0.14264 acc 0.95773 fmeasure 0.95840 val_loss 0.21305 val_acc 0.92342 val_fmeasure0.92498 
08-09 12:51 root         DEBUG    - train_tools - MainProcess - epoch 161 loss 0.14221 acc 0.95821 fmeasure 0.95887 val_loss 0.23792 val_acc 0.91090 val_fmeasure0.90873 
08-09 12:59 root         DEBUG    - train_tools - MainProcess - epoch 162 loss 0.14187 acc 0.95827 fmeasure 0.95893 val_loss 0.22343 val_acc 0.91857 val_fmeasure0.91793 
08-09 13:07 root         DEBUG    - train_tools - MainProcess - epoch 163 loss 0.14220 acc 0.95838 fmeasure 0.95904 val_loss 0.21751 val_acc 0.92083 val_fmeasure0.92116 
08-09 13:15 root         DEBUG    - train_tools - MainProcess - epoch 164 loss 0.14231 acc 0.95789 fmeasure 0.95855 val_loss 0.25627 val_acc 0.89978 val_fmeasure0.89444 
08-09 13:23 root         DEBUG    - train_tools - MainProcess - epoch 165 loss 0.14155 acc 0.95860 fmeasure 0.95925 val_loss 0.22820 val_acc 0.91507 val_fmeasure0.91350 
08-09 13:31 root         DEBUG    - train_tools - MainProcess - epoch 166 loss 0.14137 acc 0.95824 fmeasure 0.95889 val_loss 0.21836 val_acc 0.92026 val_fmeasure0.92034 
08-09 13:39 root         DEBUG    - train_tools - MainProcess - epoch 167 loss 0.14243 acc 0.95814 fmeasure 0.95880 val_loss 0.21741 val_acc 0.92090 val_fmeasure0.92123 
08-09 13:46 root         DEBUG    - train_tools - MainProcess - epoch 168 loss 0.14151 acc 0.95837 fmeasure 0.95903 val_loss 0.22335 val_acc 0.91763 val_fmeasure0.91692 
08-09 13:54 root         DEBUG    - train_tools - MainProcess - epoch 169 loss 0.14076 acc 0.95856 fmeasure 0.95922 val_loss 0.21649 val_acc 0.92181 val_fmeasure0.92218 
08-09 13:54 root         INFO     - train_tools - MainProcess - loading previous weights
08-09 13:54 root         INFO     - train_tools - MainProcess - 
Epoch 169: reducing learning rate from  0.00799999944866 to 0.00639999955893
08-09 14:02 root         DEBUG    - train_tools - MainProcess - epoch 170 loss 0.14249 acc 0.95817 fmeasure 0.95882 val_loss 0.23047 val_acc 0.91315 val_fmeasure0.91128 
08-09 14:10 root         DEBUG    - train_tools - MainProcess - epoch 171 loss 0.14214 acc 0.95832 fmeasure 0.95899 val_loss 0.21953 val_acc 0.92006 val_fmeasure0.91982 
08-09 14:18 root         DEBUG    - train_tools - MainProcess - epoch 172 loss 0.14225 acc 0.95817 fmeasure 0.95884 val_loss 0.22806 val_acc 0.91544 val_fmeasure0.91398 
08-09 14:26 root         DEBUG    - train_tools - MainProcess - epoch 173 loss 0.14213 acc 0.95813 fmeasure 0.95880 val_loss 0.22298 val_acc 0.91810 val_fmeasure0.91737 
08-09 14:34 root         DEBUG    - train_tools - MainProcess - epoch 174 loss 0.14239 acc 0.95818 fmeasure 0.95885 val_loss 0.24111 val_acc 0.90904 val_fmeasure0.90613 
08-09 14:42 root         DEBUG    - train_tools - MainProcess - epoch 175 loss 0.14166 acc 0.95842 fmeasure 0.95908 val_loss 0.21847 val_acc 0.91982 val_fmeasure0.91997 
08-09 14:50 root         DEBUG    - train_tools - MainProcess - epoch 176 loss 0.14294 acc 0.95792 fmeasure 0.95861 val_loss 0.22633 val_acc 0.91652 val_fmeasure0.91554 
08-09 14:58 root         DEBUG    - train_tools - MainProcess - epoch 177 loss 0.14268 acc 0.95783 fmeasure 0.95852 val_loss 0.23193 val_acc 0.91366 val_fmeasure0.91199 
08-09 15:05 root         DEBUG    - train_tools - MainProcess - epoch 178 loss 0.14215 acc 0.95808 fmeasure 0.95875 val_loss 0.25046 val_acc 0.90302 val_fmeasure0.89877 
08-09 15:13 root         DEBUG    - train_tools - MainProcess - epoch 179 loss 0.14088 acc 0.95875 fmeasure 0.95939 val_loss 0.22834 val_acc 0.91504 val_fmeasure0.91388 
08-09 15:21 root         DEBUG    - train_tools - MainProcess - epoch 180 loss 0.14119 acc 0.95837 fmeasure 0.95904 val_loss 0.21783 val_acc 0.92080 val_fmeasure0.92066 
08-09 15:29 root         DEBUG    - train_tools - MainProcess - epoch 181 loss 0.14137 acc 0.95845 fmeasure 0.95911 val_loss 0.23521 val_acc 0.91080 val_fmeasure0.90844 
08-09 15:37 root         DEBUG    - train_tools - MainProcess - epoch 182 loss 0.14088 acc 0.95862 fmeasure 0.95926 val_loss 0.22810 val_acc 0.91463 val_fmeasure0.91346 
08-09 15:45 root         DEBUG    - train_tools - MainProcess - epoch 183 loss 0.14012 acc 0.95898 fmeasure 0.95962 val_loss 0.23475 val_acc 0.91076 val_fmeasure0.90841 
08-09 15:53 root         DEBUG    - train_tools - MainProcess - epoch 184 loss 0.14113 acc 0.95855 fmeasure 0.95922 val_loss 0.23015 val_acc 0.91396 val_fmeasure0.91210 
08-09 15:53 root         INFO     - train_tools - MainProcess - loading previous weights
08-09 15:53 root         INFO     - train_tools - MainProcess - 
Epoch 184: reducing learning rate from  0.00639999937266 to 0.00511999949813
08-09 16:01 root         DEBUG    - train_tools - MainProcess - epoch 185 loss 0.14216 acc 0.95827 fmeasure 0.95894 val_loss 0.22990 val_acc 0.91480 val_fmeasure0.91312 
08-09 16:09 root         DEBUG    - train_tools - MainProcess - epoch 186 loss 0.14119 acc 0.95878 fmeasure 0.95944 val_loss 0.22045 val_acc 0.91945 val_fmeasure0.91923 
08-09 16:17 root         DEBUG    - train_tools - MainProcess - epoch 187 loss 0.14150 acc 0.95864 fmeasure 0.95930 val_loss 0.21661 val_acc 0.92117 val_fmeasure0.92116 
08-09 16:25 root         DEBUG    - train_tools - MainProcess - epoch 188 loss 0.14100 acc 0.95859 fmeasure 0.95923 val_loss 0.24655 val_acc 0.90622 val_fmeasure0.90287 
08-09 16:33 root         DEBUG    - train_tools - MainProcess - epoch 189 loss 0.14180 acc 0.95835 fmeasure 0.95902 val_loss 0.21669 val_acc 0.92070 val_fmeasure0.92083 
08-09 16:41 root         DEBUG    - train_tools - MainProcess - epoch 190 loss 0.14132 acc 0.95852 fmeasure 0.95918 val_loss 0.22377 val_acc 0.91743 val_fmeasure0.91663 
08-09 16:48 root         DEBUG    - train_tools - MainProcess - epoch 191 loss 0.14106 acc 0.95849 fmeasure 0.95915 val_loss 0.21378 val_acc 0.92204 val_fmeasure0.92246 
08-09 16:56 root         DEBUG    - train_tools - MainProcess - epoch 192 loss 0.14200 acc 0.95815 fmeasure 0.95881 val_loss 0.22561 val_acc 0.91642 val_fmeasure0.91532 
08-09 17:04 root         DEBUG    - train_tools - MainProcess - epoch 193 loss 0.14059 acc 0.95868 fmeasure 0.95934 val_loss 0.23970 val_acc 0.90891 val_fmeasure0.90597 
08-09 17:12 root         DEBUG    - train_tools - MainProcess - epoch 194 loss 0.14206 acc 0.95837 fmeasure 0.95904 val_loss 0.21576 val_acc 0.92113 val_fmeasure0.92159 
08-09 17:12 root         ERROR    - train_multimodel - MainProcess - Uncaught exception: generator already executing
None
