08-07 08:57 root         DEBUG    - train_multimodel - MainProcess - start script
08-07 08:57 root         INFO     - train_multimodel - MainProcess - TRAIN: [(2, 1), (2, 2), (2, 3), (2, 4), (3, 1), (3, 2), (3, 3), (3, 4), (3, 5), (4, 1), (4, 2), (4, 3), (4, 4)] VAL: [(5, 1), (5, 2), (5, 3), (5, 4)] , TEST: 1
08-07 08:57 root         INFO     - train_multimodel - MainProcess - training model test_1
08-07 08:57 root         DEBUG    - train_multimodel - MainProcess - creating train & val generators
08-07 08:57 root         DEBUG    - train_proccesses - random_batch_indexes - start random_batch_indexes
08-07 08:57 root         DEBUG    - train_proccesses - collect_batch - start collect_batch
08-07 08:57 root         DEBUG    - train_proccesses - MainProcess - start batch generator
08-07 08:58 root         INFO     - train_proccesses - MainProcess - finished
08-07 08:58 root         INFO     - train_multimodel - MainProcess - training combined model
08-07 08:58 root         DEBUG    - train_proccesses - random_batch_indexes - start random_batch_indexes
08-07 08:58 root         DEBUG    - train_proccesses - collect_batch - start collect_batch
08-07 08:59 root         DEBUG    - train_proccesses - MainProcess - start batch generator
08-07 09:06 root         DEBUG    - train_tools - MainProcess - epoch 0 loss 1.40245 acc 0.71145 fmeasure 0.76873 val_loss 1.22711 val_acc 0.84611 val_fmeasure0.86120 
08-07 09:12 root         DEBUG    - train_tools - MainProcess - epoch 1 loss 1.05817 acc 0.70700 fmeasure 0.68530 val_loss 0.89924 val_acc 0.76084 val_fmeasure0.72684 
08-07 09:19 root         DEBUG    - train_tools - MainProcess - epoch 2 loss 0.74074 acc 0.83985 fmeasure 0.84164 val_loss 0.67518 val_acc 0.84547 val_fmeasure0.84543 
08-07 09:25 root         DEBUG    - train_tools - MainProcess - epoch 3 loss 0.56152 acc 0.88699 fmeasure 0.88852 val_loss 0.56631 val_acc 0.86062 val_fmeasure0.86134 
08-07 09:32 root         DEBUG    - train_tools - MainProcess - epoch 4 loss 0.45378 acc 0.90681 fmeasure 0.90808 val_loss 0.48616 val_acc 0.87012 val_fmeasure0.87045 
08-07 09:39 root         DEBUG    - train_tools - MainProcess - epoch 5 loss 0.37873 acc 0.92051 fmeasure 0.92165 val_loss 0.42707 val_acc 0.87645 val_fmeasure0.87636 
08-07 09:45 root         DEBUG    - train_tools - MainProcess - epoch 6 loss 0.32630 acc 0.92888 fmeasure 0.92996 val_loss 0.39858 val_acc 0.87534 val_fmeasure0.87366 
08-07 09:52 root         DEBUG    - train_tools - MainProcess - epoch 7 loss 0.29131 acc 0.93398 fmeasure 0.93499 val_loss 0.36510 val_acc 0.89877 val_fmeasure0.90482 
08-07 09:59 root         DEBUG    - train_tools - MainProcess - epoch 8 loss 0.26925 acc 0.93610 fmeasure 0.93701 val_loss 0.33372 val_acc 0.90015 val_fmeasure0.90390 
08-07 10:05 root         DEBUG    - train_tools - MainProcess - epoch 9 loss 0.24668 acc 0.94102 fmeasure 0.94182 val_loss 0.32890 val_acc 0.88840 val_fmeasure0.88771 
08-07 10:12 root         DEBUG    - train_tools - MainProcess - epoch 10 loss 0.23244 acc 0.94337 fmeasure 0.94411 val_loss 0.32690 val_acc 0.88382 val_fmeasure0.88061 
08-07 10:19 root         DEBUG    - train_tools - MainProcess - epoch 11 loss 0.22529 acc 0.94353 fmeasure 0.94428 val_loss 0.30426 val_acc 0.89709 val_fmeasure0.89841 
08-07 10:25 root         DEBUG    - train_tools - MainProcess - epoch 12 loss 0.21511 acc 0.94603 fmeasure 0.94676 val_loss 0.29948 val_acc 0.89601 val_fmeasure0.89652 
08-07 10:32 root         DEBUG    - train_tools - MainProcess - epoch 13 loss 0.20997 acc 0.94656 fmeasure 0.94731 val_loss 0.29842 val_acc 0.89696 val_fmeasure0.89820 
08-07 10:39 root         DEBUG    - train_tools - MainProcess - epoch 14 loss 0.20452 acc 0.94730 fmeasure 0.94803 val_loss 0.29518 val_acc 0.89514 val_fmeasure0.89584 
08-07 10:45 root         DEBUG    - train_tools - MainProcess - epoch 15 loss 0.19934 acc 0.94831 fmeasure 0.94902 val_loss 0.28736 val_acc 0.90416 val_fmeasure0.90722 
08-07 10:52 root         DEBUG    - train_tools - MainProcess - epoch 16 loss 0.19581 acc 0.94909 fmeasure 0.94979 val_loss 0.28213 val_acc 0.90669 val_fmeasure0.91005 
08-07 10:58 root         DEBUG    - train_tools - MainProcess - epoch 17 loss 0.19425 acc 0.94917 fmeasure 0.94989 val_loss 0.29120 val_acc 0.89524 val_fmeasure0.89567 
08-07 11:05 root         DEBUG    - train_tools - MainProcess - epoch 18 loss 0.19059 acc 0.95022 fmeasure 0.95090 val_loss 0.28886 val_acc 0.89369 val_fmeasure0.89377 
08-07 11:12 root         DEBUG    - train_tools - MainProcess - epoch 19 loss 0.18712 acc 0.95044 fmeasure 0.95115 val_loss 0.32611 val_acc 0.86958 val_fmeasure0.86141 
08-07 11:18 root         DEBUG    - train_tools - MainProcess - epoch 20 loss 0.18584 acc 0.95081 fmeasure 0.95152 val_loss 0.31356 val_acc 0.87705 val_fmeasure0.87099 
08-07 11:25 root         DEBUG    - train_tools - MainProcess - epoch 21 loss 0.18439 acc 0.95068 fmeasure 0.95136 val_loss 0.28557 val_acc 0.89052 val_fmeasure0.88873 
08-07 11:32 root         DEBUG    - train_tools - MainProcess - epoch 22 loss 0.18215 acc 0.95168 fmeasure 0.95240 val_loss 0.28775 val_acc 0.89042 val_fmeasure0.88915 
08-07 11:38 root         DEBUG    - train_tools - MainProcess - epoch 23 loss 0.17974 acc 0.95226 fmeasure 0.95295 val_loss 0.27940 val_acc 0.89497 val_fmeasure0.89409 
08-07 11:45 root         DEBUG    - train_tools - MainProcess - epoch 24 loss 0.17728 acc 0.95270 fmeasure 0.95337 val_loss 0.26607 val_acc 0.90362 val_fmeasure0.90492 
08-07 11:52 root         DEBUG    - train_tools - MainProcess - epoch 25 loss 0.17713 acc 0.95243 fmeasure 0.95311 val_loss 0.26891 val_acc 0.90807 val_fmeasure0.91155 
08-07 11:58 root         DEBUG    - train_tools - MainProcess - epoch 26 loss 0.17523 acc 0.95310 fmeasure 0.95380 val_loss 0.28677 val_acc 0.88891 val_fmeasure0.88626 
08-07 12:05 root         DEBUG    - train_tools - MainProcess - epoch 27 loss 0.17380 acc 0.95331 fmeasure 0.95399 val_loss 0.26777 val_acc 0.90147 val_fmeasure0.90271 
08-07 12:12 root         DEBUG    - train_tools - MainProcess - epoch 28 loss 0.17233 acc 0.95374 fmeasure 0.95441 val_loss 0.29773 val_acc 0.88409 val_fmeasure0.87876 
08-07 12:18 root         DEBUG    - train_tools - MainProcess - epoch 29 loss 0.17112 acc 0.95359 fmeasure 0.95426 val_loss 0.26328 val_acc 0.90790 val_fmeasure0.91077 
08-07 12:25 root         DEBUG    - train_tools - MainProcess - epoch 30 loss 0.17103 acc 0.95387 fmeasure 0.95457 val_loss 0.27542 val_acc 0.89537 val_fmeasure0.89490 
08-07 12:31 root         DEBUG    - train_tools - MainProcess - epoch 31 loss 0.16907 acc 0.95411 fmeasure 0.95480 val_loss 0.25840 val_acc 0.91049 val_fmeasure0.91384 
08-07 12:38 root         DEBUG    - train_tools - MainProcess - epoch 32 loss 0.16818 acc 0.95426 fmeasure 0.95494 val_loss 0.26193 val_acc 0.90362 val_fmeasure0.90429 
08-07 12:45 root         DEBUG    - train_tools - MainProcess - epoch 33 loss 0.16650 acc 0.95507 fmeasure 0.95572 val_loss 0.30612 val_acc 0.87672 val_fmeasure0.86942 
08-07 12:51 root         DEBUG    - train_tools - MainProcess - epoch 34 loss 0.16702 acc 0.95461 fmeasure 0.95532 val_loss 0.25308 val_acc 0.91002 val_fmeasure0.91284 
08-07 12:58 root         DEBUG    - train_tools - MainProcess - epoch 35 loss 0.16575 acc 0.95478 fmeasure 0.95548 val_loss 0.25747 val_acc 0.90834 val_fmeasure0.91078 
08-07 13:05 root         DEBUG    - train_tools - MainProcess - epoch 36 loss 0.16520 acc 0.95501 fmeasure 0.95570 val_loss 0.25349 val_acc 0.90908 val_fmeasure0.91136 
08-07 13:11 root         DEBUG    - train_tools - MainProcess - epoch 37 loss 0.16390 acc 0.95542 fmeasure 0.95611 val_loss 0.25435 val_acc 0.90911 val_fmeasure0.91164 
08-07 13:18 root         DEBUG    - train_tools - MainProcess - epoch 38 loss 0.16383 acc 0.95509 fmeasure 0.95580 val_loss 0.25659 val_acc 0.90588 val_fmeasure0.90679 
08-07 13:25 root         DEBUG    - train_tools - MainProcess - epoch 39 loss 0.16203 acc 0.95586 fmeasure 0.95655 val_loss 0.26784 val_acc 0.89662 val_fmeasure0.89505 
08-07 13:31 root         DEBUG    - train_tools - MainProcess - epoch 40 loss 0.16163 acc 0.95546 fmeasure 0.95614 val_loss 0.25890 val_acc 0.90349 val_fmeasure0.90364 
08-07 13:38 root         DEBUG    - train_tools - MainProcess - epoch 41 loss 0.16019 acc 0.95619 fmeasure 0.95683 val_loss 0.24989 val_acc 0.91100 val_fmeasure0.91355 
08-07 13:44 root         DEBUG    - train_tools - MainProcess - epoch 42 loss 0.15890 acc 0.95695 fmeasure 0.95764 val_loss 0.25997 val_acc 0.90090 val_fmeasure0.90003 
08-07 13:51 root         DEBUG    - train_tools - MainProcess - epoch 43 loss 0.15932 acc 0.95626 fmeasure 0.95692 val_loss 0.25361 val_acc 0.90921 val_fmeasure0.91073 
08-07 13:58 root         DEBUG    - train_tools - MainProcess - epoch 44 loss 0.15871 acc 0.95622 fmeasure 0.95690 val_loss 0.25997 val_acc 0.90120 val_fmeasure0.90049 
08-07 14:04 root         DEBUG    - train_tools - MainProcess - epoch 45 loss 0.15784 acc 0.95668 fmeasure 0.95734 val_loss 0.24883 val_acc 0.91410 val_fmeasure0.91794 
08-07 14:11 root         DEBUG    - train_tools - MainProcess - epoch 46 loss 0.15561 acc 0.95741 fmeasure 0.95805 val_loss 0.27413 val_acc 0.89073 val_fmeasure0.88777 
08-07 14:17 root         DEBUG    - train_tools - MainProcess - epoch 47 loss 0.15640 acc 0.95708 fmeasure 0.95773 val_loss 0.25195 val_acc 0.90659 val_fmeasure0.90701 
08-07 14:24 root         DEBUG    - train_tools - MainProcess - epoch 48 loss 0.15535 acc 0.95739 fmeasure 0.95804 val_loss 0.25610 val_acc 0.90201 val_fmeasure0.90081 
08-07 14:31 root         DEBUG    - train_tools - MainProcess - epoch 49 loss 0.15495 acc 0.95748 fmeasure 0.95814 val_loss 0.24274 val_acc 0.91460 val_fmeasure0.91743 
08-07 14:37 root         DEBUG    - train_tools - MainProcess - epoch 50 loss 0.15507 acc 0.95719 fmeasure 0.95786 val_loss 0.24416 val_acc 0.91285 val_fmeasure0.91544 
08-07 14:44 root         DEBUG    - train_tools - MainProcess - epoch 51 loss 0.15470 acc 0.95705 fmeasure 0.95774 val_loss 0.25019 val_acc 0.90541 val_fmeasure0.90516 
08-07 14:50 root         DEBUG    - train_tools - MainProcess - epoch 52 loss 0.15396 acc 0.95779 fmeasure 0.95843 val_loss 0.24830 val_acc 0.90699 val_fmeasure0.90708 
08-07 14:57 root         DEBUG    - train_tools - MainProcess - epoch 53 loss 0.15226 acc 0.95796 fmeasure 0.95863 val_loss 0.27825 val_acc 0.88945 val_fmeasure0.88496 
08-07 15:04 root         DEBUG    - train_tools - MainProcess - epoch 54 loss 0.15315 acc 0.95759 fmeasure 0.95826 val_loss 0.25070 val_acc 0.90803 val_fmeasure0.90907 
08-07 15:10 root         DEBUG    - train_tools - MainProcess - epoch 55 loss 0.15139 acc 0.95833 fmeasure 0.95897 val_loss 0.25595 val_acc 0.90255 val_fmeasure0.90198 
08-07 15:17 root         DEBUG    - train_tools - MainProcess - epoch 56 loss 0.15194 acc 0.95807 fmeasure 0.95876 val_loss 0.23963 val_acc 0.91612 val_fmeasure0.91927 
08-07 15:24 root         DEBUG    - train_tools - MainProcess - epoch 57 loss 0.15131 acc 0.95798 fmeasure 0.95863 val_loss 0.25960 val_acc 0.89948 val_fmeasure0.89825 
08-07 15:30 root         DEBUG    - train_tools - MainProcess - epoch 58 loss 0.15088 acc 0.95830 fmeasure 0.95896 val_loss 0.25927 val_acc 0.90076 val_fmeasure0.89982 
08-07 15:37 root         DEBUG    - train_tools - MainProcess - epoch 59 loss 0.14973 acc 0.95845 fmeasure 0.95909 val_loss 0.23776 val_acc 0.91686 val_fmeasure0.91968 
08-07 15:43 root         DEBUG    - train_tools - MainProcess - epoch 60 loss 0.14937 acc 0.95849 fmeasure 0.95914 val_loss 0.25631 val_acc 0.90143 val_fmeasure0.90019 
08-07 15:50 root         DEBUG    - train_tools - MainProcess - epoch 61 loss 0.14868 acc 0.95918 fmeasure 0.95979 val_loss 0.26573 val_acc 0.89406 val_fmeasure0.89102 
08-07 15:57 root         DEBUG    - train_tools - MainProcess - epoch 62 loss 0.14927 acc 0.95833 fmeasure 0.95899 val_loss 0.23955 val_acc 0.91312 val_fmeasure0.91469 
08-07 16:04 root         DEBUG    - train_tools - MainProcess - epoch 63 loss 0.14704 acc 0.95898 fmeasure 0.95960 val_loss 0.25078 val_acc 0.90396 val_fmeasure0.90349 
08-07 16:10 root         DEBUG    - train_tools - MainProcess - epoch 64 loss 0.14734 acc 0.95911 fmeasure 0.95975 val_loss 0.29123 val_acc 0.87928 val_fmeasure0.87154 
08-07 16:17 root         DEBUG    - train_tools - MainProcess - epoch 65 loss 0.14901 acc 0.95856 fmeasure 0.95923 val_loss 0.28459 val_acc 0.88429 val_fmeasure0.87855 
08-07 16:24 root         DEBUG    - train_tools - MainProcess - epoch 66 loss 0.14725 acc 0.95906 fmeasure 0.95970 val_loss 0.24514 val_acc 0.91369 val_fmeasure0.91661 
08-07 16:30 root         DEBUG    - train_tools - MainProcess - epoch 67 loss 0.14688 acc 0.95900 fmeasure 0.95965 val_loss 0.25119 val_acc 0.90271 val_fmeasure0.90164 
08-07 16:37 root         DEBUG    - train_tools - MainProcess - epoch 68 loss 0.14648 acc 0.95918 fmeasure 0.95981 val_loss 0.24927 val_acc 0.90379 val_fmeasure0.90289 
08-07 16:44 root         DEBUG    - train_tools - MainProcess - epoch 69 loss 0.14560 acc 0.95931 fmeasure 0.95994 val_loss 0.25842 val_acc 0.89941 val_fmeasure0.89826 
08-07 16:51 root         DEBUG    - train_tools - MainProcess - epoch 70 loss 0.14642 acc 0.95908 fmeasure 0.95974 val_loss 0.24506 val_acc 0.91046 val_fmeasure0.91133 
08-07 16:57 root         DEBUG    - train_tools - MainProcess - epoch 71 loss 0.14496 acc 0.95970 fmeasure 0.96035 val_loss 0.24056 val_acc 0.91228 val_fmeasure0.91346 
08-07 17:04 root         DEBUG    - train_tools - MainProcess - epoch 72 loss 0.14542 acc 0.95968 fmeasure 0.96032 val_loss 0.23475 val_acc 0.91591 val_fmeasure0.91827 
08-07 17:11 root         DEBUG    - train_tools - MainProcess - epoch 73 loss 0.14532 acc 0.95916 fmeasure 0.95982 val_loss 0.29128 val_acc 0.87864 val_fmeasure0.87122 
08-07 17:17 root         DEBUG    - train_tools - MainProcess - epoch 74 loss 0.14501 acc 0.95944 fmeasure 0.96010 val_loss 0.23996 val_acc 0.91413 val_fmeasure0.91606 
08-07 17:24 root         DEBUG    - train_tools - MainProcess - epoch 75 loss 0.14391 acc 0.95968 fmeasure 0.96031 val_loss 0.25005 val_acc 0.90322 val_fmeasure0.90228 
08-07 17:31 root         DEBUG    - train_tools - MainProcess - epoch 76 loss 0.14463 acc 0.95946 fmeasure 0.96012 val_loss 0.26838 val_acc 0.89153 val_fmeasure0.88868 
08-07 17:37 root         DEBUG    - train_tools - MainProcess - epoch 77 loss 0.14391 acc 0.95959 fmeasure 0.96023 val_loss 0.28267 val_acc 0.88423 val_fmeasure0.87825 
08-07 17:44 root         DEBUG    - train_tools - MainProcess - epoch 78 loss 0.14278 acc 0.96003 fmeasure 0.96067 val_loss 0.24718 val_acc 0.91635 val_fmeasure0.92065 
08-07 17:51 root         DEBUG    - train_tools - MainProcess - epoch 79 loss 0.14321 acc 0.96004 fmeasure 0.96067 val_loss 0.26714 val_acc 0.89137 val_fmeasure0.88765 
08-07 17:57 root         DEBUG    - train_tools - MainProcess - epoch 80 loss 0.14228 acc 0.95987 fmeasure 0.96049 val_loss 0.23713 val_acc 0.91719 val_fmeasure0.92017 
08-07 18:04 root         DEBUG    - train_tools - MainProcess - epoch 81 loss 0.14290 acc 0.95967 fmeasure 0.96031 val_loss 0.23680 val_acc 0.91228 val_fmeasure0.91301 
08-07 18:11 root         DEBUG    - train_tools - MainProcess - epoch 82 loss 0.14260 acc 0.96002 fmeasure 0.96067 val_loss 0.24132 val_acc 0.91032 val_fmeasure0.91123 
08-07 18:17 root         DEBUG    - train_tools - MainProcess - epoch 83 loss 0.14174 acc 0.96023 fmeasure 0.96088 val_loss 0.29265 val_acc 0.88015 val_fmeasure0.87303 
08-07 18:24 root         DEBUG    - train_tools - MainProcess - epoch 84 loss 0.14113 acc 0.96016 fmeasure 0.96079 val_loss 0.24038 val_acc 0.91123 val_fmeasure0.91215 
08-07 18:31 root         DEBUG    - train_tools - MainProcess - epoch 85 loss 0.14111 acc 0.96012 fmeasure 0.96075 val_loss 0.24821 val_acc 0.90322 val_fmeasure0.90273 
08-07 18:37 root         DEBUG    - train_tools - MainProcess - epoch 86 loss 0.14152 acc 0.96022 fmeasure 0.96087 val_loss 0.23358 val_acc 0.91736 val_fmeasure0.92026 
08-07 18:44 root         DEBUG    - train_tools - MainProcess - epoch 87 loss 0.13962 acc 0.96103 fmeasure 0.96164 val_loss 0.23470 val_acc 0.91524 val_fmeasure0.91700 
08-07 18:51 root         DEBUG    - train_tools - MainProcess - epoch 88 loss 0.14029 acc 0.96055 fmeasure 0.96118 val_loss 0.24297 val_acc 0.90733 val_fmeasure0.90675 
08-07 18:57 root         DEBUG    - train_tools - MainProcess - epoch 89 loss 0.13978 acc 0.96074 fmeasure 0.96134 val_loss 0.23810 val_acc 0.91177 val_fmeasure0.91256 
08-07 19:04 root         DEBUG    - train_tools - MainProcess - epoch 90 loss 0.13952 acc 0.96081 fmeasure 0.96145 val_loss 0.24229 val_acc 0.90669 val_fmeasure0.90613 
08-07 19:11 root         DEBUG    - train_tools - MainProcess - epoch 91 loss 0.14014 acc 0.96062 fmeasure 0.96126 val_loss 0.24501 val_acc 0.90423 val_fmeasure0.90287 
08-07 19:17 root         DEBUG    - train_tools - MainProcess - epoch 92 loss 0.13980 acc 0.96049 fmeasure 0.96111 val_loss 0.23677 val_acc 0.91184 val_fmeasure0.91255 
08-07 19:24 root         DEBUG    - train_tools - MainProcess - epoch 93 loss 0.13956 acc 0.96084 fmeasure 0.96148 val_loss 0.29460 val_acc 0.87907 val_fmeasure0.87073 
08-07 19:31 root         DEBUG    - train_tools - MainProcess - epoch 94 loss 0.14155 acc 0.95977 fmeasure 0.96043 val_loss 0.24087 val_acc 0.90750 val_fmeasure0.90677 
08-07 19:37 root         DEBUG    - train_tools - MainProcess - epoch 95 loss 0.13844 acc 0.96095 fmeasure 0.96156 val_loss 0.26096 val_acc 0.89669 val_fmeasure0.89485 
08-07 19:44 root         DEBUG    - train_tools - MainProcess - epoch 96 loss 0.13832 acc 0.96075 fmeasure 0.96137 val_loss 0.26048 val_acc 0.89605 val_fmeasure0.89317 
08-07 19:51 root         DEBUG    - train_tools - MainProcess - epoch 97 loss 0.13846 acc 0.96084 fmeasure 0.96148 val_loss 0.24308 val_acc 0.90810 val_fmeasure0.90813 
08-07 19:57 root         DEBUG    - train_tools - MainProcess - epoch 98 loss 0.13882 acc 0.96101 fmeasure 0.96162 val_loss 0.23829 val_acc 0.90948 val_fmeasure0.90988 
08-07 20:04 root         DEBUG    - train_tools - MainProcess - epoch 99 loss 0.13850 acc 0.96084 fmeasure 0.96145 val_loss 0.26971 val_acc 0.88887 val_fmeasure0.88418 
08-07 20:11 root         DEBUG    - train_tools - MainProcess - epoch 100 loss 0.13759 acc 0.96074 fmeasure 0.96134 val_loss 0.23092 val_acc 0.91888 val_fmeasure0.92159 
08-07 20:17 root         DEBUG    - train_tools - MainProcess - epoch 101 loss 0.13889 acc 0.96027 fmeasure 0.96091 val_loss 0.23877 val_acc 0.91056 val_fmeasure0.91102 
08-07 20:24 root         DEBUG    - train_tools - MainProcess - epoch 102 loss 0.13588 acc 0.96193 fmeasure 0.96253 val_loss 0.23671 val_acc 0.91450 val_fmeasure0.91620 
08-07 20:31 root         DEBUG    - train_tools - MainProcess - epoch 103 loss 0.13791 acc 0.96087 fmeasure 0.96151 val_loss 0.24066 val_acc 0.90864 val_fmeasure0.90870 
08-07 20:37 root         DEBUG    - train_tools - MainProcess - epoch 104 loss 0.13606 acc 0.96132 fmeasure 0.96192 val_loss 0.23016 val_acc 0.91733 val_fmeasure0.91942 
08-07 20:44 root         DEBUG    - train_tools - MainProcess - epoch 105 loss 0.13728 acc 0.96095 fmeasure 0.96160 val_loss 0.23388 val_acc 0.91534 val_fmeasure0.91715 
08-07 20:51 root         DEBUG    - train_tools - MainProcess - epoch 106 loss 0.13660 acc 0.96133 fmeasure 0.96194 val_loss 0.23193 val_acc 0.91844 val_fmeasure0.92123 
08-07 20:58 root         DEBUG    - train_tools - MainProcess - epoch 107 loss 0.13746 acc 0.96100 fmeasure 0.96162 val_loss 0.24848 val_acc 0.90319 val_fmeasure0.90212 
08-07 21:04 root         DEBUG    - train_tools - MainProcess - epoch 108 loss 0.13685 acc 0.96078 fmeasure 0.96141 val_loss 0.23093 val_acc 0.91861 val_fmeasure0.92148 
08-07 21:11 root         DEBUG    - train_tools - MainProcess - epoch 109 loss 0.13669 acc 0.96073 fmeasure 0.96137 val_loss 0.23049 val_acc 0.91831 val_fmeasure0.92093 
08-07 21:18 root         DEBUG    - train_tools - MainProcess - epoch 110 loss 0.13571 acc 0.96147 fmeasure 0.96208 val_loss 0.23483 val_acc 0.91211 val_fmeasure0.91267 
08-07 21:24 root         DEBUG    - train_tools - MainProcess - epoch 111 loss 0.13575 acc 0.96124 fmeasure 0.96187 val_loss 0.25378 val_acc 0.90029 val_fmeasure0.89895 
08-07 21:31 root         DEBUG    - train_tools - MainProcess - epoch 112 loss 0.13545 acc 0.96162 fmeasure 0.96223 val_loss 0.23536 val_acc 0.91140 val_fmeasure0.91213 
08-07 21:38 root         DEBUG    - train_tools - MainProcess - epoch 113 loss 0.13557 acc 0.96118 fmeasure 0.96181 val_loss 0.24146 val_acc 0.90689 val_fmeasure0.90625 
08-07 21:44 root         DEBUG    - train_tools - MainProcess - epoch 114 loss 0.13592 acc 0.96107 fmeasure 0.96170 val_loss 0.27400 val_acc 0.88477 val_fmeasure0.87897 
08-07 21:51 root         DEBUG    - train_tools - MainProcess - epoch 115 loss 0.13485 acc 0.96176 fmeasure 0.96238 val_loss 0.22970 val_acc 0.91750 val_fmeasure0.91979 
08-07 21:58 root         DEBUG    - train_tools - MainProcess - epoch 116 loss 0.13464 acc 0.96156 fmeasure 0.96219 val_loss 0.24591 val_acc 0.90315 val_fmeasure0.90167 
08-07 22:05 root         DEBUG    - train_tools - MainProcess - epoch 117 loss 0.13420 acc 0.96208 fmeasure 0.96267 val_loss 0.25249 val_acc 0.89800 val_fmeasure0.89571 
08-07 22:11 root         DEBUG    - train_tools - MainProcess - epoch 118 loss 0.13449 acc 0.96166 fmeasure 0.96227 val_loss 0.22878 val_acc 0.91629 val_fmeasure0.91793 
08-07 22:18 root         DEBUG    - train_tools - MainProcess - epoch 119 loss 0.13485 acc 0.96158 fmeasure 0.96222 val_loss 0.31853 val_acc 0.86278 val_fmeasure0.85059 
08-07 22:25 root         DEBUG    - train_tools - MainProcess - epoch 120 loss 0.13481 acc 0.96160 fmeasure 0.96220 val_loss 0.23126 val_acc 0.91736 val_fmeasure0.91987 
08-07 22:31 root         DEBUG    - train_tools - MainProcess - epoch 121 loss 0.13332 acc 0.96207 fmeasure 0.96266 val_loss 0.23587 val_acc 0.91133 val_fmeasure0.91206 
08-07 22:38 root         DEBUG    - train_tools - MainProcess - epoch 122 loss 0.13369 acc 0.96213 fmeasure 0.96273 val_loss 0.24355 val_acc 0.90531 val_fmeasure0.90453 
08-07 22:45 root         DEBUG    - train_tools - MainProcess - epoch 123 loss 0.13460 acc 0.96172 fmeasure 0.96236 val_loss 0.27682 val_acc 0.88345 val_fmeasure0.87788 
08-07 22:52 root         DEBUG    - train_tools - MainProcess - epoch 124 loss 0.13282 acc 0.96208 fmeasure 0.96268 val_loss 0.23386 val_acc 0.91245 val_fmeasure0.91335 
08-07 22:58 root         DEBUG    - train_tools - MainProcess - epoch 125 loss 0.13274 acc 0.96226 fmeasure 0.96287 val_loss 0.27387 val_acc 0.88453 val_fmeasure0.87900 
08-07 23:05 root         DEBUG    - train_tools - MainProcess - epoch 126 loss 0.13333 acc 0.96172 fmeasure 0.96233 val_loss 0.22859 val_acc 0.91864 val_fmeasure0.92110 
08-07 23:11 root         DEBUG    - train_tools - MainProcess - epoch 127 loss 0.13125 acc 0.96260 fmeasure 0.96320 val_loss 0.23377 val_acc 0.91686 val_fmeasure0.91908 
08-07 23:18 root         DEBUG    - train_tools - MainProcess - epoch 128 loss 0.13309 acc 0.96187 fmeasure 0.96247 val_loss 0.23570 val_acc 0.91090 val_fmeasure0.91103 
08-07 23:25 root         DEBUG    - train_tools - MainProcess - epoch 129 loss 0.13299 acc 0.96176 fmeasure 0.96236 val_loss 0.23340 val_acc 0.91450 val_fmeasure0.91613 
08-07 23:31 root         DEBUG    - train_tools - MainProcess - epoch 130 loss 0.13270 acc 0.96192 fmeasure 0.96254 val_loss 0.24161 val_acc 0.91827 val_fmeasure0.92271 
08-07 23:38 root         DEBUG    - train_tools - MainProcess - epoch 131 loss 0.13248 acc 0.96200 fmeasure 0.96261 val_loss 0.23264 val_acc 0.91548 val_fmeasure0.91727 
08-07 23:45 root         DEBUG    - train_tools - MainProcess - epoch 132 loss 0.13256 acc 0.96200 fmeasure 0.96262 val_loss 0.25088 val_acc 0.90005 val_fmeasure0.89787 
08-07 23:51 root         DEBUG    - train_tools - MainProcess - epoch 133 loss 0.13246 acc 0.96179 fmeasure 0.96241 val_loss 0.29807 val_acc 0.87348 val_fmeasure0.86421 
08-07 23:58 root         DEBUG    - train_tools - MainProcess - epoch 134 loss 0.13173 acc 0.96236 fmeasure 0.96297 val_loss 0.23514 val_acc 0.91325 val_fmeasure0.91448 
08-08 00:05 root         DEBUG    - train_tools - MainProcess - epoch 135 loss 0.13114 acc 0.96271 fmeasure 0.96334 val_loss 0.23791 val_acc 0.91474 val_fmeasure0.91719 
08-08 00:11 root         DEBUG    - train_tools - MainProcess - epoch 136 loss 0.13128 acc 0.96236 fmeasure 0.96298 val_loss 0.23510 val_acc 0.91110 val_fmeasure0.91175 
08-08 00:18 root         DEBUG    - train_tools - MainProcess - epoch 137 loss 0.13135 acc 0.96237 fmeasure 0.96298 val_loss 0.22702 val_acc 0.91709 val_fmeasure0.91874 
08-08 00:25 root         DEBUG    - train_tools - MainProcess - epoch 138 loss 0.13025 acc 0.96298 fmeasure 0.96357 val_loss 0.24052 val_acc 0.90699 val_fmeasure0.90675 
08-08 00:32 root         DEBUG    - train_tools - MainProcess - epoch 139 loss 0.13032 acc 0.96254 fmeasure 0.96315 val_loss 0.24692 val_acc 0.90265 val_fmeasure0.90152 
08-08 00:38 root         DEBUG    - train_tools - MainProcess - epoch 140 loss 0.13170 acc 0.96232 fmeasure 0.96292 val_loss 0.24064 val_acc 0.90760 val_fmeasure0.90724 
08-08 00:45 root         DEBUG    - train_tools - MainProcess - epoch 141 loss 0.13032 acc 0.96245 fmeasure 0.96305 val_loss 0.24912 val_acc 0.90053 val_fmeasure0.89835 
08-08 00:52 root         DEBUG    - train_tools - MainProcess - epoch 142 loss 0.13090 acc 0.96236 fmeasure 0.96297 val_loss 0.22371 val_acc 0.92029 val_fmeasure0.92260 
08-08 00:59 root         DEBUG    - train_tools - MainProcess - epoch 143 loss 0.13021 acc 0.96271 fmeasure 0.96331 val_loss 0.24230 val_acc 0.90612 val_fmeasure0.90591 
08-08 01:05 root         DEBUG    - train_tools - MainProcess - epoch 144 loss 0.12975 acc 0.96297 fmeasure 0.96357 val_loss 0.23390 val_acc 0.91992 val_fmeasure0.92361 
08-08 01:12 root         DEBUG    - train_tools - MainProcess - epoch 145 loss 0.12923 acc 0.96301 fmeasure 0.96361 val_loss 0.24126 val_acc 0.90729 val_fmeasure0.90744 
08-08 01:18 root         DEBUG    - train_tools - MainProcess - epoch 146 loss 0.13055 acc 0.96212 fmeasure 0.96273 val_loss 0.25471 val_acc 0.89628 val_fmeasure0.89328 
08-08 01:25 root         DEBUG    - train_tools - MainProcess - epoch 147 loss 0.13125 acc 0.96208 fmeasure 0.96272 val_loss 0.23623 val_acc 0.91150 val_fmeasure0.91260 
08-08 01:32 root         DEBUG    - train_tools - MainProcess - epoch 148 loss 0.13010 acc 0.96285 fmeasure 0.96348 val_loss 0.24382 val_acc 0.90770 val_fmeasure0.90813 
08-08 01:38 root         DEBUG    - train_tools - MainProcess - epoch 149 loss 0.12954 acc 0.96263 fmeasure 0.96323 val_loss 0.23289 val_acc 0.91278 val_fmeasure0.91353 
08-08 01:45 root         DEBUG    - train_tools - MainProcess - epoch 150 loss 0.12980 acc 0.96260 fmeasure 0.96320 val_loss 0.22417 val_acc 0.91750 val_fmeasure0.91905 
08-08 01:52 root         DEBUG    - train_tools - MainProcess - epoch 151 loss 0.12930 acc 0.96315 fmeasure 0.96374 val_loss 0.23992 val_acc 0.90729 val_fmeasure0.90703 
08-08 01:59 root         DEBUG    - train_tools - MainProcess - epoch 152 loss 0.12938 acc 0.96280 fmeasure 0.96341 val_loss 0.25770 val_acc 0.89574 val_fmeasure0.89294 
08-08 02:05 root         DEBUG    - train_tools - MainProcess - epoch 153 loss 0.12922 acc 0.96259 fmeasure 0.96320 val_loss 0.30700 val_acc 0.87079 val_fmeasure0.85961 
08-08 02:12 root         DEBUG    - train_tools - MainProcess - epoch 154 loss 0.12916 acc 0.96282 fmeasure 0.96343 val_loss 0.23278 val_acc 0.91204 val_fmeasure0.91240 
08-08 02:19 root         DEBUG    - train_tools - MainProcess - epoch 155 loss 0.12876 acc 0.96319 fmeasure 0.96376 val_loss 0.27762 val_acc 0.88197 val_fmeasure0.87543 
08-08 02:25 root         DEBUG    - train_tools - MainProcess - epoch 156 loss 0.12974 acc 0.96239 fmeasure 0.96301 val_loss 0.25726 val_acc 0.89692 val_fmeasure0.89418 
08-08 02:32 root         DEBUG    - train_tools - MainProcess - epoch 157 loss 0.12758 acc 0.96306 fmeasure 0.96364 val_loss 0.23989 val_acc 0.90669 val_fmeasure0.90629 
08-08 02:32 root         INFO     - train_tools - MainProcess - loading previous weights
08-08 02:32 root         INFO     - train_tools - MainProcess - 
Epoch 157: reducing learning rate from  0.00999999977648 to 0.00799999982119
08-08 02:39 root         DEBUG    - train_tools - MainProcess - epoch 158 loss 0.12854 acc 0.96323 fmeasure 0.96383 val_loss 0.24061 val_acc 0.90834 val_fmeasure0.90795 
08-08 02:45 root         DEBUG    - train_tools - MainProcess - epoch 159 loss 0.12914 acc 0.96236 fmeasure 0.96296 val_loss 0.23368 val_acc 0.91325 val_fmeasure0.91445 
08-08 02:52 root         DEBUG    - train_tools - MainProcess - epoch 160 loss 0.12988 acc 0.96263 fmeasure 0.96324 val_loss 0.24891 val_acc 0.90164 val_fmeasure0.90031 
08-08 02:59 root         DEBUG    - train_tools - MainProcess - epoch 161 loss 0.13004 acc 0.96252 fmeasure 0.96312 val_loss 0.23075 val_acc 0.91494 val_fmeasure0.91621 
08-08 03:05 root         DEBUG    - train_tools - MainProcess - epoch 162 loss 0.12860 acc 0.96317 fmeasure 0.96375 val_loss 0.25184 val_acc 0.89962 val_fmeasure0.89783 
08-08 03:12 root         DEBUG    - train_tools - MainProcess - epoch 163 loss 0.12897 acc 0.96280 fmeasure 0.96339 val_loss 0.23311 val_acc 0.91295 val_fmeasure0.91393 
08-08 03:19 root         DEBUG    - train_tools - MainProcess - epoch 164 loss 0.12888 acc 0.96315 fmeasure 0.96374 val_loss 0.27429 val_acc 0.88413 val_fmeasure0.87817 
08-08 03:25 root         DEBUG    - train_tools - MainProcess - epoch 165 loss 0.12887 acc 0.96275 fmeasure 0.96335 val_loss 0.24140 val_acc 0.90598 val_fmeasure0.90561 
08-08 03:32 root         DEBUG    - train_tools - MainProcess - epoch 166 loss 0.12835 acc 0.96276 fmeasure 0.96334 val_loss 0.23451 val_acc 0.91140 val_fmeasure0.91171 
08-08 03:39 root         DEBUG    - train_tools - MainProcess - epoch 167 loss 0.12860 acc 0.96313 fmeasure 0.96373 val_loss 0.25103 val_acc 0.90015 val_fmeasure0.89805 
08-08 03:45 root         DEBUG    - train_tools - MainProcess - epoch 168 loss 0.12925 acc 0.96264 fmeasure 0.96324 val_loss 0.23091 val_acc 0.91507 val_fmeasure0.91633 
08-08 03:52 root         DEBUG    - train_tools - MainProcess - epoch 169 loss 0.12809 acc 0.96321 fmeasure 0.96379 val_loss 0.24206 val_acc 0.90635 val_fmeasure0.90580 
08-08 03:59 root         DEBUG    - train_tools - MainProcess - epoch 170 loss 0.12945 acc 0.96277 fmeasure 0.96340 val_loss 0.23476 val_acc 0.91214 val_fmeasure0.91302 
08-08 04:05 root         DEBUG    - train_tools - MainProcess - epoch 171 loss 0.12732 acc 0.96313 fmeasure 0.96370 val_loss 0.23740 val_acc 0.91019 val_fmeasure0.91097 
08-08 04:12 root         DEBUG    - train_tools - MainProcess - epoch 172 loss 0.12880 acc 0.96280 fmeasure 0.96340 val_loss 0.22546 val_acc 0.91642 val_fmeasure0.91789 
08-08 04:12 root         INFO     - train_tools - MainProcess - loading previous weights
08-08 04:12 root         INFO     - train_tools - MainProcess - 
Epoch 172: reducing learning rate from  0.00799999944866 to 0.00639999955893
08-08 04:19 root         DEBUG    - train_tools - MainProcess - epoch 173 loss 0.12978 acc 0.96261 fmeasure 0.96322 val_loss 0.27479 val_acc 0.88450 val_fmeasure0.87905 
08-08 04:26 root         DEBUG    - train_tools - MainProcess - epoch 174 loss 0.12984 acc 0.96268 fmeasure 0.96330 val_loss 0.23288 val_acc 0.91282 val_fmeasure0.91424 
08-08 04:32 root         DEBUG    - train_tools - MainProcess - epoch 175 loss 0.12877 acc 0.96290 fmeasure 0.96350 val_loss 0.23192 val_acc 0.91686 val_fmeasure0.91920 
08-08 04:39 root         DEBUG    - train_tools - MainProcess - epoch 176 loss 0.12771 acc 0.96333 fmeasure 0.96391 val_loss 0.24917 val_acc 0.89992 val_fmeasure0.89773 
08-08 04:46 root         DEBUG    - train_tools - MainProcess - epoch 177 loss 0.12783 acc 0.96341 fmeasure 0.96400 val_loss 0.23402 val_acc 0.91127 val_fmeasure0.91182 
08-08 04:52 root         DEBUG    - train_tools - MainProcess - epoch 178 loss 0.12832 acc 0.96318 fmeasure 0.96377 val_loss 0.23277 val_acc 0.91218 val_fmeasure0.91288 
08-08 04:59 root         DEBUG    - train_tools - MainProcess - epoch 179 loss 0.12939 acc 0.96243 fmeasure 0.96303 val_loss 0.23202 val_acc 0.91453 val_fmeasure0.91600 
08-08 05:06 root         DEBUG    - train_tools - MainProcess - epoch 180 loss 0.12790 acc 0.96322 fmeasure 0.96379 val_loss 0.23484 val_acc 0.91164 val_fmeasure0.91208 
08-08 05:12 root         DEBUG    - train_tools - MainProcess - epoch 181 loss 0.12864 acc 0.96300 fmeasure 0.96357 val_loss 0.24801 val_acc 0.90197 val_fmeasure0.90029 
08-08 05:19 root         DEBUG    - train_tools - MainProcess - epoch 182 loss 0.12837 acc 0.96303 fmeasure 0.96362 val_loss 0.23271 val_acc 0.91272 val_fmeasure0.91344 
08-08 05:26 root         DEBUG    - train_tools - MainProcess - epoch 183 loss 0.12855 acc 0.96319 fmeasure 0.96380 val_loss 0.24697 val_acc 0.90443 val_fmeasure0.90368 
08-08 05:32 root         DEBUG    - train_tools - MainProcess - epoch 184 loss 0.12906 acc 0.96242 fmeasure 0.96303 val_loss 0.25241 val_acc 0.89985 val_fmeasure0.89797 
08-08 05:39 root         DEBUG    - train_tools - MainProcess - epoch 185 loss 0.12726 acc 0.96339 fmeasure 0.96397 val_loss 0.25293 val_acc 0.89968 val_fmeasure0.89736 
08-08 05:46 root         DEBUG    - train_tools - MainProcess - epoch 186 loss 0.12864 acc 0.96302 fmeasure 0.96361 val_loss 0.24326 val_acc 0.90642 val_fmeasure0.90580 
08-08 05:52 root         DEBUG    - train_tools - MainProcess - epoch 187 loss 0.12799 acc 0.96319 fmeasure 0.96378 val_loss 0.22705 val_acc 0.91750 val_fmeasure0.91989 
08-08 05:52 root         INFO     - train_tools - MainProcess - loading previous weights
08-08 05:52 root         INFO     - train_tools - MainProcess - 
Epoch 187: reducing learning rate from  0.00639999937266 to 0.00511999949813
08-08 05:59 root         DEBUG    - train_tools - MainProcess - epoch 188 loss 0.12903 acc 0.96259 fmeasure 0.96320 val_loss 0.24170 val_acc 0.90524 val_fmeasure0.90438 
08-08 06:06 root         DEBUG    - train_tools - MainProcess - epoch 189 loss 0.12806 acc 0.96348 fmeasure 0.96406 val_loss 0.23100 val_acc 0.91373 val_fmeasure0.91496 
08-08 06:12 root         DEBUG    - train_tools - MainProcess - epoch 190 loss 0.12882 acc 0.96279 fmeasure 0.96339 val_loss 0.23476 val_acc 0.91130 val_fmeasure0.91196 
08-08 06:19 root         DEBUG    - train_tools - MainProcess - epoch 191 loss 0.12803 acc 0.96321 fmeasure 0.96379 val_loss 0.23573 val_acc 0.90995 val_fmeasure0.91027 
08-08 06:26 root         DEBUG    - train_tools - MainProcess - epoch 192 loss 0.12892 acc 0.96292 fmeasure 0.96351 val_loss 0.23485 val_acc 0.91110 val_fmeasure0.91157 
08-08 06:32 root         DEBUG    - train_tools - MainProcess - epoch 193 loss 0.12791 acc 0.96343 fmeasure 0.96401 val_loss 0.23784 val_acc 0.90861 val_fmeasure0.90831 
08-08 06:39 root         DEBUG    - train_tools - MainProcess - epoch 194 loss 0.12791 acc 0.96333 fmeasure 0.96391 val_loss 0.23851 val_acc 0.90716 val_fmeasure0.90660 
08-08 06:46 root         DEBUG    - train_tools - MainProcess - epoch 195 loss 0.12760 acc 0.96359 fmeasure 0.96416 val_loss 0.22623 val_acc 0.91743 val_fmeasure0.91933 
08-08 06:46 root         INFO     - train_proccesses - MainProcess - finished
08-08 06:46 root         INFO     - train_multimodel - MainProcess - TRAIN: [(1, 1), (1, 2), (1, 3), (1, 4), (3, 1), (3, 2), (3, 3), (3, 4), (3, 5), (4, 1), (4, 2), (4, 3), (4, 4)] VAL: [(5, 1), (5, 2), (5, 3), (5, 4)] , TEST: 2
08-08 06:46 root         INFO     - train_multimodel - MainProcess - training model test_2
08-08 06:46 root         DEBUG    - train_multimodel - MainProcess - creating train & val generators
08-08 06:46 root         DEBUG    - train_proccesses - random_batch_indexes - start random_batch_indexes
08-08 06:46 root         DEBUG    - train_proccesses - collect_batch - start collect_batch
08-08 06:46 root         DEBUG    - train_proccesses - MainProcess - start batch generator
08-08 06:47 root         INFO     - train_proccesses - MainProcess - finished
08-08 06:47 root         INFO     - train_multimodel - MainProcess - training combined model
08-08 06:47 root         DEBUG    - train_proccesses - random_batch_indexes - start random_batch_indexes
08-08 06:47 root         DEBUG    - train_proccesses - collect_batch - start collect_batch
08-08 06:48 root         DEBUG    - train_proccesses - MainProcess - start batch generator
